debuggroup summary 0.12s welcome to circos v0.67-7 16 Mar 2015 on Perl 5.014002
debuggroup summary 0.12s loading configuration from file circos.conf
debuggroup summary 0.12s found conf file circos.conf
debuggroup summary 0.36s debug will appear for these features: summary,timer
debuggroup summary 0.36s bitmap output image ./circos.png
debuggroup summary 0.36s SVG output image ./circos.svg
debuggroup summary 0.37s parsing karyotype and organizing ideograms
debuggroup summary 0.37s karyotype has 7 chromosomes of total size 5,193,228
debuggroup summary 0.37s applying global and local scaling
debuggroup summary 0.38s allocating image, colors and brushes
debuggroup summary 1.03s drawing 7 ideograms of total size 5,193,228
debuggroup summary 1.03s drawing highlights and ideograms
debuggroup summary 1.03s found conf file /mnt/home/soft/circos/programs/x86_64/0.67-7/bin/../etc/tracks/highlight.bg.conf
debuggroup summary 1.03s process track_0 highlight /mnt/home/users/pab_001_uma/oliastencio/micro_lab3/shewanella_genomes_paper/result/reasig_Pdp11/e_Shewanella_putrefaciens_SH9_micro13/GCF_005234075.1_ASM523407v1_genomic/circos/circos.highlight.txt
debuggroup summary 1.31s found conf file /mnt/home/soft/circos/programs/x86_64/0.67-7/bin/../etc/tracks/link.conf
debuggroup summary 1.31s process track_0 link /mnt/home/users/pab_001_uma/oliastencio/micro_lab3/shewanella_genomes_paper/result/reasig_Pdp11/e_Shewanella_putrefaciens_SH9_micro13/GCF_005234075.1_ASM523407v1_genomic/circos/circos.segdup.txt
debuggroup summary 1.33s drawing link track_0 z 0
debuggroup timer 2.11s report circos 1.996 s
debuggroup timer 2.11s report color 0.536 s
debuggroup timer 2.11s report colorcache 0.007 s
debuggroup timer 2.11s report colordefinitions 0.135 s
debuggroup timer 2.11s report colorfetch 0.008 s
debuggroup timer 2.11s report colorlists 0.016 s
debuggroup timer 2.11s report colorlookups 0.008 s
debuggroup timer 2.11s report colortransparency 0.276 s
debuggroup timer 2.11s report dataparams 0.003 s
debuggroup timer 2.11s report datarules 0.000 s
debuggroup timer 2.11s report graphic_png_polygon 0.021 s
debuggroup timer 2.11s report graphic_slice 0.041 s
debuggroup timer 2.11s report graphic_slice_polygon_coord 0.010 s
debuggroup timer 2.11s report graphic_slice_polygon_svg 0.005 s
debuggroup timer 2.11s report graphic_slice_preprocess 0.004 s
debuggroup timer 2.11s report highlights 0.007 s
debuggroup timer 2.11s report ideograms_draw 0.275 s
debuggroup timer 2.11s report ideograms_processing 0.003 s
debuggroup timer 2.11s report ideograms_ticks_draw 0.197 s
debuggroup timer 2.11s report ideograms_zoom 0.003 s
debuggroup timer 2.11s report io 0.012 s
debuggroup timer 2.11s report karyotype 0.002 s
debuggroup timer 2.11s report parameter_seek 0.037 s
debuggroup timer 2.11s report unitconvert 0.002 s
debuggroup timer 2.11s report unitconvert_decision 0.000 s
debuggroup timer 2.11s report unitconvert_delegate 0.001 s
debuggroup timer 2.11s report unitparse 0.006 s
