debuggroup summary 0.12s welcome to circos v0.67-7 16 Mar 2015 on Perl 5.014002
debuggroup summary 0.12s loading configuration from file circos.conf
debuggroup summary 0.12s found conf file circos.conf
debuggroup summary 0.39s debug will appear for these features: summary,timer
debuggroup summary 0.39s bitmap output image ./circos.png
debuggroup summary 0.39s SVG output image ./circos.svg
debuggroup summary 0.39s parsing karyotype and organizing ideograms
debuggroup summary 0.40s karyotype has 24 chromosomes of total size 10,280,481
debuggroup summary 0.40s applying global and local scaling
debuggroup summary 0.42s allocating image, colors and brushes
debuggroup summary 1.07s drawing 24 ideograms of total size 10,280,481
debuggroup summary 1.07s drawing highlights and ideograms
debuggroup summary 1.07s found conf file /mnt/home/soft/circos/programs/x86_64/0.67-7/bin/../etc/tracks/highlight.bg.conf
debuggroup summary 1.08s process track_0 highlight /mnt/home/users/pab_001_uma/oliastencio/micro_lab3/shewanella_genomes_paper/result/reasig_Pdp11/e_Shewanella_putrefaciens_SH16_micro22/GCF_000178875.2_ASM17887v2_genomic/circos/circos.highlight.txt
debuggroup summary 1.76s found conf file /mnt/home/soft/circos/programs/x86_64/0.67-7/bin/../etc/tracks/link.conf
debuggroup summary 1.76s process track_0 link /mnt/home/users/pab_001_uma/oliastencio/micro_lab3/shewanella_genomes_paper/result/reasig_Pdp11/e_Shewanella_putrefaciens_SH16_micro22/GCF_000178875.2_ASM17887v2_genomic/circos/circos.segdup.txt
debuggroup summary 1.80s drawing link track_0 z 0
debuggroup timer 3.10s report circos 2.976 s
debuggroup timer 3.10s report color 0.536 s
debuggroup timer 3.10s report colorcache 0.007 s
debuggroup timer 3.10s report colordefinitions 0.135 s
debuggroup timer 3.10s report colorfetch 0.018 s
debuggroup timer 3.10s report colorlists 0.017 s
debuggroup timer 3.10s report colorlookups 0.008 s
debuggroup timer 3.10s report colortransparency 0.274 s
debuggroup timer 3.10s report dataparams 0.014 s
debuggroup timer 3.10s report datarules 0.000 s
debuggroup timer 3.10s report graphic_png_polygon 0.044 s
debuggroup timer 3.10s report graphic_slice 0.113 s
debuggroup timer 3.10s report graphic_slice_polygon_coord 0.021 s
debuggroup timer 3.10s report graphic_slice_polygon_svg 0.026 s
debuggroup timer 3.10s report graphic_slice_preprocess 0.020 s
debuggroup timer 3.10s report highlights 0.025 s
debuggroup timer 3.10s report ideograms_draw 0.657 s
debuggroup timer 3.10s report ideograms_processing 0.008 s
debuggroup timer 3.10s report ideograms_ticks_draw 0.406 s
debuggroup timer 3.10s report ideograms_zoom 0.009 s
debuggroup timer 3.10s report io 0.038 s
debuggroup timer 3.10s report karyotype 0.005 s
debuggroup timer 3.10s report parameter_seek 0.091 s
debuggroup timer 3.10s report unitconvert 0.002 s
debuggroup timer 3.10s report unitconvert_decision 0.000 s
debuggroup timer 3.10s report unitconvert_delegate 0.001 s
debuggroup timer 3.10s report unitparse 0.019 s
