debuggroup summary 0.12s welcome to circos v0.67-7 16 Mar 2015 on Perl 5.014002
debuggroup summary 0.12s loading configuration from file circos.conf
debuggroup summary 0.12s found conf file circos.conf
debuggroup summary 0.36s debug will appear for these features: summary,timer
debuggroup summary 0.36s bitmap output image ./circos.png
debuggroup summary 0.36s SVG output image ./circos.svg
debuggroup summary 0.37s parsing karyotype and organizing ideograms
debuggroup summary 0.37s karyotype has 36 chromosomes of total size 10,322,115
debuggroup summary 0.39s applying global and local scaling
debuggroup summary 0.40s allocating image, colors and brushes
debuggroup summary 1.05s drawing 36 ideograms of total size 10,322,115
debuggroup summary 1.05s drawing highlights and ideograms
debuggroup summary 1.05s found conf file /mnt/home/soft/circos/programs/x86_64/0.67-7/bin/../etc/tracks/highlight.bg.conf
debuggroup summary 1.06s process track_0 highlight /mnt/home/users/pab_001_uma/oliastencio/micro_lab3/shewanella_genomes_paper/result/reasig_Pdp11/e_Shewanella_putrefaciens_SH9_micro13/GCF_000021665.1_ASM2166v1_genomic/circos/circos.highlight.txt
debuggroup summary 1.81s found conf file /mnt/home/soft/circos/programs/x86_64/0.67-7/bin/../etc/tracks/link.conf
debuggroup summary 1.82s process track_0 link /mnt/home/users/pab_001_uma/oliastencio/micro_lab3/shewanella_genomes_paper/result/reasig_Pdp11/e_Shewanella_putrefaciens_SH9_micro13/GCF_000021665.1_ASM2166v1_genomic/circos/circos.segdup.txt
debuggroup summary 1.85s drawing link track_0 z 0
debuggroup timer 3.09s report circos 2.968 s
debuggroup timer 3.09s report color 0.535 s
debuggroup timer 3.09s report colorcache 0.007 s
debuggroup timer 3.09s report colordefinitions 0.134 s
debuggroup timer 3.09s report colorfetch 0.018 s
debuggroup timer 3.09s report colorlists 0.018 s
debuggroup timer 3.09s report colorlookups 0.008 s
debuggroup timer 3.09s report colortransparency 0.276 s
debuggroup timer 3.09s report dataparams 0.011 s
debuggroup timer 3.09s report datarules 0.000 s
debuggroup timer 3.09s report graphic_png_polygon 0.047 s
debuggroup timer 3.09s report graphic_slice 0.126 s
debuggroup timer 3.09s report graphic_slice_polygon_coord 0.021 s
debuggroup timer 3.09s report graphic_slice_polygon_svg 0.030 s
debuggroup timer 3.09s report graphic_slice_preprocess 0.025 s
debuggroup timer 3.09s report highlights 0.026 s
debuggroup timer 3.09s report ideograms_draw 0.732 s
debuggroup timer 3.09s report ideograms_processing 0.013 s
debuggroup timer 3.09s report ideograms_ticks_draw 0.415 s
debuggroup timer 3.09s report ideograms_zoom 0.013 s
debuggroup timer 3.09s report io 0.038 s
debuggroup timer 3.09s report karyotype 0.007 s
debuggroup timer 3.09s report parameter_seek 0.095 s
debuggroup timer 3.09s report unitconvert 0.002 s
debuggroup timer 3.09s report unitconvert_decision 0.000 s
debuggroup timer 3.09s report unitconvert_delegate 0.001 s
debuggroup timer 3.09s report unitparse 0.025 s
