debuggroup summary 0.12s welcome to circos v0.67-7 16 Mar 2015 on Perl 5.014002
debuggroup summary 0.12s loading configuration from file circos.conf
debuggroup summary 0.12s found conf file circos.conf
debuggroup summary 0.36s debug will appear for these features: summary,timer
debuggroup summary 0.37s bitmap output image ./circos.png
debuggroup summary 0.37s SVG output image ./circos.svg
debuggroup summary 0.37s parsing karyotype and organizing ideograms
debuggroup summary 0.38s karyotype has 42 chromosomes of total size 9,284,674
debuggroup summary 0.39s applying global and local scaling
debuggroup summary 0.41s allocating image, colors and brushes
debuggroup summary 1.08s drawing 42 ideograms of total size 9,284,674
debuggroup summary 1.08s drawing highlights and ideograms
debuggroup summary 1.08s found conf file /mnt/home/soft/circos/programs/x86_64/0.67-7/bin/../etc/tracks/highlight.bg.conf
debuggroup summary 1.08s process track_0 highlight /mnt/home/users/pab_001_uma/oliastencio/micro_lab3/shewanella_genomes_paper/result/reasig_Pdp11/e_Shewanella_putrefaciens_SH6_micro12/e_Shewanella_putrefaciens_SdM2/circos/circos.highlight.txt
debuggroup summary 1.81s found conf file /mnt/home/soft/circos/programs/x86_64/0.67-7/bin/../etc/tracks/link.conf
debuggroup summary 1.81s process track_0 link /mnt/home/users/pab_001_uma/oliastencio/micro_lab3/shewanella_genomes_paper/result/reasig_Pdp11/e_Shewanella_putrefaciens_SH6_micro12/e_Shewanella_putrefaciens_SdM2/circos/circos.segdup.txt
debuggroup summary 1.83s drawing link track_0 z 0
debuggroup timer 2.77s report circos 2.649 s
debuggroup timer 2.77s report color 0.554 s
debuggroup timer 2.77s report colorcache 0.007 s
debuggroup timer 2.77s report colordefinitions 0.148 s
debuggroup timer 2.77s report colorfetch 0.015 s
debuggroup timer 2.77s report colorlists 0.018 s
debuggroup timer 2.77s report colorlookups 0.008 s
debuggroup timer 2.77s report colortransparency 0.280 s
debuggroup timer 2.77s report dataparams 0.009 s
debuggroup timer 2.77s report datarules 0.000 s
debuggroup timer 2.77s report graphic_png_polygon 0.039 s
debuggroup timer 2.77s report graphic_slice 0.113 s
debuggroup timer 2.77s report graphic_slice_polygon_coord 0.017 s
debuggroup timer 2.77s report graphic_slice_polygon_svg 0.029 s
debuggroup timer 2.77s report graphic_slice_preprocess 0.023 s
debuggroup timer 2.77s report highlights 0.026 s
debuggroup timer 2.77s report ideograms_draw 0.699 s
debuggroup timer 2.77s report ideograms_processing 0.016 s
debuggroup timer 2.77s report ideograms_ticks_draw 0.389 s
debuggroup timer 2.77s report ideograms_zoom 0.015 s
debuggroup timer 2.77s report io 0.027 s
debuggroup timer 2.77s report karyotype 0.008 s
debuggroup timer 2.77s report parameter_seek 0.084 s
debuggroup timer 2.77s report unitconvert 0.002 s
debuggroup timer 2.77s report unitconvert_decision 0.000 s
debuggroup timer 2.77s report unitconvert_delegate 0.001 s
debuggroup timer 2.77s report unitparse 0.025 s
