debuggroup summary 0.12s welcome to circos v0.67-7 16 Mar 2015 on Perl 5.014002
debuggroup summary 0.12s loading configuration from file circos.conf
debuggroup summary 0.12s found conf file circos.conf
debuggroup summary 0.37s debug will appear for these features: summary,timer
debuggroup summary 0.37s bitmap output image ./circos.png
debuggroup summary 0.37s SVG output image ./circos.svg
debuggroup summary 0.38s parsing karyotype and organizing ideograms
debuggroup summary 0.38s karyotype has 6 chromosomes of total size 4,932,933
debuggroup summary 0.38s applying global and local scaling
debuggroup summary 0.39s allocating image, colors and brushes
debuggroup summary 1.05s drawing 6 ideograms of total size 4,932,933
debuggroup summary 1.05s drawing highlights and ideograms
debuggroup summary 1.05s found conf file /mnt/home/soft/circos/programs/x86_64/0.67-7/bin/../etc/tracks/highlight.bg.conf
debuggroup summary 1.05s process track_0 highlight /mnt/home/users/pab_001_uma/oliastencio/micro_lab3/shewanella_genomes_paper/result/reasig_Pdp11/e_Shewanella_putrefaciens_SdM1/GCF_006385555.1_ASM638555v1_genomic/circos/circos.highlight.txt
debuggroup summary 1.31s found conf file /mnt/home/soft/circos/programs/x86_64/0.67-7/bin/../etc/tracks/link.conf
debuggroup summary 1.31s process track_0 link /mnt/home/users/pab_001_uma/oliastencio/micro_lab3/shewanella_genomes_paper/result/reasig_Pdp11/e_Shewanella_putrefaciens_SdM1/GCF_006385555.1_ASM638555v1_genomic/circos/circos.segdup.txt
debuggroup summary 1.33s drawing link track_0 z 0
debuggroup timer 2.06s report circos 1.940 s
debuggroup timer 2.06s report color 0.540 s
debuggroup timer 2.06s report colorcache 0.007 s
debuggroup timer 2.06s report colordefinitions 0.136 s
debuggroup timer 2.06s report colorfetch 0.007 s
debuggroup timer 2.06s report colorlists 0.017 s
debuggroup timer 2.06s report colorlookups 0.008 s
debuggroup timer 2.06s report colortransparency 0.278 s
debuggroup timer 2.06s report dataparams 0.003 s
debuggroup timer 2.06s report datarules 0.000 s
debuggroup timer 2.06s report graphic_png_polygon 0.020 s
debuggroup timer 2.06s report graphic_slice 0.038 s
debuggroup timer 2.06s report graphic_slice_polygon_coord 0.010 s
debuggroup timer 2.06s report graphic_slice_polygon_svg 0.004 s
debuggroup timer 2.06s report graphic_slice_preprocess 0.003 s
debuggroup timer 2.06s report highlights 0.006 s
debuggroup timer 2.06s report ideograms_draw 0.256 s
debuggroup timer 2.06s report ideograms_processing 0.002 s
debuggroup timer 2.06s report ideograms_ticks_draw 0.192 s
debuggroup timer 2.06s report ideograms_zoom 0.003 s
debuggroup timer 2.06s report io 0.010 s
debuggroup timer 2.06s report karyotype 0.002 s
debuggroup timer 2.06s report parameter_seek 0.034 s
debuggroup timer 2.06s report unitconvert 0.002 s
debuggroup timer 2.06s report unitconvert_decision 0.000 s
debuggroup timer 2.06s report unitconvert_delegate 0.001 s
debuggroup timer 2.06s report unitparse 0.005 s
