debuggroup summary 0.12s welcome to circos v0.67-7 16 Mar 2015 on Perl 5.014002
debuggroup summary 0.12s loading configuration from file circos.conf
debuggroup summary 0.12s found conf file circos.conf
debuggroup summary 0.36s debug will appear for these features: summary,timer
debuggroup summary 0.36s bitmap output image ./circos.png
debuggroup summary 0.36s SVG output image ./circos.svg
debuggroup summary 0.36s parsing karyotype and organizing ideograms
debuggroup summary 0.37s karyotype has 31 chromosomes of total size 9,740,709
debuggroup summary 0.38s applying global and local scaling
debuggroup summary 0.40s allocating image, colors and brushes
debuggroup summary 1.05s drawing 31 ideograms of total size 9,740,709
debuggroup summary 1.05s drawing highlights and ideograms
debuggroup summary 1.05s found conf file /mnt/home/soft/circos/programs/x86_64/0.67-7/bin/../etc/tracks/highlight.bg.conf
debuggroup summary 1.05s process track_0 highlight /mnt/home/users/pab_001_uma/oliastencio/micro_lab3/shewanella_genomes_paper/result/reasig_Pdp11/e_Shewanella_putrefaciens_SH4_micro9/GCF_000146165.2_ASM14616v2_genomic/circos/circos.highlight.txt
debuggroup summary 1.72s found conf file /mnt/home/soft/circos/programs/x86_64/0.67-7/bin/../etc/tracks/link.conf
debuggroup summary 1.72s process track_0 link /mnt/home/users/pab_001_uma/oliastencio/micro_lab3/shewanella_genomes_paper/result/reasig_Pdp11/e_Shewanella_putrefaciens_SH4_micro9/GCF_000146165.2_ASM14616v2_genomic/circos/circos.segdup.txt
debuggroup summary 1.75s drawing link track_0 z 0
debuggroup timer 2.90s report circos 2.787 s
debuggroup timer 2.90s report color 0.538 s
debuggroup timer 2.90s report colorcache 0.007 s
debuggroup timer 2.90s report colordefinitions 0.134 s
debuggroup timer 2.90s report colorfetch 0.016 s
debuggroup timer 2.90s report colorlists 0.018 s
debuggroup timer 2.90s report colorlookups 0.008 s
debuggroup timer 2.90s report colortransparency 0.278 s
debuggroup timer 2.90s report dataparams 0.010 s
debuggroup timer 2.90s report datarules 0.000 s
debuggroup timer 2.90s report graphic_png_polygon 0.039 s
debuggroup timer 2.90s report graphic_slice 0.106 s
debuggroup timer 2.90s report graphic_slice_polygon_coord 0.018 s
debuggroup timer 2.90s report graphic_slice_polygon_svg 0.025 s
debuggroup timer 2.90s report graphic_slice_preprocess 0.019 s
debuggroup timer 2.90s report highlights 0.023 s
debuggroup timer 2.90s report ideograms_draw 0.642 s
debuggroup timer 2.90s report ideograms_processing 0.011 s
debuggroup timer 2.90s report ideograms_ticks_draw 0.389 s
debuggroup timer 2.91s report ideograms_zoom 0.011 s
debuggroup timer 2.91s report io 0.033 s
debuggroup timer 2.91s report karyotype 0.006 s
debuggroup timer 2.91s report parameter_seek 0.086 s
debuggroup timer 2.91s report unitconvert 0.002 s
debuggroup timer 2.91s report unitconvert_decision 0.000 s
debuggroup timer 2.91s report unitconvert_delegate 0.001 s
debuggroup timer 2.91s report unitparse 0.022 s
