debuggroup summary 0.12s welcome to circos v0.67-7 16 Mar 2015 on Perl 5.014002
debuggroup summary 0.12s loading configuration from file circos.conf
debuggroup summary 0.12s found conf file circos.conf
debuggroup summary 0.36s debug will appear for these features: summary,timer
debuggroup summary 0.36s bitmap output image ./circos.png
debuggroup summary 0.36s SVG output image ./circos.svg
debuggroup summary 0.37s parsing karyotype and organizing ideograms
debuggroup summary 0.37s karyotype has 12 chromosomes of total size 6,693,401
debuggroup summary 0.37s applying global and local scaling
debuggroup summary 0.38s allocating image, colors and brushes
debuggroup summary 1.03s drawing 12 ideograms of total size 6,693,401
debuggroup summary 1.03s drawing highlights and ideograms
debuggroup summary 1.03s found conf file /mnt/home/soft/circos/programs/x86_64/0.67-7/bin/../etc/tracks/highlight.bg.conf
debuggroup summary 1.03s process track_0 highlight /mnt/home/users/pab_001_uma/oliastencio/micro_lab3/shewanella_genomes_paper/result/reasig_Pdp11/e_Shewanella_putrefaciens_SH12_micro1/GCF_000016585.1_ASM1658v1_genomic/circos/circos.highlight.txt
debuggroup summary 1.40s found conf file /mnt/home/soft/circos/programs/x86_64/0.67-7/bin/../etc/tracks/link.conf
debuggroup summary 1.40s process track_0 link /mnt/home/users/pab_001_uma/oliastencio/micro_lab3/shewanella_genomes_paper/result/reasig_Pdp11/e_Shewanella_putrefaciens_SH12_micro1/GCF_000016585.1_ASM1658v1_genomic/circos/circos.segdup.txt
debuggroup summary 1.41s drawing link track_0 z 0
debuggroup timer 2.24s report circos 2.118 s
debuggroup timer 2.24s report color 0.535 s
debuggroup timer 2.24s report colorcache 0.007 s
debuggroup timer 2.24s report colordefinitions 0.134 s
debuggroup timer 2.24s report colorfetch 0.009 s
debuggroup timer 2.24s report colorlists 0.016 s
debuggroup timer 2.24s report colorlookups 0.008 s
debuggroup timer 2.24s report colortransparency 0.276 s
debuggroup timer 2.24s report dataparams 0.005 s
debuggroup timer 2.24s report datarules 0.000 s
debuggroup timer 2.24s report graphic_png_polygon 0.023 s
debuggroup timer 2.24s report graphic_slice 0.051 s
debuggroup timer 2.24s report graphic_slice_polygon_coord 0.011 s
debuggroup timer 2.24s report graphic_slice_polygon_svg 0.009 s
debuggroup timer 2.24s report graphic_slice_preprocess 0.007 s
debuggroup timer 2.24s report highlights 0.010 s
debuggroup timer 2.24s report ideograms_draw 0.356 s
debuggroup timer 2.24s report ideograms_processing 0.004 s
debuggroup timer 2.24s report ideograms_ticks_draw 0.251 s
debuggroup timer 2.24s report ideograms_zoom 0.005 s
debuggroup timer 2.24s report io 0.015 s
debuggroup timer 2.24s report karyotype 0.003 s
debuggroup timer 2.24s report parameter_seek 0.048 s
debuggroup timer 2.24s report unitconvert 0.002 s
debuggroup timer 2.24s report unitconvert_decision 0.000 s
debuggroup timer 2.24s report unitconvert_delegate 0.001 s
debuggroup timer 2.24s report unitparse 0.009 s
