debuggroup summary 0.12s welcome to circos v0.67-7 16 Mar 2015 on Perl 5.014002
debuggroup summary 0.12s loading configuration from file circos.conf
debuggroup summary 0.12s found conf file circos.conf
debuggroup summary 0.38s debug will appear for these features: summary,timer
debuggroup summary 0.38s bitmap output image ./circos.png
debuggroup summary 0.38s SVG output image ./circos.svg
debuggroup summary 0.39s parsing karyotype and organizing ideograms
debuggroup summary 0.39s karyotype has 7 chromosomes of total size 5,405,494
debuggroup summary 0.39s applying global and local scaling
debuggroup summary 0.40s allocating image, colors and brushes
debuggroup summary 1.08s drawing 7 ideograms of total size 5,405,494
debuggroup summary 1.08s drawing highlights and ideograms
debuggroup summary 1.08s found conf file /mnt/home/soft/circos/programs/x86_64/0.67-7/bin/../etc/tracks/highlight.bg.conf
debuggroup summary 1.08s process track_0 highlight /mnt/home/users/pab_001_uma/oliastencio/micro_lab3/shewanella_genomes_paper/result/reasig_Pdp11/e_Shewanella_putrefaciens_SH6_micro12/GCF_000014705.1_ASM1470v1_genomic/circos/circos.highlight.txt
debuggroup summary 1.36s found conf file /mnt/home/soft/circos/programs/x86_64/0.67-7/bin/../etc/tracks/link.conf
debuggroup summary 1.36s process track_0 link /mnt/home/users/pab_001_uma/oliastencio/micro_lab3/shewanella_genomes_paper/result/reasig_Pdp11/e_Shewanella_putrefaciens_SH6_micro12/GCF_000014705.1_ASM1470v1_genomic/circos/circos.segdup.txt
debuggroup summary 1.38s drawing link track_0 z 0
debuggroup timer 2.17s report circos 2.045 s
debuggroup timer 2.17s report color 0.556 s
debuggroup timer 2.17s report colorcache 0.007 s
debuggroup timer 2.17s report colordefinitions 0.140 s
debuggroup timer 2.17s report colorfetch 0.008 s
debuggroup timer 2.17s report colorlists 0.018 s
debuggroup timer 2.17s report colorlookups 0.008 s
debuggroup timer 2.17s report colortransparency 0.289 s
debuggroup timer 2.17s report dataparams 0.004 s
debuggroup timer 2.17s report datarules 0.000 s
debuggroup timer 2.17s report graphic_png_polygon 0.023 s
debuggroup timer 2.17s report graphic_slice 0.044 s
debuggroup timer 2.17s report graphic_slice_polygon_coord 0.010 s
debuggroup timer 2.17s report graphic_slice_polygon_svg 0.006 s
debuggroup timer 2.17s report graphic_slice_preprocess 0.004 s
debuggroup timer 2.17s report highlights 0.006 s
debuggroup timer 2.17s report ideograms_draw 0.281 s
debuggroup timer 2.17s report ideograms_processing 0.003 s
debuggroup timer 2.17s report ideograms_ticks_draw 0.204 s
debuggroup timer 2.17s report ideograms_zoom 0.003 s
debuggroup timer 2.17s report io 0.013 s
debuggroup timer 2.17s report karyotype 0.003 s
debuggroup timer 2.17s report parameter_seek 0.040 s
debuggroup timer 2.17s report unitconvert 0.002 s
debuggroup timer 2.17s report unitconvert_decision 0.000 s
debuggroup timer 2.17s report unitconvert_delegate 0.001 s
debuggroup timer 2.17s report unitparse 0.006 s
