debuggroup summary 0.13s welcome to circos v0.67-7 16 Mar 2015 on Perl 5.014002
debuggroup summary 0.13s loading configuration from file circos.conf
debuggroup summary 0.13s found conf file circos.conf
debuggroup summary 0.38s debug will appear for these features: summary,timer
debuggroup summary 0.38s bitmap output image ./circos.png
debuggroup summary 0.38s SVG output image ./circos.svg
debuggroup summary 0.38s parsing karyotype and organizing ideograms
debuggroup summary 0.39s karyotype has 5 chromosomes of total size 5,584,827
debuggroup summary 0.39s applying global and local scaling
debuggroup summary 0.39s allocating image, colors and brushes
debuggroup summary 1.05s drawing 5 ideograms of total size 5,584,827
debuggroup summary 1.05s drawing highlights and ideograms
debuggroup summary 1.05s found conf file /mnt/home/soft/circos/programs/x86_64/0.67-7/bin/../etc/tracks/highlight.bg.conf
debuggroup summary 1.05s process track_0 highlight /mnt/home/users/pab_001_uma/oliastencio/micro_lab3/shewanella_genomes_paper/result/reasig_Pdp11/e_Shewanella_putrefaciens_SH16_micro22/GCF_013394145.1_ASM1339414v1_genomic/circos/circos.highlight.txt
debuggroup summary 1.31s found conf file /mnt/home/soft/circos/programs/x86_64/0.67-7/bin/../etc/tracks/link.conf
debuggroup summary 1.31s process track_0 link /mnt/home/users/pab_001_uma/oliastencio/micro_lab3/shewanella_genomes_paper/result/reasig_Pdp11/e_Shewanella_putrefaciens_SH16_micro22/GCF_013394145.1_ASM1339414v1_genomic/circos/circos.segdup.txt
debuggroup summary 1.32s drawing link track_0 z 0
debuggroup timer 2.04s report circos 1.908 s
debuggroup timer 2.04s report color 0.538 s
debuggroup timer 2.04s report colorcache 0.007 s
debuggroup timer 2.04s report colordefinitions 0.135 s
debuggroup timer 2.04s report colorfetch 0.007 s
debuggroup timer 2.04s report colorlists 0.018 s
debuggroup timer 2.04s report colorlookups 0.009 s
debuggroup timer 2.04s report colortransparency 0.275 s
debuggroup timer 2.04s report dataparams 0.002 s
debuggroup timer 2.04s report datarules 0.000 s
debuggroup timer 2.04s report graphic_png_polygon 0.018 s
debuggroup timer 2.04s report graphic_slice 0.034 s
debuggroup timer 2.04s report graphic_slice_polygon_coord 0.010 s
debuggroup timer 2.04s report graphic_slice_polygon_svg 0.003 s
debuggroup timer 2.04s report graphic_slice_preprocess 0.002 s
debuggroup timer 2.04s report highlights 0.005 s
debuggroup timer 2.04s report ideograms_draw 0.258 s
debuggroup timer 2.04s report ideograms_processing 0.002 s
debuggroup timer 2.04s report ideograms_ticks_draw 0.201 s
debuggroup timer 2.04s report ideograms_zoom 0.002 s
debuggroup timer 2.04s report io 0.009 s
debuggroup timer 2.04s report karyotype 0.002 s
debuggroup timer 2.04s report parameter_seek 0.035 s
debuggroup timer 2.04s report unitconvert 0.002 s
debuggroup timer 2.04s report unitconvert_decision 0.000 s
debuggroup timer 2.04s report unitconvert_delegate 0.001 s
debuggroup timer 2.04s report unitparse 0.005 s
