debuggroup summary 0.12s welcome to circos v0.67-7 16 Mar 2015 on Perl 5.014002
debuggroup summary 0.12s loading configuration from file circos.conf
debuggroup summary 0.12s found conf file circos.conf
debuggroup summary 0.37s debug will appear for these features: summary,timer
debuggroup summary 0.37s bitmap output image ./circos.png
debuggroup summary 0.37s SVG output image ./circos.svg
debuggroup summary 0.37s parsing karyotype and organizing ideograms
debuggroup summary 0.38s karyotype has 20 chromosomes of total size 9,674,944
debuggroup summary 0.38s applying global and local scaling
debuggroup summary 0.39s allocating image, colors and brushes
debuggroup summary 1.05s drawing 20 ideograms of total size 9,674,944
debuggroup summary 1.05s drawing highlights and ideograms
debuggroup summary 1.05s found conf file /mnt/home/soft/circos/programs/x86_64/0.67-7/bin/../etc/tracks/highlight.bg.conf
debuggroup summary 1.05s process track_0 highlight /mnt/home/users/pab_001_uma/oliastencio/micro_lab3/shewanella_genomes_paper/result/reasig_Pdp11/e_Shewanella_putrefaciens_SdM2/GCF_000215895.1_ASM21589v1_genomic/circos/circos.highlight.txt
debuggroup summary 1.62s found conf file /mnt/home/soft/circos/programs/x86_64/0.67-7/bin/../etc/tracks/link.conf
debuggroup summary 1.62s process track_0 link /mnt/home/users/pab_001_uma/oliastencio/micro_lab3/shewanella_genomes_paper/result/reasig_Pdp11/e_Shewanella_putrefaciens_SdM2/GCF_000215895.1_ASM21589v1_genomic/circos/circos.segdup.txt
debuggroup summary 1.65s drawing link track_0 z 0
debuggroup timer 2.75s report circos 2.636 s
debuggroup timer 2.75s report color 0.541 s
debuggroup timer 2.75s report colorcache 0.007 s
debuggroup timer 2.75s report colordefinitions 0.134 s
debuggroup timer 2.75s report colorfetch 0.015 s
debuggroup timer 2.75s report colorlists 0.017 s
debuggroup timer 2.75s report colorlookups 0.008 s
debuggroup timer 2.75s report colortransparency 0.278 s
debuggroup timer 2.75s report dataparams 0.009 s
debuggroup timer 2.75s report datarules 0.000 s
debuggroup timer 2.75s report graphic_png_polygon 0.034 s
debuggroup timer 2.75s report graphic_slice 0.083 s
debuggroup timer 2.75s report graphic_slice_polygon_coord 0.015 s
debuggroup timer 2.75s report graphic_slice_polygon_svg 0.018 s
debuggroup timer 2.75s report graphic_slice_preprocess 0.013 s
debuggroup timer 2.75s report highlights 0.018 s
debuggroup timer 2.75s report ideograms_draw 0.550 s
debuggroup timer 2.75s report ideograms_processing 0.007 s
debuggroup timer 2.75s report ideograms_ticks_draw 0.367 s
debuggroup timer 2.75s report ideograms_zoom 0.007 s
debuggroup timer 2.75s report io 0.030 s
debuggroup timer 2.75s report karyotype 0.005 s
debuggroup timer 2.75s report parameter_seek 0.078 s
debuggroup timer 2.75s report unitconvert 0.002 s
debuggroup timer 2.75s report unitconvert_decision 0.000 s
debuggroup timer 2.75s report unitconvert_delegate 0.001 s
debuggroup timer 2.75s report unitparse 0.015 s
