debuggroup summary 0.13s welcome to circos v0.67-7 16 Mar 2015 on Perl 5.014002
debuggroup summary 0.13s loading configuration from file circos.conf
debuggroup summary 0.13s found conf file circos.conf
debuggroup summary 0.39s debug will appear for these features: summary,timer
debuggroup summary 0.39s bitmap output image ./circos.png
debuggroup summary 0.39s SVG output image ./circos.svg
debuggroup summary 0.39s parsing karyotype and organizing ideograms
debuggroup summary 0.39s karyotype has 4 chromosomes of total size 6,210,418
debuggroup summary 0.39s applying global and local scaling
debuggroup summary 0.40s allocating image, colors and brushes
debuggroup summary 1.06s drawing 4 ideograms of total size 6,210,418
debuggroup summary 1.06s drawing highlights and ideograms
debuggroup summary 1.06s found conf file /mnt/home/soft/circos/programs/x86_64/0.67-7/bin/../etc/tracks/highlight.bg.conf
debuggroup summary 1.06s process track_0 highlight /mnt/home/users/pab_001_uma/oliastencio/micro_lab3/shewanella_genomes_paper/result/reasig_Pdp11/e_Shewanella_putrefaciens_SH16_micro22/GCF_007004545.2_ASM700454v2_genomic/circos/circos.highlight.txt
debuggroup summary 1.36s found conf file /mnt/home/soft/circos/programs/x86_64/0.67-7/bin/../etc/tracks/link.conf
debuggroup summary 1.36s process track_0 link /mnt/home/users/pab_001_uma/oliastencio/micro_lab3/shewanella_genomes_paper/result/reasig_Pdp11/e_Shewanella_putrefaciens_SH16_micro22/GCF_007004545.2_ASM700454v2_genomic/circos/circos.segdup.txt
debuggroup summary 1.38s drawing link track_0 z 0
debuggroup timer 2.28s report circos 2.153 s
debuggroup timer 2.28s report color 0.548 s
debuggroup timer 2.28s report colorcache 0.007 s
debuggroup timer 2.28s report colordefinitions 0.136 s
debuggroup timer 2.28s report colorfetch 0.009 s
debuggroup timer 2.28s report colorlists 0.017 s
debuggroup timer 2.28s report colorlookups 0.008 s
debuggroup timer 2.28s report colortransparency 0.286 s
debuggroup timer 2.28s report dataparams 0.005 s
debuggroup timer 2.28s report datarules 0.000 s
debuggroup timer 2.28s report graphic_png_polygon 0.020 s
debuggroup timer 2.28s report graphic_slice 0.039 s
debuggroup timer 2.28s report graphic_slice_polygon_coord 0.010 s
debuggroup timer 2.28s report graphic_slice_polygon_svg 0.005 s
debuggroup timer 2.28s report graphic_slice_preprocess 0.003 s
debuggroup timer 2.28s report highlights 0.007 s
debuggroup timer 2.28s report ideograms_draw 0.286 s
debuggroup timer 2.28s report ideograms_processing 0.002 s
debuggroup timer 2.28s report ideograms_ticks_draw 0.224 s
debuggroup timer 2.28s report ideograms_zoom 0.002 s
debuggroup timer 2.28s report io 0.019 s
debuggroup timer 2.28s report karyotype 0.002 s
debuggroup timer 2.28s report parameter_seek 0.047 s
debuggroup timer 2.28s report unitconvert 0.002 s
debuggroup timer 2.28s report unitconvert_decision 0.000 s
debuggroup timer 2.28s report unitconvert_delegate 0.001 s
debuggroup timer 2.28s report unitparse 0.004 s
