debuggroup summary 0.11s welcome to circos v0.67-7 16 Mar 2015 on Perl 5.014002
debuggroup summary 0.11s loading configuration from file circos.conf
debuggroup summary 0.11s found conf file circos.conf
debuggroup summary 0.36s debug will appear for these features: summary,timer
debuggroup summary 0.36s bitmap output image ./circos.png
debuggroup summary 0.36s SVG output image ./circos.svg
debuggroup summary 0.39s parsing karyotype and organizing ideograms
debuggroup summary 0.39s karyotype has 2 chromosomes of total size 6,452,297
debuggroup summary 0.39s applying global and local scaling
debuggroup summary 0.39s allocating image, colors and brushes
debuggroup summary 1.03s drawing 2 ideograms of total size 6,452,297
debuggroup summary 1.03s drawing highlights and ideograms
debuggroup summary 1.03s found conf file /mnt/home/soft/circos/programs/x86_64/0.67-7/bin/../etc/tracks/highlight.bg.conf
debuggroup summary 1.03s process track_0 highlight /mnt/home/users/pab_001_uma/oliastencio/micro_lab3/shewanella_genomes_paper/result/reasig_Pdp11/e_Shewanella_putrefaciens_SH12_micro1/GCF_007197555.1_ASM719755v1_genomic/circos/circos.highlight.txt
debuggroup summary 1.30s found conf file /mnt/home/soft/circos/programs/x86_64/0.67-7/bin/../etc/tracks/link.conf
debuggroup summary 1.30s process track_0 link /mnt/home/users/pab_001_uma/oliastencio/micro_lab3/shewanella_genomes_paper/result/reasig_Pdp11/e_Shewanella_putrefaciens_SH12_micro1/GCF_007197555.1_ASM719755v1_genomic/circos/circos.segdup.txt
debuggroup summary 1.32s drawing link track_0 z 0
debuggroup timer 2.20s report circos 2.088 s
debuggroup timer 2.20s report color 0.520 s
debuggroup timer 2.20s report colorcache 0.006 s
debuggroup timer 2.20s report colordefinitions 0.131 s
debuggroup timer 2.20s report colorfetch 0.008 s
debuggroup timer 2.20s report colorlists 0.015 s
debuggroup timer 2.20s report colorlookups 0.007 s
debuggroup timer 2.20s report colortransparency 0.268 s
debuggroup timer 2.20s report dataparams 0.004 s
debuggroup timer 2.20s report datarules 0.000 s
debuggroup timer 2.20s report graphic_png_polygon 0.018 s
debuggroup timer 2.20s report graphic_slice 0.033 s
debuggroup timer 2.20s report graphic_slice_polygon_coord 0.009 s
debuggroup timer 2.20s report graphic_slice_polygon_svg 0.003 s
debuggroup timer 2.20s report graphic_slice_preprocess 0.002 s
debuggroup timer 2.20s report highlights 0.005 s
debuggroup timer 2.20s report ideograms_draw 0.262 s
debuggroup timer 2.20s report ideograms_processing 0.001 s
debuggroup timer 2.20s report ideograms_ticks_draw 0.216 s
debuggroup timer 2.20s report ideograms_zoom 0.001 s
debuggroup timer 2.20s report io 0.016 s
debuggroup timer 2.20s report karyotype 0.001 s
debuggroup timer 2.20s report parameter_seek 0.043 s
debuggroup timer 2.20s report unitconvert 0.002 s
debuggroup timer 2.20s report unitconvert_decision 0.000 s
debuggroup timer 2.20s report unitconvert_delegate 0.001 s
debuggroup timer 2.20s report unitparse 0.003 s
