debuggroup summary 0.11s welcome to circos v0.67-7 16 Mar 2015 on Perl 5.014002
debuggroup summary 0.11s loading configuration from file circos.conf
debuggroup summary 0.11s found conf file circos.conf
debuggroup summary 0.35s debug will appear for these features: summary,timer
debuggroup summary 0.35s bitmap output image ./circos.png
debuggroup summary 0.35s SVG output image ./circos.svg
debuggroup summary 0.36s parsing karyotype and organizing ideograms
debuggroup summary 0.36s karyotype has 14 chromosomes of total size 6,842,912
debuggroup summary 0.37s applying global and local scaling
debuggroup summary 0.37s allocating image, colors and brushes
debuggroup summary 1.02s drawing 14 ideograms of total size 6,842,912
debuggroup summary 1.02s drawing highlights and ideograms
debuggroup summary 1.02s found conf file /mnt/home/soft/circos/programs/x86_64/0.67-7/bin/../etc/tracks/highlight.bg.conf
debuggroup summary 1.02s process track_0 highlight /mnt/home/users/pab_001_uma/oliastencio/micro_lab3/shewanella_genomes_paper/result/reasig_Pdp11/e_Shewanella_putrefaciens_SH12_micro1/GCF_000015845.1_ASM1584v1_genomic/circos/circos.highlight.txt
debuggroup summary 1.39s found conf file /mnt/home/soft/circos/programs/x86_64/0.67-7/bin/../etc/tracks/link.conf
debuggroup summary 1.39s process track_0 link /mnt/home/users/pab_001_uma/oliastencio/micro_lab3/shewanella_genomes_paper/result/reasig_Pdp11/e_Shewanella_putrefaciens_SH12_micro1/GCF_000015845.1_ASM1584v1_genomic/circos/circos.segdup.txt
debuggroup summary 1.41s drawing link track_0 z 0
debuggroup timer 2.31s report circos 2.192 s
debuggroup timer 2.31s report color 0.529 s
debuggroup timer 2.31s report colorcache 0.007 s
debuggroup timer 2.31s report colordefinitions 0.131 s
debuggroup timer 2.31s report colorfetch 0.010 s
debuggroup timer 2.31s report colorlists 0.017 s
debuggroup timer 2.31s report colorlookups 0.007 s
debuggroup timer 2.31s report colortransparency 0.275 s
debuggroup timer 2.31s report dataparams 0.005 s
debuggroup timer 2.31s report datarules 0.000 s
debuggroup timer 2.31s report graphic_png_polygon 0.023 s
debuggroup timer 2.31s report graphic_slice 0.052 s
debuggroup timer 2.31s report graphic_slice_polygon_coord 0.011 s
debuggroup timer 2.31s report graphic_slice_polygon_svg 0.010 s
debuggroup timer 2.31s report graphic_slice_preprocess 0.007 s
debuggroup timer 2.31s report highlights 0.010 s
debuggroup timer 2.31s report ideograms_draw 0.365 s
debuggroup timer 2.31s report ideograms_processing 0.005 s
debuggroup timer 2.31s report ideograms_ticks_draw 0.252 s
debuggroup timer 2.31s report ideograms_zoom 0.005 s
debuggroup timer 2.31s report io 0.019 s
debuggroup timer 2.31s report karyotype 0.004 s
debuggroup timer 2.31s report parameter_seek 0.053 s
debuggroup timer 2.31s report unitconvert 0.002 s
debuggroup timer 2.31s report unitconvert_decision 0.000 s
debuggroup timer 2.31s report unitconvert_delegate 0.001 s
debuggroup timer 2.31s report unitparse 0.009 s
