debuggroup summary 0.12s welcome to circos v0.67-7 16 Mar 2015 on Perl 5.014002
debuggroup summary 0.12s loading configuration from file circos.conf
debuggroup summary 0.12s found conf file circos.conf
debuggroup summary 0.36s debug will appear for these features: summary,timer
debuggroup summary 0.37s bitmap output image ./circos.png
debuggroup summary 0.37s SVG output image ./circos.svg
debuggroup summary 0.37s parsing karyotype and organizing ideograms
debuggroup summary 0.38s karyotype has 40 chromosomes of total size 9,315,001
debuggroup summary 0.39s applying global and local scaling
debuggroup summary 0.41s allocating image, colors and brushes
debuggroup summary 1.07s drawing 40 ideograms of total size 9,315,001
debuggroup summary 1.07s drawing highlights and ideograms
debuggroup summary 1.07s found conf file /mnt/home/soft/circos/programs/x86_64/0.67-7/bin/../etc/tracks/highlight.bg.conf
debuggroup summary 1.07s process track_0 highlight /mnt/home/users/pab_001_uma/oliastencio/micro_lab3/shewanella_genomes_paper/result/reasig_Pdp11/e_Shewanella_putrefaciens_SH16_micro22/e_Shewanella_putrefaciens_SdM2/circos/circos.highlight.txt
debuggroup summary 1.80s found conf file /mnt/home/soft/circos/programs/x86_64/0.67-7/bin/../etc/tracks/link.conf
debuggroup summary 1.80s process track_0 link /mnt/home/users/pab_001_uma/oliastencio/micro_lab3/shewanella_genomes_paper/result/reasig_Pdp11/e_Shewanella_putrefaciens_SH16_micro22/e_Shewanella_putrefaciens_SdM2/circos/circos.segdup.txt
debuggroup summary 1.82s drawing link track_0 z 0
debuggroup timer 2.82s report circos 2.706 s
debuggroup timer 2.82s report color 0.540 s
debuggroup timer 2.82s report colorcache 0.007 s
debuggroup timer 2.82s report colordefinitions 0.136 s
debuggroup timer 2.82s report colorfetch 0.016 s
debuggroup timer 2.82s report colorlists 0.017 s
debuggroup timer 2.82s report colorlookups 0.008 s
debuggroup timer 2.82s report colortransparency 0.278 s
debuggroup timer 2.82s report dataparams 0.010 s
debuggroup timer 2.82s report datarules 0.000 s
debuggroup timer 2.82s report graphic_png_polygon 0.041 s
debuggroup timer 2.82s report graphic_slice 0.117 s
debuggroup timer 2.82s report graphic_slice_polygon_coord 0.018 s
debuggroup timer 2.82s report graphic_slice_polygon_svg 0.031 s
debuggroup timer 2.82s report graphic_slice_preprocess 0.024 s
debuggroup timer 2.82s report highlights 0.028 s
debuggroup timer 2.82s report ideograms_draw 0.699 s
debuggroup timer 2.82s report ideograms_processing 0.015 s
debuggroup timer 2.82s report ideograms_ticks_draw 0.385 s
debuggroup timer 2.82s report ideograms_zoom 0.014 s
debuggroup timer 2.82s report io 0.031 s
debuggroup timer 2.82s report karyotype 0.008 s
debuggroup timer 2.82s report parameter_seek 0.086 s
debuggroup timer 2.82s report unitconvert 0.002 s
debuggroup timer 2.82s report unitconvert_decision 0.000 s
debuggroup timer 2.82s report unitconvert_delegate 0.001 s
debuggroup timer 2.82s report unitparse 0.026 s
