debuggroup summary 0.12s welcome to circos v0.67-7 16 Mar 2015 on Perl 5.014002
debuggroup summary 0.12s loading configuration from file circos.conf
debuggroup summary 0.12s found conf file circos.conf
debuggroup summary 0.36s debug will appear for these features: summary,timer
debuggroup summary 0.36s bitmap output image ./circos.png
debuggroup summary 0.36s SVG output image ./circos.svg
debuggroup summary 0.37s parsing karyotype and organizing ideograms
debuggroup summary 0.37s karyotype has 24 chromosomes of total size 4,828,838
debuggroup summary 0.38s applying global and local scaling
debuggroup summary 0.39s allocating image, colors and brushes
debuggroup summary 1.06s drawing 24 ideograms of total size 4,828,838
debuggroup summary 1.06s drawing highlights and ideograms
debuggroup summary 1.06s found conf file /mnt/home/soft/circos/programs/x86_64/0.67-7/bin/../etc/tracks/highlight.bg.conf
debuggroup summary 1.06s process track_0 highlight /mnt/home/users/pab_001_uma/oliastencio/micro_lab3/shewanella_genomes_paper/result/reasig_Pdp11/e_Shewanella_putrefaciens_SH12_micro1/e_Shewanella_putrefaciens_SdM1/circos/circos.highlight.txt
debuggroup summary 1.43s found conf file /mnt/home/soft/circos/programs/x86_64/0.67-7/bin/../etc/tracks/link.conf
debuggroup summary 1.44s process track_0 link /mnt/home/users/pab_001_uma/oliastencio/micro_lab3/shewanella_genomes_paper/result/reasig_Pdp11/e_Shewanella_putrefaciens_SH12_micro1/e_Shewanella_putrefaciens_SdM1/circos/circos.segdup.txt
debuggroup summary 1.44s drawing link track_0 z 0
debuggroup timer 2.05s report circos 1.932 s
debuggroup timer 2.05s report color 0.544 s
debuggroup timer 2.05s report colorcache 0.007 s
debuggroup timer 2.05s report colordefinitions 0.135 s
debuggroup timer 2.05s report colorfetch 0.007 s
debuggroup timer 2.05s report colorlists 0.023 s
debuggroup timer 2.05s report colorlookups 0.008 s
debuggroup timer 2.05s report colortransparency 0.275 s
debuggroup timer 2.05s report dataparams 0.002 s
debuggroup timer 2.05s report datarules 0.000 s
debuggroup timer 2.05s report graphic_png_polygon 0.020 s
debuggroup timer 2.05s report graphic_slice 0.049 s
debuggroup timer 2.05s report graphic_slice_polygon_coord 0.011 s
debuggroup timer 2.05s report graphic_slice_polygon_svg 0.009 s
debuggroup timer 2.05s report graphic_slice_preprocess 0.008 s
debuggroup timer 2.05s report highlights 0.007 s
debuggroup timer 2.05s report ideograms_draw 0.369 s
debuggroup timer 2.05s report ideograms_processing 0.008 s
debuggroup timer 2.05s report ideograms_ticks_draw 0.220 s
debuggroup timer 2.05s report ideograms_zoom 0.009 s
debuggroup timer 2.05s report io 0.006 s
debuggroup timer 2.05s report karyotype 0.005 s
debuggroup timer 2.05s report parameter_seek 0.037 s
debuggroup timer 2.05s report unitconvert 0.002 s
debuggroup timer 2.05s report unitconvert_decision 0.000 s
debuggroup timer 2.05s report unitconvert_delegate 0.001 s
debuggroup timer 2.05s report unitparse 0.016 s
