debuggroup summary 0.11s welcome to circos v0.67-7 16 Mar 2015 on Perl 5.014002
debuggroup summary 0.11s loading configuration from file circos.conf
debuggroup summary 0.11s found conf file circos.conf
debuggroup summary 0.35s debug will appear for these features: summary,timer
debuggroup summary 0.35s bitmap output image ./circos.png
debuggroup summary 0.35s SVG output image ./circos.svg
debuggroup summary 0.35s parsing karyotype and organizing ideograms
debuggroup summary 0.35s karyotype has 5 chromosomes of total size 5,967,246
debuggroup summary 0.35s applying global and local scaling
debuggroup summary 0.36s allocating image, colors and brushes
debuggroup summary 0.98s drawing 5 ideograms of total size 5,967,246
debuggroup summary 0.98s drawing highlights and ideograms
debuggroup summary 0.98s found conf file /mnt/home/soft/circos/programs/x86_64/0.67-7/bin/../etc/tracks/highlight.bg.conf
debuggroup summary 0.98s process track_0 highlight /mnt/home/users/pab_001_uma/oliastencio/micro_lab3/shewanella_genomes_paper/result/reasig_Pdp11/e_Shewanella_putrefaciens_SH6_micro12/GCF_000018025.1_ASM1802v1_genomic/circos/circos.highlight.txt
debuggroup summary 1.25s found conf file /mnt/home/soft/circos/programs/x86_64/0.67-7/bin/../etc/tracks/link.conf
debuggroup summary 1.25s process track_0 link /mnt/home/users/pab_001_uma/oliastencio/micro_lab3/shewanella_genomes_paper/result/reasig_Pdp11/e_Shewanella_putrefaciens_SH6_micro12/GCF_000018025.1_ASM1802v1_genomic/circos/circos.segdup.txt
debuggroup summary 1.27s drawing link track_0 z 0
debuggroup timer 2.16s report circos 2.046 s
debuggroup timer 2.16s report color 0.515 s
debuggroup timer 2.16s report colorcache 0.006 s
debuggroup timer 2.16s report colordefinitions 0.129 s
debuggroup timer 2.16s report colorfetch 0.008 s
debuggroup timer 2.16s report colorlists 0.015 s
debuggroup timer 2.16s report colorlookups 0.007 s
debuggroup timer 2.16s report colortransparency 0.266 s
debuggroup timer 2.16s report dataparams 0.005 s
debuggroup timer 2.16s report datarules 0.000 s
debuggroup timer 2.16s report graphic_png_polygon 0.018 s
debuggroup timer 2.16s report graphic_slice 0.034 s
debuggroup timer 2.16s report graphic_slice_polygon_coord 0.009 s
debuggroup timer 2.16s report graphic_slice_polygon_svg 0.004 s
debuggroup timer 2.16s report graphic_slice_preprocess 0.003 s
debuggroup timer 2.16s report highlights 0.005 s
debuggroup timer 2.16s report ideograms_draw 0.262 s
debuggroup timer 2.16s report ideograms_processing 0.002 s
debuggroup timer 2.16s report ideograms_ticks_draw 0.206 s
debuggroup timer 2.16s report ideograms_zoom 0.002 s
debuggroup timer 2.16s report io 0.017 s
debuggroup timer 2.16s report karyotype 0.002 s
debuggroup timer 2.16s report parameter_seek 0.043 s
debuggroup timer 2.16s report unitconvert 0.002 s
debuggroup timer 2.16s report unitconvert_decision 0.000 s
debuggroup timer 2.16s report unitconvert_delegate 0.001 s
debuggroup timer 2.16s report unitparse 0.005 s
