debuggroup summary 0.11s welcome to circos v0.67-7 16 Mar 2015 on Perl 5.014002
debuggroup summary 0.11s loading configuration from file circos.conf
debuggroup summary 0.11s found conf file circos.conf
debuggroup summary 0.36s debug will appear for these features: summary,timer
debuggroup summary 0.36s bitmap output image ./circos.png
debuggroup summary 0.36s SVG output image ./circos.svg
debuggroup summary 0.36s parsing karyotype and organizing ideograms
debuggroup summary 0.37s karyotype has 28 chromosomes of total size 10,460,483
debuggroup summary 0.38s applying global and local scaling
debuggroup summary 0.39s allocating image, colors and brushes
debuggroup summary 1.05s drawing 28 ideograms of total size 10,460,483
debuggroup summary 1.05s drawing highlights and ideograms
debuggroup summary 1.05s found conf file /mnt/home/soft/circos/programs/x86_64/0.67-7/bin/../etc/tracks/highlight.bg.conf
debuggroup summary 1.05s process track_0 highlight /mnt/home/users/pab_001_uma/oliastencio/micro_lab3/shewanella_genomes_paper/result/reasig_Pdp11/e_Shewanella_putrefaciens_SH6_micro12/GCF_000018765.1_ASM1876v1_genomic/circos/circos.highlight.txt
debuggroup summary 1.72s found conf file /mnt/home/soft/circos/programs/x86_64/0.67-7/bin/../etc/tracks/link.conf
debuggroup summary 1.72s process track_0 link /mnt/home/users/pab_001_uma/oliastencio/micro_lab3/shewanella_genomes_paper/result/reasig_Pdp11/e_Shewanella_putrefaciens_SH6_micro12/GCF_000018765.1_ASM1876v1_genomic/circos/circos.segdup.txt
debuggroup summary 1.76s drawing link track_0 z 0
debuggroup timer 3.06s report circos 2.947 s
debuggroup timer 3.06s report color 0.538 s
debuggroup timer 3.06s report colorcache 0.007 s
debuggroup timer 3.06s report colordefinitions 0.135 s
debuggroup timer 3.06s report colorfetch 0.017 s
debuggroup timer 3.06s report colorlists 0.016 s
debuggroup timer 3.06s report colorlookups 0.008 s
debuggroup timer 3.06s report colortransparency 0.278 s
debuggroup timer 3.06s report dataparams 0.012 s
debuggroup timer 3.06s report datarules 0.000 s
debuggroup timer 3.06s report graphic_png_polygon 0.042 s
debuggroup timer 3.06s report graphic_slice 0.111 s
debuggroup timer 3.06s report graphic_slice_polygon_coord 0.020 s
debuggroup timer 3.06s report graphic_slice_polygon_svg 0.025 s
debuggroup timer 3.06s report graphic_slice_preprocess 0.020 s
debuggroup timer 3.06s report highlights 0.025 s
debuggroup timer 3.06s report ideograms_draw 0.649 s
debuggroup timer 3.06s report ideograms_processing 0.010 s
debuggroup timer 3.06s report ideograms_ticks_draw 0.396 s
debuggroup timer 3.06s report ideograms_zoom 0.010 s
debuggroup timer 3.06s report io 0.040 s
debuggroup timer 3.06s report karyotype 0.006 s
debuggroup timer 3.06s report parameter_seek 0.095 s
debuggroup timer 3.06s report unitconvert 0.002 s
debuggroup timer 3.06s report unitconvert_decision 0.000 s
debuggroup timer 3.06s report unitconvert_delegate 0.001 s
debuggroup timer 3.06s report unitparse 0.019 s
