debuggroup summary 0.12s welcome to circos v0.67-7 16 Mar 2015 on Perl 5.014002
debuggroup summary 0.12s loading configuration from file circos.conf
debuggroup summary 0.12s found conf file circos.conf
debuggroup summary 0.37s debug will appear for these features: summary,timer
debuggroup summary 0.37s bitmap output image ./circos.png
debuggroup summary 0.37s SVG output image ./circos.svg
debuggroup summary 0.37s parsing karyotype and organizing ideograms
debuggroup summary 0.38s karyotype has 34 chromosomes of total size 10,456,883
debuggroup summary 0.39s applying global and local scaling
debuggroup summary 0.40s allocating image, colors and brushes
debuggroup summary 1.06s drawing 34 ideograms of total size 10,456,883
debuggroup summary 1.06s drawing highlights and ideograms
debuggroup summary 1.06s found conf file /mnt/home/soft/circos/programs/x86_64/0.67-7/bin/../etc/tracks/highlight.bg.conf
debuggroup summary 1.06s process track_0 highlight /mnt/home/users/pab_001_uma/oliastencio/micro_lab3/shewanella_genomes_paper/result/reasig_Pdp11/e_Shewanella_putrefaciens_SH9_micro13/GCF_000018765.1_ASM1876v1_genomic/circos/circos.highlight.txt
debuggroup summary 1.88s found conf file /mnt/home/soft/circos/programs/x86_64/0.67-7/bin/../etc/tracks/link.conf
debuggroup summary 1.88s process track_0 link /mnt/home/users/pab_001_uma/oliastencio/micro_lab3/shewanella_genomes_paper/result/reasig_Pdp11/e_Shewanella_putrefaciens_SH9_micro13/GCF_000018765.1_ASM1876v1_genomic/circos/circos.segdup.txt
debuggroup summary 1.93s drawing link track_0 z 0
debuggroup timer 3.29s report circos 3.175 s
debuggroup timer 3.29s report color 0.539 s
debuggroup timer 3.29s report colorcache 0.007 s
debuggroup timer 3.29s report colordefinitions 0.135 s
debuggroup timer 3.29s report colorfetch 0.019 s
debuggroup timer 3.29s report colorlists 0.019 s
debuggroup timer 3.29s report colorlookups 0.008 s
debuggroup timer 3.29s report colortransparency 0.275 s
debuggroup timer 3.29s report dataparams 0.013 s
debuggroup timer 3.29s report datarules 0.000 s
debuggroup timer 3.29s report graphic_png_polygon 0.059 s
debuggroup timer 3.29s report graphic_slice 0.150 s
debuggroup timer 3.29s report graphic_slice_polygon_coord 0.022 s
debuggroup timer 3.29s report graphic_slice_polygon_svg 0.035 s
debuggroup timer 3.29s report graphic_slice_preprocess 0.029 s
debuggroup timer 3.29s report highlights 0.028 s
debuggroup timer 3.29s report ideograms_draw 0.784 s
debuggroup timer 3.29s report ideograms_processing 0.012 s
debuggroup timer 3.29s report ideograms_ticks_draw 0.429 s
debuggroup timer 3.29s report ideograms_zoom 0.012 s
debuggroup timer 3.29s report io 0.043 s
debuggroup timer 3.29s report karyotype 0.007 s
debuggroup timer 3.29s report parameter_seek 0.104 s
debuggroup timer 3.29s report unitconvert 0.002 s
debuggroup timer 3.29s report unitconvert_decision 0.000 s
debuggroup timer 3.29s report unitconvert_delegate 0.001 s
debuggroup timer 3.29s report unitparse 0.029 s
