debuggroup summary 0.12s welcome to circos v0.67-7 16 Mar 2015 on Perl 5.014002
debuggroup summary 0.12s loading configuration from file circos.conf
debuggroup summary 0.12s found conf file circos.conf
debuggroup summary 0.37s debug will appear for these features: summary,timer
debuggroup summary 0.37s bitmap output image ./circos.png
debuggroup summary 0.37s SVG output image ./circos.svg
debuggroup summary 0.37s parsing karyotype and organizing ideograms
debuggroup summary 0.37s karyotype has 14 chromosomes of total size 7,259,559
debuggroup summary 0.38s applying global and local scaling
debuggroup summary 0.39s allocating image, colors and brushes
debuggroup summary 1.04s drawing 14 ideograms of total size 7,259,559
debuggroup summary 1.04s drawing highlights and ideograms
debuggroup summary 1.04s found conf file /mnt/home/soft/circos/programs/x86_64/0.67-7/bin/../etc/tracks/highlight.bg.conf
debuggroup summary 1.04s process track_0 highlight /mnt/home/users/pab_001_uma/oliastencio/micro_lab3/shewanella_genomes_paper/result/reasig_Pdp11/e_Pdp11_1/e_Shewanella_putrefaciens_SH4_micro9/circos/circos.highlight.txt
debuggroup summary 1.46s found conf file /mnt/home/soft/circos/programs/x86_64/0.67-7/bin/../etc/tracks/link.conf
debuggroup summary 1.46s process track_0 link /mnt/home/users/pab_001_uma/oliastencio/micro_lab3/shewanella_genomes_paper/result/reasig_Pdp11/e_Pdp11_1/e_Shewanella_putrefaciens_SH4_micro9/circos/circos.segdup.txt
debuggroup summary 1.48s drawing link track_0 z 0
debuggroup timer 2.45s report circos 2.331 s
debuggroup timer 2.45s report color 0.536 s
debuggroup timer 2.45s report colorcache 0.007 s
debuggroup timer 2.45s report colordefinitions 0.135 s
debuggroup timer 2.45s report colorfetch 0.011 s
debuggroup timer 2.45s report colorlists 0.017 s
debuggroup timer 2.45s report colorlookups 0.008 s
debuggroup timer 2.45s report colortransparency 0.275 s
debuggroup timer 2.45s report dataparams 0.006 s
debuggroup timer 2.45s report datarules 0.000 s
debuggroup timer 2.45s report graphic_png_polygon 0.025 s
debuggroup timer 2.45s report graphic_slice 0.059 s
debuggroup timer 2.45s report graphic_slice_polygon_coord 0.014 s
debuggroup timer 2.45s report graphic_slice_polygon_svg 0.011 s
debuggroup timer 2.45s report graphic_slice_preprocess 0.008 s
debuggroup timer 2.45s report highlights 0.011 s
debuggroup timer 2.45s report ideograms_draw 0.405 s
debuggroup timer 2.45s report ideograms_processing 0.005 s
debuggroup timer 2.45s report ideograms_ticks_draw 0.277 s
debuggroup timer 2.45s report ideograms_zoom 0.005 s
debuggroup timer 2.45s report io 0.019 s
debuggroup timer 2.45s report karyotype 0.003 s
debuggroup timer 2.45s report parameter_seek 0.056 s
debuggroup timer 2.45s report unitconvert 0.002 s
debuggroup timer 2.45s report unitconvert_decision 0.000 s
debuggroup timer 2.45s report unitconvert_delegate 0.001 s
debuggroup timer 2.45s report unitparse 0.011 s
