debuggroup summary 0.12s welcome to circos v0.67-7 16 Mar 2015 on Perl 5.014002
debuggroup summary 0.12s loading configuration from file circos.conf
debuggroup summary 0.12s found conf file circos.conf
debuggroup summary 0.39s debug will appear for these features: summary,timer
debuggroup summary 0.39s bitmap output image ./circos.png
debuggroup summary 0.39s SVG output image ./circos.svg
debuggroup summary 0.40s parsing karyotype and organizing ideograms
debuggroup summary 0.40s karyotype has 28 chromosomes of total size 10,335,312
debuggroup summary 0.41s applying global and local scaling
debuggroup summary 0.43s allocating image, colors and brushes
debuggroup summary 1.10s drawing 28 ideograms of total size 10,335,312
debuggroup summary 1.10s drawing highlights and ideograms
debuggroup summary 1.11s found conf file /mnt/home/soft/circos/programs/x86_64/0.67-7/bin/../etc/tracks/highlight.bg.conf
debuggroup summary 1.11s process track_0 highlight /mnt/home/users/pab_001_uma/oliastencio/micro_lab3/shewanella_genomes_paper/result/reasig_Pdp11/e_Shewanella_putrefaciens_SH16_micro22/GCF_000015845.1_ASM1584v1_genomic/circos/circos.highlight.txt
debuggroup summary 1.85s found conf file /mnt/home/soft/circos/programs/x86_64/0.67-7/bin/../etc/tracks/link.conf
debuggroup summary 1.85s process track_0 link /mnt/home/users/pab_001_uma/oliastencio/micro_lab3/shewanella_genomes_paper/result/reasig_Pdp11/e_Shewanella_putrefaciens_SH16_micro22/GCF_000015845.1_ASM1584v1_genomic/circos/circos.segdup.txt
debuggroup summary 1.89s drawing link track_0 z 0
debuggroup timer 3.27s report circos 3.150 s
debuggroup timer 3.27s report color 0.555 s
debuggroup timer 3.27s report colorcache 0.007 s
debuggroup timer 3.27s report colordefinitions 0.138 s
debuggroup timer 3.27s report colorfetch 0.019 s
debuggroup timer 3.27s report colorlists 0.019 s
debuggroup timer 3.27s report colorlookups 0.009 s
debuggroup timer 3.27s report colortransparency 0.287 s
debuggroup timer 3.27s report dataparams 0.013 s
debuggroup timer 3.27s report datarules 0.000 s
debuggroup timer 3.27s report graphic_png_polygon 0.048 s
debuggroup timer 3.27s report graphic_slice 0.131 s
debuggroup timer 3.27s report graphic_slice_polygon_coord 0.023 s
debuggroup timer 3.27s report graphic_slice_polygon_svg 0.031 s
debuggroup timer 3.27s report graphic_slice_preprocess 0.024 s
debuggroup timer 3.27s report highlights 0.030 s
debuggroup timer 3.27s report ideograms_draw 0.710 s
debuggroup timer 3.27s report ideograms_processing 0.010 s
debuggroup timer 3.27s report ideograms_ticks_draw 0.411 s
debuggroup timer 3.27s report ideograms_zoom 0.010 s
debuggroup timer 3.27s report io 0.044 s
debuggroup timer 3.27s report karyotype 0.006 s
debuggroup timer 3.27s report parameter_seek 0.101 s
debuggroup timer 3.27s report unitconvert 0.002 s
debuggroup timer 3.27s report unitconvert_decision 0.000 s
debuggroup timer 3.27s report unitconvert_delegate 0.001 s
debuggroup timer 3.27s report unitparse 0.022 s
