debuggroup summary 0.12s welcome to circos v0.67-7 16 Mar 2015 on Perl 5.014002
debuggroup summary 0.12s loading configuration from file circos.conf
debuggroup summary 0.12s found conf file circos.conf
debuggroup summary 0.37s debug will appear for these features: summary,timer
debuggroup summary 0.37s bitmap output image ./circos.png
debuggroup summary 0.37s SVG output image ./circos.svg
debuggroup summary 0.37s parsing karyotype and organizing ideograms
debuggroup summary 0.37s karyotype has 29 chromosomes of total size 9,908,390
debuggroup summary 0.38s applying global and local scaling
debuggroup summary 0.40s allocating image, colors and brushes
debuggroup summary 1.08s drawing 29 ideograms of total size 9,908,390
debuggroup summary 1.08s drawing highlights and ideograms
debuggroup summary 1.08s found conf file /mnt/home/soft/circos/programs/x86_64/0.67-7/bin/../etc/tracks/highlight.bg.conf
debuggroup summary 1.08s process track_0 highlight /mnt/home/users/pab_001_uma/oliastencio/micro_lab3/shewanella_genomes_paper/result/reasig_Pdp11/e_Shewanella_putrefaciens_SdM1/GCF_003030925.1_ASM303092v1_genomic/circos/circos.highlight.txt
debuggroup summary 1.80s found conf file /mnt/home/soft/circos/programs/x86_64/0.67-7/bin/../etc/tracks/link.conf
debuggroup summary 1.81s process track_0 link /mnt/home/users/pab_001_uma/oliastencio/micro_lab3/shewanella_genomes_paper/result/reasig_Pdp11/e_Shewanella_putrefaciens_SdM1/GCF_003030925.1_ASM303092v1_genomic/circos/circos.segdup.txt
debuggroup summary 1.84s drawing link track_0 z 0
debuggroup timer 3.05s report circos 2.937 s
debuggroup timer 3.05s report color 0.558 s
debuggroup timer 3.05s report colorcache 0.007 s
debuggroup timer 3.05s report colordefinitions 0.144 s
debuggroup timer 3.05s report colorfetch 0.017 s
debuggroup timer 3.05s report colorlists 0.020 s
debuggroup timer 3.05s report colorlookups 0.009 s
debuggroup timer 3.05s report colortransparency 0.281 s
debuggroup timer 3.05s report dataparams 0.011 s
debuggroup timer 3.05s report datarules 0.000 s
debuggroup timer 3.05s report graphic_png_polygon 0.052 s
debuggroup timer 3.05s report graphic_slice 0.134 s
debuggroup timer 3.05s report graphic_slice_polygon_coord 0.024 s
debuggroup timer 3.05s report graphic_slice_polygon_svg 0.030 s
debuggroup timer 3.05s report graphic_slice_preprocess 0.024 s
debuggroup timer 3.05s report highlights 0.026 s
debuggroup timer 3.06s report ideograms_draw 0.699 s
debuggroup timer 3.06s report ideograms_processing 0.010 s
debuggroup timer 3.06s report ideograms_ticks_draw 0.401 s
debuggroup timer 3.06s report ideograms_zoom 0.010 s
debuggroup timer 3.06s report io 0.038 s
debuggroup timer 3.06s report karyotype 0.006 s
debuggroup timer 3.06s report parameter_seek 0.091 s
debuggroup timer 3.06s report unitconvert 0.002 s
debuggroup timer 3.06s report unitconvert_decision 0.000 s
debuggroup timer 3.06s report unitconvert_delegate 0.001 s
debuggroup timer 3.06s report unitparse 0.021 s
