debuggroup summary 0.11s welcome to circos v0.67-7 16 Mar 2015 on Perl 5.014002
debuggroup summary 0.11s loading configuration from file circos.conf
debuggroup summary 0.11s found conf file circos.conf
debuggroup summary 0.34s debug will appear for these features: summary,timer
debuggroup summary 0.34s bitmap output image ./circos.png
debuggroup summary 0.34s SVG output image ./circos.svg
debuggroup summary 0.35s parsing karyotype and organizing ideograms
debuggroup summary 0.35s karyotype has 25 chromosomes of total size 9,599,725
debuggroup summary 0.36s applying global and local scaling
debuggroup summary 0.37s allocating image, colors and brushes
debuggroup summary 0.99s drawing 25 ideograms of total size 9,599,725
debuggroup summary 0.99s drawing highlights and ideograms
debuggroup summary 0.99s found conf file /mnt/home/soft/circos/programs/x86_64/0.67-7/bin/../etc/tracks/highlight.bg.conf
debuggroup summary 0.99s process track_0 highlight /mnt/home/users/pab_001_uma/oliastencio/micro_lab3/shewanella_genomes_paper/result/reasig_Pdp11/e_Shewanella_putrefaciens_SH6_micro12/GCF_009730575.1_ASM973057v1_genomic/circos/circos.highlight.txt
debuggroup summary 1.68s found conf file /mnt/home/soft/circos/programs/x86_64/0.67-7/bin/../etc/tracks/link.conf
debuggroup summary 1.68s process track_0 link /mnt/home/users/pab_001_uma/oliastencio/micro_lab3/shewanella_genomes_paper/result/reasig_Pdp11/e_Shewanella_putrefaciens_SH6_micro12/GCF_009730575.1_ASM973057v1_genomic/circos/circos.segdup.txt
debuggroup summary 1.71s drawing link track_0 z 0
debuggroup timer 2.88s report circos 2.769 s
debuggroup timer 2.88s report color 0.511 s
debuggroup timer 2.88s report colorcache 0.006 s
debuggroup timer 2.88s report colordefinitions 0.128 s
debuggroup timer 2.88s report colorfetch 0.017 s
debuggroup timer 2.88s report colorlists 0.015 s
debuggroup timer 2.88s report colorlookups 0.007 s
debuggroup timer 2.88s report colortransparency 0.263 s
debuggroup timer 2.88s report dataparams 0.012 s
debuggroup timer 2.88s report datarules 0.000 s
debuggroup timer 2.88s report graphic_png_polygon 0.045 s
debuggroup timer 2.88s report graphic_slice 0.121 s
debuggroup timer 2.88s report graphic_slice_polygon_coord 0.019 s
debuggroup timer 2.88s report graphic_slice_polygon_svg 0.029 s
debuggroup timer 2.88s report graphic_slice_preprocess 0.023 s
debuggroup timer 2.88s report highlights 0.030 s
debuggroup timer 2.88s report ideograms_draw 0.657 s
debuggroup timer 2.88s report ideograms_processing 0.008 s
debuggroup timer 2.88s report ideograms_ticks_draw 0.382 s
debuggroup timer 2.88s report ideograms_zoom 0.008 s
debuggroup timer 2.88s report io 0.037 s
debuggroup timer 2.88s report karyotype 0.005 s
debuggroup timer 2.88s report parameter_seek 0.088 s
debuggroup timer 2.88s report unitconvert 0.002 s
debuggroup timer 2.88s report unitconvert_decision 0.000 s
debuggroup timer 2.88s report unitconvert_delegate 0.001 s
debuggroup timer 2.88s report unitparse 0.018 s
