debuggroup summary 0.11s welcome to circos v0.67-7 16 Mar 2015 on Perl 5.014002
debuggroup summary 0.11s loading configuration from file circos.conf
debuggroup summary 0.11s found conf file circos.conf
debuggroup summary 0.35s debug will appear for these features: summary,timer
debuggroup summary 0.35s bitmap output image ./circos.png
debuggroup summary 0.35s SVG output image ./circos.svg
debuggroup summary 0.35s parsing karyotype and organizing ideograms
debuggroup summary 0.36s karyotype has 14 chromosomes of total size 7,259,559
debuggroup summary 0.36s applying global and local scaling
debuggroup summary 0.37s allocating image, colors and brushes
debuggroup summary 1.02s drawing 14 ideograms of total size 7,259,559
debuggroup summary 1.02s drawing highlights and ideograms
debuggroup summary 1.02s found conf file /mnt/home/soft/circos/programs/x86_64/0.67-7/bin/../etc/tracks/highlight.bg.conf
debuggroup summary 1.02s process track_0 highlight /mnt/home/users/pab_001_uma/oliastencio/micro_lab3/shewanella_genomes_paper/result/reasig_Pdp11/e_Shewanella_putrefaciens_SH4_micro9/e_Pdp11_1/circos/circos.highlight.txt
debuggroup summary 1.43s found conf file /mnt/home/soft/circos/programs/x86_64/0.67-7/bin/../etc/tracks/link.conf
debuggroup summary 1.43s process track_0 link /mnt/home/users/pab_001_uma/oliastencio/micro_lab3/shewanella_genomes_paper/result/reasig_Pdp11/e_Shewanella_putrefaciens_SH4_micro9/e_Pdp11_1/circos/circos.segdup.txt
debuggroup summary 1.45s drawing link track_0 z 0
debuggroup timer 2.43s report circos 2.313 s
debuggroup timer 2.43s report color 0.532 s
debuggroup timer 2.43s report colorcache 0.007 s
debuggroup timer 2.43s report colordefinitions 0.131 s
debuggroup timer 2.43s report colorfetch 0.011 s
debuggroup timer 2.43s report colorlists 0.017 s
debuggroup timer 2.43s report colorlookups 0.008 s
debuggroup timer 2.43s report colortransparency 0.275 s
debuggroup timer 2.43s report dataparams 0.006 s
debuggroup timer 2.43s report datarules 0.000 s
debuggroup timer 2.43s report graphic_png_polygon 0.024 s
debuggroup timer 2.43s report graphic_slice 0.055 s
debuggroup timer 2.43s report graphic_slice_polygon_coord 0.012 s
debuggroup timer 2.43s report graphic_slice_polygon_svg 0.010 s
debuggroup timer 2.43s report graphic_slice_preprocess 0.008 s
debuggroup timer 2.43s report highlights 0.010 s
debuggroup timer 2.43s report ideograms_draw 0.402 s
debuggroup timer 2.43s report ideograms_processing 0.005 s
debuggroup timer 2.43s report ideograms_ticks_draw 0.284 s
debuggroup timer 2.43s report ideograms_zoom 0.005 s
debuggroup timer 2.43s report io 0.019 s
debuggroup timer 2.43s report karyotype 0.003 s
debuggroup timer 2.43s report parameter_seek 0.057 s
debuggroup timer 2.43s report unitconvert 0.002 s
debuggroup timer 2.43s report unitconvert_decision 0.000 s
debuggroup timer 2.43s report unitconvert_delegate 0.001 s
debuggroup timer 2.43s report unitparse 0.011 s
