debuggroup summary 0.12s welcome to circos v0.67-7 16 Mar 2015 on Perl 5.014002
debuggroup summary 0.12s loading configuration from file circos.conf
debuggroup summary 0.12s found conf file circos.conf
debuggroup summary 0.36s debug will appear for these features: summary,timer
debuggroup summary 0.36s bitmap output image ./circos.png
debuggroup summary 0.36s SVG output image ./circos.svg
debuggroup summary 0.37s parsing karyotype and organizing ideograms
debuggroup summary 0.37s karyotype has 32 chromosomes of total size 10,246,554
debuggroup summary 0.38s applying global and local scaling
debuggroup summary 0.40s allocating image, colors and brushes
debuggroup summary 1.06s drawing 32 ideograms of total size 10,246,554
debuggroup summary 1.06s drawing highlights and ideograms
debuggroup summary 1.06s found conf file /mnt/home/soft/circos/programs/x86_64/0.67-7/bin/../etc/tracks/highlight.bg.conf
debuggroup summary 1.06s process track_0 highlight /mnt/home/users/pab_001_uma/oliastencio/micro_lab3/shewanella_genomes_paper/result/reasig_Pdp11/e_Shewanella_putrefaciens_SH9_micro13/GCF_000178875.2_ASM17887v2_genomic/circos/circos.highlight.txt
debuggroup summary 1.80s found conf file /mnt/home/soft/circos/programs/x86_64/0.67-7/bin/../etc/tracks/link.conf
debuggroup summary 1.81s process track_0 link /mnt/home/users/pab_001_uma/oliastencio/micro_lab3/shewanella_genomes_paper/result/reasig_Pdp11/e_Shewanella_putrefaciens_SH9_micro13/GCF_000178875.2_ASM17887v2_genomic/circos/circos.segdup.txt
debuggroup summary 1.85s drawing link track_0 z 0
debuggroup timer 3.13s report circos 3.016 s
debuggroup timer 3.13s report color 0.546 s
debuggroup timer 3.13s report colorcache 0.007 s
debuggroup timer 3.13s report colordefinitions 0.136 s
debuggroup timer 3.13s report colorfetch 0.018 s
debuggroup timer 3.13s report colorlists 0.016 s
debuggroup timer 3.13s report colorlookups 0.008 s
debuggroup timer 3.13s report colortransparency 0.277 s
debuggroup timer 3.13s report dataparams 0.012 s
debuggroup timer 3.13s report datarules 0.000 s
debuggroup timer 3.13s report graphic_png_polygon 0.053 s
debuggroup timer 3.13s report graphic_slice 0.129 s
debuggroup timer 3.13s report graphic_slice_polygon_coord 0.021 s
debuggroup timer 3.13s report graphic_slice_polygon_svg 0.028 s
debuggroup timer 3.13s report graphic_slice_preprocess 0.023 s
debuggroup timer 3.13s report highlights 0.025 s
debuggroup timer 3.13s report ideograms_draw 0.716 s
debuggroup timer 3.13s report ideograms_processing 0.011 s
debuggroup timer 3.13s report ideograms_ticks_draw 0.413 s
debuggroup timer 3.13s report ideograms_zoom 0.011 s
debuggroup timer 3.13s report io 0.039 s
debuggroup timer 3.13s report karyotype 0.006 s
debuggroup timer 3.13s report parameter_seek 0.093 s
debuggroup timer 3.13s report unitconvert 0.002 s
debuggroup timer 3.13s report unitconvert_decision 0.000 s
debuggroup timer 3.13s report unitconvert_delegate 0.001 s
debuggroup timer 3.13s report unitparse 0.023 s
