debuggroup summary 0.12s welcome to circos v0.67-7 16 Mar 2015 on Perl 5.014002
debuggroup summary 0.12s loading configuration from file circos.conf
debuggroup summary 0.12s found conf file circos.conf
debuggroup summary 0.37s debug will appear for these features: summary,timer
debuggroup summary 0.37s bitmap output image ./circos.png
debuggroup summary 0.37s SVG output image ./circos.svg
debuggroup summary 0.37s parsing karyotype and organizing ideograms
debuggroup summary 0.39s karyotype has 23 chromosomes of total size 9,630,052
debuggroup summary 0.40s applying global and local scaling
debuggroup summary 0.41s allocating image, colors and brushes
debuggroup summary 1.07s drawing 23 ideograms of total size 9,630,052
debuggroup summary 1.07s drawing highlights and ideograms
debuggroup summary 1.07s found conf file /mnt/home/soft/circos/programs/x86_64/0.67-7/bin/../etc/tracks/highlight.bg.conf
debuggroup summary 1.08s process track_0 highlight /mnt/home/users/pab_001_uma/oliastencio/micro_lab3/shewanella_genomes_paper/result/reasig_Pdp11/e_Shewanella_putrefaciens_SH16_micro22/GCF_009730575.1_ASM973057v1_genomic/circos/circos.highlight.txt
debuggroup summary 1.72s found conf file /mnt/home/soft/circos/programs/x86_64/0.67-7/bin/../etc/tracks/link.conf
debuggroup summary 1.72s process track_0 link /mnt/home/users/pab_001_uma/oliastencio/micro_lab3/shewanella_genomes_paper/result/reasig_Pdp11/e_Shewanella_putrefaciens_SH16_micro22/GCF_009730575.1_ASM973057v1_genomic/circos/circos.segdup.txt
debuggroup summary 1.75s drawing link track_0 z 0
debuggroup timer 2.85s report circos 2.728 s
debuggroup timer 2.85s report color 0.541 s
debuggroup timer 2.85s report colorcache 0.007 s
debuggroup timer 2.85s report colordefinitions 0.135 s
debuggroup timer 2.85s report colorfetch 0.016 s
debuggroup timer 2.85s report colorlists 0.020 s
debuggroup timer 2.85s report colorlookups 0.008 s
debuggroup timer 2.85s report colortransparency 0.276 s
debuggroup timer 2.85s report dataparams 0.011 s
debuggroup timer 2.85s report datarules 0.000 s
debuggroup timer 2.85s report graphic_png_polygon 0.043 s
debuggroup timer 2.85s report graphic_slice 0.115 s
debuggroup timer 2.85s report graphic_slice_polygon_coord 0.018 s
debuggroup timer 2.85s report graphic_slice_polygon_svg 0.029 s
debuggroup timer 2.85s report graphic_slice_preprocess 0.021 s
debuggroup timer 2.85s report highlights 0.028 s
debuggroup timer 2.85s report ideograms_draw 0.616 s
debuggroup timer 2.85s report ideograms_processing 0.008 s
debuggroup timer 2.85s report ideograms_ticks_draw 0.369 s
debuggroup timer 2.85s report ideograms_zoom 0.009 s
debuggroup timer 2.85s report io 0.036 s
debuggroup timer 2.85s report karyotype 0.020 s
debuggroup timer 2.85s report parameter_seek 0.086 s
debuggroup timer 2.85s report unitconvert 0.002 s
debuggroup timer 2.85s report unitconvert_decision 0.000 s
debuggroup timer 2.85s report unitconvert_delegate 0.001 s
debuggroup timer 2.85s report unitparse 0.016 s
