debuggroup summary 0.12s welcome to circos v0.67-7 16 Mar 2015 on Perl 5.014002
debuggroup summary 0.12s loading configuration from file circos.conf
debuggroup summary 0.12s found conf file circos.conf
debuggroup summary 0.38s debug will appear for these features: summary,timer
debuggroup summary 0.38s bitmap output image ./circos.png
debuggroup summary 0.38s SVG output image ./circos.svg
debuggroup summary 0.38s parsing karyotype and organizing ideograms
debuggroup summary 0.38s karyotype has 2 chromosomes of total size 11,199,186
debuggroup summary 0.38s applying global and local scaling
debuggroup summary 0.39s allocating image, colors and brushes
debuggroup summary 1.05s drawing 2 ideograms of total size 11,199,186
debuggroup summary 1.05s drawing highlights and ideograms
debuggroup summary 1.05s found conf file /mnt/home/soft/circos/programs/x86_64/0.67-7/bin/../etc/tracks/highlight.bg.conf
debuggroup summary 1.05s process track_0 highlight /mnt/home/users/pab_001_uma/oliastencio/micro_lab3/shewanella_genomes_paper/result/reasig_Pdp11/e_Pdp11_1/GCF_009372175.1_ASM937217v1_genomic/circos/circos.highlight.txt
debuggroup summary 1.53s found conf file /mnt/home/soft/circos/programs/x86_64/0.67-7/bin/../etc/tracks/link.conf
debuggroup summary 1.53s process track_0 link /mnt/home/users/pab_001_uma/oliastencio/micro_lab3/shewanella_genomes_paper/result/reasig_Pdp11/e_Pdp11_1/GCF_009372175.1_ASM937217v1_genomic/circos/circos.segdup.txt
debuggroup summary 1.64s drawing link track_0 z 0
debuggroup timer 3.95s report circos 3.834 s
debuggroup timer 3.95s report color 0.543 s
debuggroup timer 3.95s report colorcache 0.007 s
debuggroup timer 3.95s report colordefinitions 0.135 s
debuggroup timer 3.95s report colorfetch 0.022 s
debuggroup timer 3.95s report colorlists 0.020 s
debuggroup timer 3.95s report colorlookups 0.009 s
debuggroup timer 3.95s report colortransparency 0.277 s
debuggroup timer 3.95s report dataparams 0.019 s
debuggroup timer 3.95s report datarules 0.000 s
debuggroup timer 3.95s report graphic_png_polygon 0.025 s
debuggroup timer 3.95s report graphic_slice 0.051 s
debuggroup timer 3.95s report graphic_slice_polygon_coord 0.011 s
debuggroup timer 3.95s report graphic_slice_polygon_svg 0.008 s
debuggroup timer 3.95s report graphic_slice_preprocess 0.006 s
debuggroup timer 3.95s report highlights 0.011 s
debuggroup timer 3.95s report ideograms_draw 0.469 s
debuggroup timer 3.95s report ideograms_processing 0.002 s
debuggroup timer 3.95s report ideograms_ticks_draw 0.392 s
debuggroup timer 3.95s report ideograms_zoom 0.002 s
debuggroup timer 3.95s report io 0.074 s
debuggroup timer 3.95s report karyotype 0.002 s
debuggroup timer 3.95s report parameter_seek 0.118 s
debuggroup timer 3.95s report unitconvert 0.002 s
debuggroup timer 3.95s report unitconvert_decision 0.000 s
debuggroup timer 3.95s report unitconvert_delegate 0.001 s
debuggroup timer 3.95s report unitparse 0.003 s
