debuggroup summary 0.11s welcome to circos v0.67-7 16 Mar 2015 on Perl 5.014002
debuggroup summary 0.11s loading configuration from file circos.conf
debuggroup summary 0.12s found conf file circos.conf
debuggroup summary 0.35s debug will appear for these features: summary,timer
debuggroup summary 0.36s bitmap output image ./circos.png
debuggroup summary 0.36s SVG output image ./circos.svg
debuggroup summary 0.36s parsing karyotype and organizing ideograms
debuggroup summary 0.36s karyotype has 25 chromosomes of total size 9,973,364
debuggroup summary 0.37s applying global and local scaling
debuggroup summary 0.38s allocating image, colors and brushes
debuggroup summary 1.02s drawing 25 ideograms of total size 9,973,364
debuggroup summary 1.02s drawing highlights and ideograms
debuggroup summary 1.02s found conf file /mnt/home/soft/circos/programs/x86_64/0.67-7/bin/../etc/tracks/highlight.bg.conf
debuggroup summary 1.02s process track_0 highlight /mnt/home/users/pab_001_uma/oliastencio/micro_lab3/shewanella_genomes_paper/result/reasig_Pdp11/e_Pdp11_1/e_Shewanella_putrefaciens_SH16_micro22/circos/circos.highlight.txt
debuggroup summary 1.64s found conf file /mnt/home/soft/circos/programs/x86_64/0.67-7/bin/../etc/tracks/link.conf
debuggroup summary 1.64s process track_0 link /mnt/home/users/pab_001_uma/oliastencio/micro_lab3/shewanella_genomes_paper/result/reasig_Pdp11/e_Pdp11_1/e_Shewanella_putrefaciens_SH16_micro22/circos/circos.segdup.txt
debuggroup summary 1.67s drawing link track_0 z 0
debuggroup timer 2.84s report circos 2.721 s
debuggroup timer 2.84s report color 0.521 s
debuggroup timer 2.84s report colorcache 0.007 s
debuggroup timer 2.84s report colordefinitions 0.131 s
debuggroup timer 2.84s report colorfetch 0.015 s
debuggroup timer 2.84s report colorlists 0.017 s
debuggroup timer 2.84s report colorlookups 0.007 s
debuggroup timer 2.84s report colortransparency 0.268 s
debuggroup timer 2.84s report dataparams 0.010 s
debuggroup timer 2.84s report datarules 0.000 s
debuggroup timer 2.84s report graphic_png_polygon 0.039 s
debuggroup timer 2.84s report graphic_slice 0.102 s
debuggroup timer 2.84s report graphic_slice_polygon_coord 0.019 s
debuggroup timer 2.84s report graphic_slice_polygon_svg 0.023 s
debuggroup timer 2.84s report graphic_slice_preprocess 0.017 s
debuggroup timer 2.84s report highlights 0.023 s
debuggroup timer 2.84s report ideograms_draw 0.598 s
debuggroup timer 2.84s report ideograms_processing 0.008 s
debuggroup timer 2.84s report ideograms_ticks_draw 0.370 s
debuggroup timer 2.84s report ideograms_zoom 0.009 s
debuggroup timer 2.84s report io 0.033 s
debuggroup timer 2.84s report karyotype 0.005 s
debuggroup timer 2.84s report parameter_seek 0.085 s
debuggroup timer 2.84s report unitconvert 0.002 s
debuggroup timer 2.84s report unitconvert_decision 0.000 s
debuggroup timer 2.84s report unitconvert_delegate 0.001 s
debuggroup timer 2.84s report unitparse 0.016 s
