debuggroup summary 0.12s welcome to circos v0.67-7 16 Mar 2015 on Perl 5.014002
debuggroup summary 0.12s loading configuration from file circos.conf
debuggroup summary 0.12s found conf file circos.conf
debuggroup summary 0.37s debug will appear for these features: summary,timer
debuggroup summary 0.37s bitmap output image ./circos.png
debuggroup summary 0.37s SVG output image ./circos.svg
debuggroup summary 0.37s parsing karyotype and organizing ideograms
debuggroup summary 0.37s karyotype has 2 chromosomes of total size 10,148,280
debuggroup summary 0.37s applying global and local scaling
debuggroup summary 0.38s allocating image, colors and brushes
debuggroup summary 1.04s drawing 2 ideograms of total size 10,148,280
debuggroup summary 1.04s drawing highlights and ideograms
debuggroup summary 1.04s found conf file /mnt/home/soft/circos/programs/x86_64/0.67-7/bin/../etc/tracks/highlight.bg.conf
debuggroup summary 1.04s process track_0 highlight /mnt/home/users/pab_001_uma/oliastencio/micro_lab3/shewanella_genomes_paper/result/reasig_Pdp11/e_Pdp11_1/GCF_000018285.1_ASM1828v1_genomic/circos/circos.highlight.txt
debuggroup summary 1.45s found conf file /mnt/home/soft/circos/programs/x86_64/0.67-7/bin/../etc/tracks/link.conf
debuggroup summary 1.45s process track_0 link /mnt/home/users/pab_001_uma/oliastencio/micro_lab3/shewanella_genomes_paper/result/reasig_Pdp11/e_Pdp11_1/GCF_000018285.1_ASM1828v1_genomic/circos/circos.segdup.txt
debuggroup summary 1.51s drawing link track_0 z 0
debuggroup timer 3.14s report circos 3.019 s
debuggroup timer 3.14s report color 0.541 s
debuggroup timer 3.14s report colorcache 0.007 s
debuggroup timer 3.14s report colordefinitions 0.134 s
debuggroup timer 3.14s report colorfetch 0.016 s
debuggroup timer 3.14s report colorlists 0.019 s
debuggroup timer 3.14s report colorlookups 0.008 s
debuggroup timer 3.14s report colortransparency 0.281 s
debuggroup timer 3.14s report dataparams 0.011 s
debuggroup timer 3.14s report datarules 0.000 s
debuggroup timer 3.14s report graphic_png_polygon 0.022 s
debuggroup timer 3.14s report graphic_slice 0.041 s
debuggroup timer 3.14s report graphic_slice_polygon_coord 0.010 s
debuggroup timer 3.14s report graphic_slice_polygon_svg 0.005 s
debuggroup timer 3.14s report graphic_slice_preprocess 0.004 s
debuggroup timer 3.14s report highlights 0.008 s
debuggroup timer 3.14s report ideograms_draw 0.406 s
debuggroup timer 3.14s report ideograms_processing 0.001 s
debuggroup timer 3.14s report ideograms_ticks_draw 0.346 s
debuggroup timer 3.14s report ideograms_zoom 0.001 s
debuggroup timer 3.14s report io 0.042 s
debuggroup timer 3.14s report karyotype 0.001 s
debuggroup timer 3.14s report parameter_seek 0.086 s
debuggroup timer 3.14s report unitconvert 0.002 s
debuggroup timer 3.14s report unitconvert_decision 0.000 s
debuggroup timer 3.14s report unitconvert_delegate 0.001 s
debuggroup timer 3.14s report unitparse 0.003 s
