debuggroup summary 0.12s welcome to circos v0.67-7 16 Mar 2015 on Perl 5.014002
debuggroup summary 0.12s loading configuration from file circos.conf
debuggroup summary 0.12s found conf file circos.conf
debuggroup summary 0.36s debug will appear for these features: summary,timer
debuggroup summary 0.37s bitmap output image ./circos.png
debuggroup summary 0.37s SVG output image ./circos.svg
debuggroup summary 0.37s parsing karyotype and organizing ideograms
debuggroup summary 0.37s karyotype has 11 chromosomes of total size 7,565,928
debuggroup summary 0.38s applying global and local scaling
debuggroup summary 0.38s allocating image, colors and brushes
debuggroup summary 1.04s drawing 11 ideograms of total size 7,565,928
debuggroup summary 1.04s drawing highlights and ideograms
debuggroup summary 1.04s found conf file /mnt/home/soft/circos/programs/x86_64/0.67-7/bin/../etc/tracks/highlight.bg.conf
debuggroup summary 1.04s process track_0 highlight /mnt/home/users/pab_001_uma/oliastencio/micro_lab3/shewanella_genomes_paper/result/reasig_Pdp11/e_Shewanella_putrefaciens_SH16_micro22/GCF_900636665.1_43781_G01_genomic/circos/circos.highlight.txt
debuggroup summary 1.41s found conf file /mnt/home/soft/circos/programs/x86_64/0.67-7/bin/../etc/tracks/link.conf
debuggroup summary 1.41s process track_0 link /mnt/home/users/pab_001_uma/oliastencio/micro_lab3/shewanella_genomes_paper/result/reasig_Pdp11/e_Shewanella_putrefaciens_SH16_micro22/GCF_900636665.1_43781_G01_genomic/circos/circos.segdup.txt
debuggroup summary 1.43s drawing link track_0 z 0
debuggroup timer 2.26s report circos 2.145 s
debuggroup timer 2.26s report color 0.536 s
debuggroup timer 2.26s report colorcache 0.007 s
debuggroup timer 2.26s report colordefinitions 0.134 s
debuggroup timer 2.26s report colorfetch 0.009 s
debuggroup timer 2.26s report colorlists 0.016 s
debuggroup timer 2.26s report colorlookups 0.008 s
debuggroup timer 2.26s report colortransparency 0.276 s
debuggroup timer 2.26s report dataparams 0.005 s
debuggroup timer 2.26s report datarules 0.000 s
debuggroup timer 2.26s report graphic_png_polygon 0.022 s
debuggroup timer 2.26s report graphic_slice 0.048 s
debuggroup timer 2.26s report graphic_slice_polygon_coord 0.011 s
debuggroup timer 2.26s report graphic_slice_polygon_svg 0.008 s
debuggroup timer 2.26s report graphic_slice_preprocess 0.006 s
debuggroup timer 2.26s report highlights 0.009 s
debuggroup timer 2.26s report ideograms_draw 0.364 s
debuggroup timer 2.26s report ideograms_processing 0.004 s
debuggroup timer 2.26s report ideograms_ticks_draw 0.266 s
debuggroup timer 2.26s report ideograms_zoom 0.004 s
debuggroup timer 2.26s report io 0.017 s
debuggroup timer 2.26s report karyotype 0.003 s
debuggroup timer 2.26s report parameter_seek 0.052 s
debuggroup timer 2.26s report unitconvert 0.002 s
debuggroup timer 2.26s report unitconvert_decision 0.000 s
debuggroup timer 2.26s report unitconvert_delegate 0.001 s
debuggroup timer 2.26s report unitparse 0.008 s
