debuggroup summary 0.11s welcome to circos v0.67-7 16 Mar 2015 on Perl 5.014002
debuggroup summary 0.11s loading configuration from file circos.conf
debuggroup summary 0.11s found conf file circos.conf
debuggroup summary 0.35s debug will appear for these features: summary,timer
debuggroup summary 0.35s bitmap output image ./circos.png
debuggroup summary 0.35s SVG output image ./circos.svg
debuggroup summary 0.35s parsing karyotype and organizing ideograms
debuggroup summary 0.36s karyotype has 25 chromosomes of total size 9,324,568
debuggroup summary 0.37s applying global and local scaling
debuggroup summary 0.38s allocating image, colors and brushes
debuggroup summary 1.01s drawing 25 ideograms of total size 9,324,568
debuggroup summary 1.01s drawing highlights and ideograms
debuggroup summary 1.01s found conf file /mnt/home/soft/circos/programs/x86_64/0.67-7/bin/../etc/tracks/highlight.bg.conf
debuggroup summary 1.01s process track_0 highlight /mnt/home/users/pab_001_uma/oliastencio/micro_lab3/shewanella_genomes_paper/result/reasig_Pdp11/e_Shewanella_putrefaciens_SH6_micro12/GCF_003044255.1_ASM304425v1_genomic/circos/circos.highlight.txt
debuggroup summary 1.63s found conf file /mnt/home/soft/circos/programs/x86_64/0.67-7/bin/../etc/tracks/link.conf
debuggroup summary 1.63s process track_0 link /mnt/home/users/pab_001_uma/oliastencio/micro_lab3/shewanella_genomes_paper/result/reasig_Pdp11/e_Shewanella_putrefaciens_SH6_micro12/GCF_003044255.1_ASM304425v1_genomic/circos/circos.segdup.txt
debuggroup summary 1.66s drawing link track_0 z 0
debuggroup timer 2.75s report circos 2.639 s
debuggroup timer 2.75s report color 0.517 s
debuggroup timer 2.75s report colorcache 0.006 s
debuggroup timer 2.75s report colordefinitions 0.132 s
debuggroup timer 2.75s report colorfetch 0.015 s
debuggroup timer 2.75s report colorlists 0.015 s
debuggroup timer 2.75s report colorlookups 0.007 s
debuggroup timer 2.75s report colortransparency 0.266 s
debuggroup timer 2.75s report dataparams 0.012 s
debuggroup timer 2.75s report datarules 0.000 s
debuggroup timer 2.75s report graphic_png_polygon 0.041 s
debuggroup timer 2.75s report graphic_slice 0.110 s
debuggroup timer 2.75s report graphic_slice_polygon_coord 0.017 s
debuggroup timer 2.75s report graphic_slice_polygon_svg 0.027 s
debuggroup timer 2.75s report graphic_slice_preprocess 0.021 s
debuggroup timer 2.75s report highlights 0.029 s
debuggroup timer 2.75s report ideograms_draw 0.589 s
debuggroup timer 2.75s report ideograms_processing 0.009 s
debuggroup timer 2.75s report ideograms_ticks_draw 0.344 s
debuggroup timer 2.75s report ideograms_zoom 0.009 s
debuggroup timer 2.75s report io 0.037 s
debuggroup timer 2.75s report karyotype 0.005 s
debuggroup timer 2.75s report parameter_seek 0.084 s
debuggroup timer 2.75s report unitconvert 0.002 s
debuggroup timer 2.75s report unitconvert_decision 0.000 s
debuggroup timer 2.75s report unitconvert_delegate 0.001 s
debuggroup timer 2.75s report unitparse 0.017 s
