debuggroup summary 0.13s welcome to circos v0.67-7 16 Mar 2015 on Perl 5.014002
debuggroup summary 0.13s loading configuration from file circos.conf
debuggroup summary 0.13s found conf file circos.conf
debuggroup summary 0.37s debug will appear for these features: summary,timer
debuggroup summary 0.37s bitmap output image ./circos.png
debuggroup summary 0.37s SVG output image ./circos.svg
debuggroup summary 0.38s parsing karyotype and organizing ideograms
debuggroup summary 0.38s karyotype has 2 chromosomes of total size 4,069,147
debuggroup summary 0.38s applying global and local scaling
debuggroup summary 0.38s allocating image, colors and brushes
debuggroup summary 1.03s drawing 2 ideograms of total size 4,069,147
debuggroup summary 1.03s drawing highlights and ideograms
debuggroup summary 1.03s found conf file /mnt/home/soft/circos/programs/x86_64/0.67-7/bin/../etc/tracks/highlight.bg.conf
debuggroup summary 1.04s process track_0 highlight /mnt/home/users/pab_001_uma/oliastencio/micro_lab3/shewanella_genomes_paper/result/reasig_Pdp11/e_Shewanella_putrefaciens_SdM2/GCF_006494715.1_ASM649471v1_genomic/circos/circos.highlight.txt
debuggroup summary 1.24s found conf file /mnt/home/soft/circos/programs/x86_64/0.67-7/bin/../etc/tracks/link.conf
debuggroup summary 1.24s process track_0 link /mnt/home/users/pab_001_uma/oliastencio/micro_lab3/shewanella_genomes_paper/result/reasig_Pdp11/e_Shewanella_putrefaciens_SdM2/GCF_006494715.1_ASM649471v1_genomic/circos/circos.segdup.txt
debuggroup summary 1.27s drawing link track_0 z 0
debuggroup timer 2.38s report circos 2.259 s
debuggroup timer 2.38s report color 0.533 s
debuggroup timer 2.38s report colorcache 0.007 s
debuggroup timer 2.38s report colordefinitions 0.134 s
debuggroup timer 2.38s report colorfetch 0.008 s
debuggroup timer 2.38s report colorlists 0.016 s
debuggroup timer 2.38s report colorlookups 0.008 s
debuggroup timer 2.38s report colortransparency 0.274 s
debuggroup timer 2.38s report dataparams 0.007 s
debuggroup timer 2.38s report datarules 0.000 s
debuggroup timer 2.38s report graphic_png_polygon 0.019 s
debuggroup timer 2.38s report graphic_slice 0.036 s
debuggroup timer 2.39s report graphic_slice_polygon_coord 0.010 s
debuggroup timer 2.39s report graphic_slice_polygon_svg 0.004 s
debuggroup timer 2.39s report graphic_slice_preprocess 0.002 s
debuggroup timer 2.39s report highlights 0.006 s
debuggroup timer 2.39s report ideograms_draw 0.196 s
debuggroup timer 2.39s report ideograms_processing 0.001 s
debuggroup timer 2.39s report ideograms_ticks_draw 0.147 s
debuggroup timer 2.39s report ideograms_zoom 0.001 s
debuggroup timer 2.39s report io 0.025 s
debuggroup timer 2.39s report karyotype 0.001 s
debuggroup timer 2.39s report parameter_seek 0.042 s
debuggroup timer 2.39s report unitconvert 0.002 s
debuggroup timer 2.39s report unitconvert_decision 0.000 s
debuggroup timer 2.39s report unitconvert_delegate 0.001 s
debuggroup timer 2.39s report unitparse 0.003 s
