debuggroup summary 0.13s welcome to circos v0.67-7 16 Mar 2015 on Perl 5.014002
debuggroup summary 0.13s loading configuration from file circos.conf
debuggroup summary 0.13s found conf file circos.conf
debuggroup summary 0.38s debug will appear for these features: summary,timer
debuggroup summary 0.38s bitmap output image ./circos.png
debuggroup summary 0.38s SVG output image ./circos.svg
debuggroup summary 0.38s parsing karyotype and organizing ideograms
debuggroup summary 0.39s karyotype has 23 chromosomes of total size 9,678,815
debuggroup summary 0.40s applying global and local scaling
debuggroup summary 0.41s allocating image, colors and brushes
debuggroup summary 1.06s drawing 23 ideograms of total size 9,678,815
debuggroup summary 1.06s drawing highlights and ideograms
debuggroup summary 1.06s found conf file /mnt/home/soft/circos/programs/x86_64/0.67-7/bin/../etc/tracks/highlight.bg.conf
debuggroup summary 1.06s process track_0 highlight /mnt/home/users/pab_001_uma/oliastencio/micro_lab3/shewanella_genomes_paper/result/reasig_Pdp11/e_Shewanella_putrefaciens_SH16_micro22/GCF_000015185.1_ASM1518v1_genomic/circos/circos.highlight.txt
debuggroup summary 1.74s found conf file /mnt/home/soft/circos/programs/x86_64/0.67-7/bin/../etc/tracks/link.conf
debuggroup summary 1.74s process track_0 link /mnt/home/users/pab_001_uma/oliastencio/micro_lab3/shewanella_genomes_paper/result/reasig_Pdp11/e_Shewanella_putrefaciens_SH16_micro22/GCF_000015185.1_ASM1518v1_genomic/circos/circos.segdup.txt
debuggroup summary 1.77s drawing link track_0 z 0
debuggroup timer 2.95s report circos 2.820 s
debuggroup timer 2.95s report color 0.536 s
debuggroup timer 2.95s report colorcache 0.007 s
debuggroup timer 2.95s report colordefinitions 0.134 s
debuggroup timer 2.95s report colorfetch 0.016 s
debuggroup timer 2.95s report colorlists 0.018 s
debuggroup timer 2.95s report colorlookups 0.008 s
debuggroup timer 2.95s report colortransparency 0.274 s
debuggroup timer 2.95s report dataparams 0.012 s
debuggroup timer 2.95s report datarules 0.000 s
debuggroup timer 2.95s report graphic_png_polygon 0.045 s
debuggroup timer 2.95s report graphic_slice 0.121 s
debuggroup timer 2.95s report graphic_slice_polygon_coord 0.019 s
debuggroup timer 2.95s report graphic_slice_polygon_svg 0.030 s
debuggroup timer 2.95s report graphic_slice_preprocess 0.023 s
debuggroup timer 2.95s report highlights 0.031 s
debuggroup timer 2.95s report ideograms_draw 0.643 s
debuggroup timer 2.95s report ideograms_processing 0.008 s
debuggroup timer 2.95s report ideograms_ticks_draw 0.370 s
debuggroup timer 2.95s report ideograms_zoom 0.008 s
debuggroup timer 2.95s report io 0.039 s
debuggroup timer 2.95s report karyotype 0.005 s
debuggroup timer 2.95s report parameter_seek 0.090 s
debuggroup timer 2.95s report unitconvert 0.002 s
debuggroup timer 2.95s report unitconvert_decision 0.000 s
debuggroup timer 2.95s report unitconvert_delegate 0.001 s
debuggroup timer 2.95s report unitparse 0.016 s
