debuggroup summary 0.12s welcome to circos v0.67-7 16 Mar 2015 on Perl 5.014002
debuggroup summary 0.12s loading configuration from file circos.conf
debuggroup summary 0.12s found conf file circos.conf
debuggroup summary 0.37s debug will appear for these features: summary,timer
debuggroup summary 0.37s bitmap output image ./circos.png
debuggroup summary 0.37s SVG output image ./circos.svg
debuggroup summary 0.37s parsing karyotype and organizing ideograms
debuggroup summary 0.37s karyotype has 15 chromosomes of total size 8,098,717
debuggroup summary 0.38s applying global and local scaling
debuggroup summary 0.39s allocating image, colors and brushes
debuggroup summary 1.06s drawing 15 ideograms of total size 8,098,717
debuggroup summary 1.06s drawing highlights and ideograms
debuggroup summary 1.06s found conf file /mnt/home/soft/circos/programs/x86_64/0.67-7/bin/../etc/tracks/highlight.bg.conf
debuggroup summary 1.06s process track_0 highlight /mnt/home/users/pab_001_uma/oliastencio/micro_lab3/shewanella_genomes_paper/result/reasig_Pdp11/e_Shewanella_putrefaciens_SH16_micro22/GCF_000146165.2_ASM14616v2_genomic/circos/circos.highlight.txt
debuggroup summary 1.49s found conf file /mnt/home/soft/circos/programs/x86_64/0.67-7/bin/../etc/tracks/link.conf
debuggroup summary 1.49s process track_0 link /mnt/home/users/pab_001_uma/oliastencio/micro_lab3/shewanella_genomes_paper/result/reasig_Pdp11/e_Shewanella_putrefaciens_SH16_micro22/GCF_000146165.2_ASM14616v2_genomic/circos/circos.segdup.txt
debuggroup summary 1.50s drawing link track_0 z 0
debuggroup timer 2.36s report circos 2.236 s
debuggroup timer 2.36s report color 0.550 s
debuggroup timer 2.36s report colorcache 0.007 s
debuggroup timer 2.36s report colordefinitions 0.138 s
debuggroup timer 2.36s report colorfetch 0.011 s
debuggroup timer 2.36s report colorlists 0.019 s
debuggroup timer 2.36s report colorlookups 0.010 s
debuggroup timer 2.36s report colortransparency 0.280 s
debuggroup timer 2.36s report dataparams 0.005 s
debuggroup timer 2.36s report datarules 0.000 s
debuggroup timer 2.36s report graphic_png_polygon 0.023 s
debuggroup timer 2.36s report graphic_slice 0.053 s
debuggroup timer 2.36s report graphic_slice_polygon_coord 0.011 s
debuggroup timer 2.36s report graphic_slice_polygon_svg 0.009 s
debuggroup timer 2.36s report graphic_slice_preprocess 0.007 s
debuggroup timer 2.36s report highlights 0.009 s
debuggroup timer 2.36s report ideograms_draw 0.420 s
debuggroup timer 2.36s report ideograms_processing 0.005 s
debuggroup timer 2.36s report ideograms_ticks_draw 0.303 s
debuggroup timer 2.36s report ideograms_zoom 0.005 s
debuggroup timer 2.36s report io 0.016 s
debuggroup timer 2.36s report karyotype 0.004 s
debuggroup timer 2.36s report parameter_seek 0.057 s
debuggroup timer 2.36s report unitconvert 0.002 s
debuggroup timer 2.36s report unitconvert_decision 0.000 s
debuggroup timer 2.36s report unitconvert_delegate 0.001 s
debuggroup timer 2.36s report unitparse 0.012 s
