debuggroup summary 0.12s welcome to circos v0.67-7 16 Mar 2015 on Perl 5.014002
debuggroup summary 0.12s loading configuration from file circos.conf
debuggroup summary 0.12s found conf file circos.conf
debuggroup summary 0.37s debug will appear for these features: summary,timer
debuggroup summary 0.37s bitmap output image ./circos.png
debuggroup summary 0.37s SVG output image ./circos.svg
debuggroup summary 0.37s parsing karyotype and organizing ideograms
debuggroup summary 0.38s karyotype has 63 chromosomes of total size 10,014,322
debuggroup summary 0.41s applying global and local scaling
debuggroup summary 0.44s allocating image, colors and brushes
debuggroup summary 1.11s drawing 63 ideograms of total size 10,014,322
debuggroup summary 1.11s drawing highlights and ideograms
debuggroup summary 1.11s found conf file /mnt/home/soft/circos/programs/x86_64/0.67-7/bin/../etc/tracks/highlight.bg.conf
debuggroup summary 1.11s process track_0 highlight /mnt/home/users/pab_001_uma/oliastencio/micro_lab3/shewanella_genomes_paper/result/reasig_Pdp11/e_Shewanella_putrefaciens_SH9_micro13/e_Shewanella_putrefaciens_SH16_micro22/circos/circos.highlight.txt
debuggroup summary 1.93s found conf file /mnt/home/soft/circos/programs/x86_64/0.67-7/bin/../etc/tracks/link.conf
debuggroup summary 1.93s process track_0 link /mnt/home/users/pab_001_uma/oliastencio/micro_lab3/shewanella_genomes_paper/result/reasig_Pdp11/e_Shewanella_putrefaciens_SH9_micro13/e_Shewanella_putrefaciens_SH16_micro22/circos/circos.segdup.txt
debuggroup summary 1.95s drawing link track_0 z 0
debuggroup timer 2.83s report circos 2.713 s
debuggroup timer 2.83s report color 0.544 s
debuggroup timer 2.83s report colorcache 0.007 s
debuggroup timer 2.83s report colordefinitions 0.139 s
debuggroup timer 2.83s report colorfetch 0.016 s
debuggroup timer 2.83s report colorlists 0.017 s
debuggroup timer 2.83s report colorlookups 0.008 s
debuggroup timer 2.83s report colortransparency 0.280 s
debuggroup timer 2.83s report dataparams 0.006 s
debuggroup timer 2.83s report datarules 0.000 s
debuggroup timer 2.83s report graphic_png_polygon 0.036 s
debuggroup timer 2.83s report graphic_slice 0.105 s
debuggroup timer 2.83s report graphic_slice_polygon_coord 0.019 s
debuggroup timer 2.83s report graphic_slice_polygon_svg 0.027 s
debuggroup timer 2.83s report graphic_slice_preprocess 0.020 s
debuggroup timer 2.83s report highlights 0.018 s
debuggroup timer 2.83s report ideograms_draw 0.805 s
debuggroup timer 2.83s report ideograms_processing 0.027 s
debuggroup timer 2.83s report ideograms_ticks_draw 0.447 s
debuggroup timer 2.83s report ideograms_zoom 0.026 s
debuggroup timer 2.83s report io 0.021 s
debuggroup timer 2.83s report karyotype 0.011 s
debuggroup timer 2.83s report parameter_seek 0.087 s
debuggroup timer 2.83s report unitconvert 0.002 s
debuggroup timer 2.83s report unitconvert_decision 0.000 s
debuggroup timer 2.83s report unitconvert_delegate 0.001 s
debuggroup timer 2.83s report unitparse 0.039 s
