debuggroup summary 0.12s welcome to circos v0.67-7 16 Mar 2015 on Perl 5.014002
debuggroup summary 0.12s loading configuration from file circos.conf
debuggroup summary 0.12s found conf file circos.conf
debuggroup summary 0.39s debug will appear for these features: summary,timer
debuggroup summary 0.39s bitmap output image ./circos.png
debuggroup summary 0.39s SVG output image ./circos.svg
debuggroup summary 0.39s parsing karyotype and organizing ideograms
debuggroup summary 0.40s karyotype has 37 chromosomes of total size 9,680,359
debuggroup summary 0.41s applying global and local scaling
debuggroup summary 0.43s allocating image, colors and brushes
debuggroup summary 1.09s drawing 37 ideograms of total size 9,680,359
debuggroup summary 1.09s drawing highlights and ideograms
debuggroup summary 1.09s found conf file /mnt/home/soft/circos/programs/x86_64/0.67-7/bin/../etc/tracks/highlight.bg.conf
debuggroup summary 1.09s process track_0 highlight /mnt/home/users/pab_001_uma/oliastencio/micro_lab3/shewanella_genomes_paper/result/reasig_Pdp11/e_Shewanella_putrefaciens_SH12_micro1/GCF_000146165.2_ASM14616v2_genomic/circos/circos.highlight.txt
debuggroup summary 1.82s found conf file /mnt/home/soft/circos/programs/x86_64/0.67-7/bin/../etc/tracks/link.conf
debuggroup summary 1.82s process track_0 link /mnt/home/users/pab_001_uma/oliastencio/micro_lab3/shewanella_genomes_paper/result/reasig_Pdp11/e_Shewanella_putrefaciens_SH12_micro1/GCF_000146165.2_ASM14616v2_genomic/circos/circos.segdup.txt
debuggroup summary 1.86s drawing link track_0 z 0
debuggroup timer 3.00s report circos 2.882 s
debuggroup timer 3.00s report color 0.539 s
debuggroup timer 3.00s report colorcache 0.007 s
debuggroup timer 3.00s report colordefinitions 0.134 s
debuggroup timer 3.00s report colorfetch 0.017 s
debuggroup timer 3.00s report colorlists 0.018 s
debuggroup timer 3.00s report colorlookups 0.008 s
debuggroup timer 3.00s report colortransparency 0.277 s
debuggroup timer 3.00s report dataparams 0.011 s
debuggroup timer 3.00s report datarules 0.000 s
debuggroup timer 3.00s report graphic_png_polygon 0.045 s
debuggroup timer 3.00s report graphic_slice 0.123 s
debuggroup timer 3.00s report graphic_slice_polygon_coord 0.020 s
debuggroup timer 3.00s report graphic_slice_polygon_svg 0.029 s
debuggroup timer 3.00s report graphic_slice_preprocess 0.024 s
debuggroup timer 3.00s report highlights 0.027 s
debuggroup timer 3.00s report ideograms_draw 0.705 s
debuggroup timer 3.00s report ideograms_processing 0.013 s
debuggroup timer 3.00s report ideograms_ticks_draw 0.400 s
debuggroup timer 3.00s report ideograms_zoom 0.013 s
debuggroup timer 3.00s report io 0.036 s
debuggroup timer 3.00s report karyotype 0.007 s
debuggroup timer 3.00s report parameter_seek 0.094 s
debuggroup timer 3.00s report unitconvert 0.002 s
debuggroup timer 3.00s report unitconvert_decision 0.000 s
debuggroup timer 3.00s report unitconvert_delegate 0.001 s
debuggroup timer 3.00s report unitparse 0.024 s
