debuggroup summary 0.12s welcome to circos v0.67-7 16 Mar 2015 on Perl 5.014002
debuggroup summary 0.12s loading configuration from file circos.conf
debuggroup summary 0.12s found conf file circos.conf
debuggroup summary 0.37s debug will appear for these features: summary,timer
debuggroup summary 0.37s bitmap output image ./circos.png
debuggroup summary 0.37s SVG output image ./circos.svg
debuggroup summary 0.37s parsing karyotype and organizing ideograms
debuggroup summary 0.37s karyotype has 16 chromosomes of total size 9,388,213
debuggroup summary 0.38s applying global and local scaling
debuggroup summary 0.39s allocating image, colors and brushes
debuggroup summary 1.07s drawing 16 ideograms of total size 9,388,213
debuggroup summary 1.07s drawing highlights and ideograms
debuggroup summary 1.07s found conf file /mnt/home/soft/circos/programs/x86_64/0.67-7/bin/../etc/tracks/highlight.bg.conf
debuggroup summary 1.07s process track_0 highlight /mnt/home/users/pab_001_uma/oliastencio/micro_lab3/shewanella_genomes_paper/result/reasig_Pdp11/e_Shewanella_putrefaciens_SdM2/GCF_000178875.2_ASM17887v2_genomic/circos/circos.highlight.txt
debuggroup summary 1.60s found conf file /mnt/home/soft/circos/programs/x86_64/0.67-7/bin/../etc/tracks/link.conf
debuggroup summary 1.60s process track_0 link /mnt/home/users/pab_001_uma/oliastencio/micro_lab3/shewanella_genomes_paper/result/reasig_Pdp11/e_Shewanella_putrefaciens_SdM2/GCF_000178875.2_ASM17887v2_genomic/circos/circos.segdup.txt
debuggroup summary 1.63s drawing link track_0 z 0
debuggroup timer 2.76s report circos 2.645 s
debuggroup timer 2.76s report color 0.565 s
debuggroup timer 2.76s report colorcache 0.007 s
debuggroup timer 2.76s report colordefinitions 0.137 s
debuggroup timer 2.76s report colorfetch 0.015 s
debuggroup timer 2.76s report colorlists 0.032 s
debuggroup timer 2.76s report colorlookups 0.008 s
debuggroup timer 2.76s report colortransparency 0.286 s
debuggroup timer 2.76s report dataparams 0.009 s
debuggroup timer 2.76s report datarules 0.000 s
debuggroup timer 2.76s report graphic_png_polygon 0.033 s
debuggroup timer 2.76s report graphic_slice 0.081 s
debuggroup timer 2.76s report graphic_slice_polygon_coord 0.015 s
debuggroup timer 2.76s report graphic_slice_polygon_svg 0.017 s
debuggroup timer 2.76s report graphic_slice_preprocess 0.013 s
debuggroup timer 2.76s report highlights 0.019 s
debuggroup timer 2.76s report ideograms_draw 0.514 s
debuggroup timer 2.76s report ideograms_processing 0.005 s
debuggroup timer 2.76s report ideograms_ticks_draw 0.347 s
debuggroup timer 2.76s report ideograms_zoom 0.006 s
debuggroup timer 2.76s report io 0.029 s
debuggroup timer 2.76s report karyotype 0.004 s
debuggroup timer 2.76s report parameter_seek 0.076 s
debuggroup timer 2.76s report unitconvert 0.002 s
debuggroup timer 2.76s report unitconvert_decision 0.000 s
debuggroup timer 2.76s report unitconvert_delegate 0.001 s
debuggroup timer 2.76s report unitparse 0.013 s
