debuggroup summary 0.11s welcome to circos v0.67-7 16 Mar 2015 on Perl 5.014002
debuggroup summary 0.11s loading configuration from file circos.conf
debuggroup summary 0.11s found conf file circos.conf
debuggroup summary 0.35s debug will appear for these features: summary,timer
debuggroup summary 0.36s bitmap output image ./circos.png
debuggroup summary 0.36s SVG output image ./circos.svg
debuggroup summary 0.36s parsing karyotype and organizing ideograms
debuggroup summary 0.36s karyotype has 2 chromosomes of total size 9,679,986
debuggroup summary 0.36s applying global and local scaling
debuggroup summary 0.37s allocating image, colors and brushes
debuggroup summary 1.00s drawing 2 ideograms of total size 9,679,986
debuggroup summary 1.00s drawing highlights and ideograms
debuggroup summary 1.00s found conf file /mnt/home/soft/circos/programs/x86_64/0.67-7/bin/../etc/tracks/highlight.bg.conf
debuggroup summary 1.00s process track_0 highlight /mnt/home/users/pab_001_uma/oliastencio/micro_lab3/shewanella_genomes_paper/result/reasig_Pdp11/e_Pdp11_1/GCF_000014685.1_ASM1468v1_genomic/circos/circos.highlight.txt
debuggroup summary 1.43s found conf file /mnt/home/soft/circos/programs/x86_64/0.67-7/bin/../etc/tracks/link.conf
debuggroup summary 1.43s process track_0 link /mnt/home/users/pab_001_uma/oliastencio/micro_lab3/shewanella_genomes_paper/result/reasig_Pdp11/e_Pdp11_1/GCF_000014685.1_ASM1468v1_genomic/circos/circos.segdup.txt
debuggroup summary 1.48s drawing link track_0 z 0
debuggroup timer 2.91s report circos 2.793 s
debuggroup timer 2.91s report color 0.517 s
debuggroup timer 2.91s report colorcache 0.006 s
debuggroup timer 2.91s report colordefinitions 0.128 s
debuggroup timer 2.91s report colorfetch 0.014 s
debuggroup timer 2.91s report colorlists 0.016 s
debuggroup timer 2.91s report colorlookups 0.008 s
debuggroup timer 2.91s report colortransparency 0.264 s
debuggroup timer 2.91s report dataparams 0.011 s
debuggroup timer 2.91s report datarules 0.000 s
debuggroup timer 2.91s report graphic_png_polygon 0.025 s
debuggroup timer 2.91s report graphic_slice 0.051 s
debuggroup timer 2.91s report graphic_slice_polygon_coord 0.011 s
debuggroup timer 2.91s report graphic_slice_polygon_svg 0.008 s
debuggroup timer 2.91s report graphic_slice_preprocess 0.005 s
debuggroup timer 2.91s report highlights 0.011 s
debuggroup timer 2.91s report ideograms_draw 0.413 s
debuggroup timer 2.91s report ideograms_processing 0.001 s
debuggroup timer 2.91s report ideograms_ticks_draw 0.336 s
debuggroup timer 2.91s report ideograms_zoom 0.001 s
debuggroup timer 2.91s report io 0.039 s
debuggroup timer 2.91s report karyotype 0.001 s
debuggroup timer 2.91s report parameter_seek 0.080 s
debuggroup timer 2.91s report unitconvert 0.002 s
debuggroup timer 2.91s report unitconvert_decision 0.000 s
debuggroup timer 2.91s report unitconvert_delegate 0.001 s
debuggroup timer 2.91s report unitparse 0.003 s
