debuggroup summary 0.12s welcome to circos v0.67-7 16 Mar 2015 on Perl 5.014002
debuggroup summary 0.12s loading configuration from file circos.conf
debuggroup summary 0.12s found conf file circos.conf
debuggroup summary 0.35s debug will appear for these features: summary,timer
debuggroup summary 0.35s bitmap output image ./circos.png
debuggroup summary 0.35s SVG output image ./circos.svg
debuggroup summary 0.36s parsing karyotype and organizing ideograms
debuggroup summary 0.36s karyotype has 5 chromosomes of total size 5,624,153
debuggroup summary 0.36s applying global and local scaling
debuggroup summary 0.37s allocating image, colors and brushes
debuggroup summary 1.01s drawing 5 ideograms of total size 5,624,153
debuggroup summary 1.02s drawing highlights and ideograms
debuggroup summary 1.02s found conf file /mnt/home/soft/circos/programs/x86_64/0.67-7/bin/../etc/tracks/highlight.bg.conf
debuggroup summary 1.02s process track_0 highlight /mnt/home/users/pab_001_uma/oliastencio/micro_lab3/shewanella_genomes_paper/result/reasig_Pdp11/e_Shewanella_putrefaciens_SH6_micro12/GCF_000018285.1_ASM1828v1_genomic/circos/circos.highlight.txt
debuggroup summary 1.29s found conf file /mnt/home/soft/circos/programs/x86_64/0.67-7/bin/../etc/tracks/link.conf
debuggroup summary 1.29s process track_0 link /mnt/home/users/pab_001_uma/oliastencio/micro_lab3/shewanella_genomes_paper/result/reasig_Pdp11/e_Shewanella_putrefaciens_SH6_micro12/GCF_000018285.1_ASM1828v1_genomic/circos/circos.segdup.txt
debuggroup summary 1.31s drawing link track_0 z 0
debuggroup timer 2.16s report circos 2.042 s
debuggroup timer 2.16s report color 0.530 s
debuggroup timer 2.16s report colorcache 0.007 s
debuggroup timer 2.16s report colordefinitions 0.129 s
debuggroup timer 2.16s report colorfetch 0.008 s
debuggroup timer 2.16s report colorlists 0.019 s
debuggroup timer 2.16s report colorlookups 0.008 s
debuggroup timer 2.16s report colortransparency 0.273 s
debuggroup timer 2.16s report dataparams 0.004 s
debuggroup timer 2.16s report datarules 0.000 s
debuggroup timer 2.16s report graphic_png_polygon 0.020 s
debuggroup timer 2.16s report graphic_slice 0.037 s
debuggroup timer 2.16s report graphic_slice_polygon_coord 0.010 s
debuggroup timer 2.16s report graphic_slice_polygon_svg 0.004 s
debuggroup timer 2.16s report graphic_slice_preprocess 0.003 s
debuggroup timer 2.16s report highlights 0.006 s
debuggroup timer 2.16s report ideograms_draw 0.266 s
debuggroup timer 2.16s report ideograms_processing 0.002 s
debuggroup timer 2.16s report ideograms_ticks_draw 0.205 s
debuggroup timer 2.16s report ideograms_zoom 0.002 s
debuggroup timer 2.16s report io 0.015 s
debuggroup timer 2.16s report karyotype 0.002 s
debuggroup timer 2.16s report parameter_seek 0.041 s
debuggroup timer 2.16s report unitconvert 0.002 s
debuggroup timer 2.16s report unitconvert_decision 0.000 s
debuggroup timer 2.16s report unitconvert_delegate 0.001 s
debuggroup timer 2.16s report unitparse 0.005 s
