debuggroup summary 0.12s welcome to circos v0.67-7 16 Mar 2015 on Perl 5.014002
debuggroup summary 0.12s loading configuration from file circos.conf
debuggroup summary 0.12s found conf file circos.conf
debuggroup summary 0.39s debug will appear for these features: summary,timer
debuggroup summary 0.39s bitmap output image ./circos.png
debuggroup summary 0.39s SVG output image ./circos.svg
debuggroup summary 0.39s parsing karyotype and organizing ideograms
debuggroup summary 0.39s karyotype has 4 chromosomes of total size 6,027,893
debuggroup summary 0.39s applying global and local scaling
debuggroup summary 0.40s allocating image, colors and brushes
debuggroup summary 1.07s drawing 4 ideograms of total size 6,027,893
debuggroup summary 1.07s drawing highlights and ideograms
debuggroup summary 1.07s found conf file /mnt/home/soft/circos/programs/x86_64/0.67-7/bin/../etc/tracks/highlight.bg.conf
debuggroup summary 1.07s process track_0 highlight /mnt/home/users/pab_001_uma/oliastencio/micro_lab3/shewanella_genomes_paper/result/reasig_Pdp11/e_Shewanella_putrefaciens_SdM1/GCF_007004545.2_ASM700454v2_genomic/circos/circos.highlight.txt
debuggroup summary 1.39s found conf file /mnt/home/soft/circos/programs/x86_64/0.67-7/bin/../etc/tracks/link.conf
debuggroup summary 1.39s process track_0 link /mnt/home/users/pab_001_uma/oliastencio/micro_lab3/shewanella_genomes_paper/result/reasig_Pdp11/e_Shewanella_putrefaciens_SdM1/GCF_007004545.2_ASM700454v2_genomic/circos/circos.segdup.txt
debuggroup summary 1.41s drawing link track_0 z 0
debuggroup timer 2.33s report circos 2.209 s
debuggroup timer 2.33s report color 0.549 s
debuggroup timer 2.33s report colorcache 0.007 s
debuggroup timer 2.33s report colordefinitions 0.140 s
debuggroup timer 2.33s report colorfetch 0.009 s
debuggroup timer 2.33s report colorlists 0.019 s
debuggroup timer 2.33s report colorlookups 0.009 s
debuggroup timer 2.33s report colortransparency 0.280 s
debuggroup timer 2.33s report dataparams 0.005 s
debuggroup timer 2.33s report datarules 0.000 s
debuggroup timer 2.33s report graphic_png_polygon 0.020 s
debuggroup timer 2.33s report graphic_slice 0.039 s
debuggroup timer 2.33s report graphic_slice_polygon_coord 0.010 s
debuggroup timer 2.33s report graphic_slice_polygon_svg 0.005 s
debuggroup timer 2.33s report graphic_slice_preprocess 0.003 s
debuggroup timer 2.33s report highlights 0.007 s
debuggroup timer 2.33s report ideograms_draw 0.310 s
debuggroup timer 2.33s report ideograms_processing 0.002 s
debuggroup timer 2.33s report ideograms_ticks_draw 0.248 s
debuggroup timer 2.33s report ideograms_zoom 0.002 s
debuggroup timer 2.33s report io 0.020 s
debuggroup timer 2.33s report karyotype 0.002 s
debuggroup timer 2.33s report parameter_seek 0.046 s
debuggroup timer 2.33s report unitconvert 0.002 s
debuggroup timer 2.33s report unitconvert_decision 0.000 s
debuggroup timer 2.33s report unitconvert_delegate 0.001 s
debuggroup timer 2.33s report unitparse 0.005 s
