debuggroup summary 0.11s welcome to circos v0.67-7 16 Mar 2015 on Perl 5.014002
debuggroup summary 0.11s loading configuration from file circos.conf
debuggroup summary 0.11s found conf file circos.conf
debuggroup summary 0.35s debug will appear for these features: summary,timer
debuggroup summary 0.35s bitmap output image ./circos.png
debuggroup summary 0.35s SVG output image ./circos.svg
debuggroup summary 0.35s parsing karyotype and organizing ideograms
debuggroup summary 0.36s karyotype has 25 chromosomes of total size 9,599,328
debuggroup summary 0.37s applying global and local scaling
debuggroup summary 0.38s allocating image, colors and brushes
debuggroup summary 1.01s drawing 25 ideograms of total size 9,599,328
debuggroup summary 1.01s drawing highlights and ideograms
debuggroup summary 1.01s found conf file /mnt/home/soft/circos/programs/x86_64/0.67-7/bin/../etc/tracks/highlight.bg.conf
debuggroup summary 1.01s process track_0 highlight /mnt/home/users/pab_001_uma/oliastencio/micro_lab3/shewanella_genomes_paper/result/reasig_Pdp11/e_Shewanella_putrefaciens_SH6_micro12/GCF_000016585.1_ASM1658v1_genomic/circos/circos.highlight.txt
debuggroup summary 1.65s found conf file /mnt/home/soft/circos/programs/x86_64/0.67-7/bin/../etc/tracks/link.conf
debuggroup summary 1.65s process track_0 link /mnt/home/users/pab_001_uma/oliastencio/micro_lab3/shewanella_genomes_paper/result/reasig_Pdp11/e_Shewanella_putrefaciens_SH6_micro12/GCF_000016585.1_ASM1658v1_genomic/circos/circos.segdup.txt
debuggroup summary 1.68s drawing link track_0 z 0
debuggroup timer 2.73s report circos 2.612 s
debuggroup timer 2.73s report color 0.520 s
debuggroup timer 2.73s report colorcache 0.006 s
debuggroup timer 2.73s report colordefinitions 0.130 s
debuggroup timer 2.73s report colorfetch 0.015 s
debuggroup timer 2.73s report colorlists 0.016 s
debuggroup timer 2.73s report colorlookups 0.007 s
debuggroup timer 2.73s report colortransparency 0.269 s
debuggroup timer 2.73s report dataparams 0.010 s
debuggroup timer 2.73s report datarules 0.000 s
debuggroup timer 2.73s report graphic_png_polygon 0.039 s
debuggroup timer 2.73s report graphic_slice 0.105 s
debuggroup timer 2.73s report graphic_slice_polygon_coord 0.017 s
debuggroup timer 2.73s report graphic_slice_polygon_svg 0.025 s
debuggroup timer 2.73s report graphic_slice_preprocess 0.019 s
debuggroup timer 2.73s report highlights 0.028 s
debuggroup timer 2.73s report ideograms_draw 0.604 s
debuggroup timer 2.73s report ideograms_processing 0.008 s
debuggroup timer 2.73s report ideograms_ticks_draw 0.366 s
debuggroup timer 2.73s report ideograms_zoom 0.009 s
debuggroup timer 2.73s report io 0.035 s
debuggroup timer 2.73s report karyotype 0.005 s
debuggroup timer 2.73s report parameter_seek 0.082 s
debuggroup timer 2.73s report unitconvert 0.002 s
debuggroup timer 2.73s report unitconvert_decision 0.000 s
debuggroup timer 2.73s report unitconvert_delegate 0.001 s
debuggroup timer 2.73s report unitparse 0.017 s
