debuggroup summary 0.12s welcome to circos v0.67-7 16 Mar 2015 on Perl 5.014002
debuggroup summary 0.12s loading configuration from file circos.conf
debuggroup summary 0.12s found conf file circos.conf
debuggroup summary 0.37s debug will appear for these features: summary,timer
debuggroup summary 0.37s bitmap output image ./circos.png
debuggroup summary 0.37s SVG output image ./circos.svg
debuggroup summary 0.37s parsing karyotype and organizing ideograms
debuggroup summary 0.37s karyotype has 2 chromosomes of total size 9,813,950
debuggroup summary 0.38s applying global and local scaling
debuggroup summary 0.38s allocating image, colors and brushes
debuggroup summary 1.04s drawing 2 ideograms of total size 9,813,950
debuggroup summary 1.04s drawing highlights and ideograms
debuggroup summary 1.04s found conf file /mnt/home/soft/circos/programs/x86_64/0.67-7/bin/../etc/tracks/highlight.bg.conf
debuggroup summary 1.04s process track_0 highlight /mnt/home/users/pab_001_uma/oliastencio/micro_lab3/shewanella_genomes_paper/result/reasig_Pdp11/e_Pdp11_1/GCF_000169215.2_ASM16921v2_genomic/circos/circos.highlight.txt
debuggroup summary 1.54s found conf file /mnt/home/soft/circos/programs/x86_64/0.67-7/bin/../etc/tracks/link.conf
debuggroup summary 1.54s process track_0 link /mnt/home/users/pab_001_uma/oliastencio/micro_lab3/shewanella_genomes_paper/result/reasig_Pdp11/e_Pdp11_1/GCF_000169215.2_ASM16921v2_genomic/circos/circos.segdup.txt
debuggroup summary 1.60s drawing link track_0 z 0
debuggroup timer 3.25s report circos 3.133 s
debuggroup timer 3.25s report color 0.540 s
debuggroup timer 3.25s report colorcache 0.007 s
debuggroup timer 3.25s report colordefinitions 0.136 s
debuggroup timer 3.25s report colorfetch 0.018 s
debuggroup timer 3.25s report colorlists 0.016 s
debuggroup timer 3.25s report colorlookups 0.008 s
debuggroup timer 3.25s report colortransparency 0.278 s
debuggroup timer 3.25s report dataparams 0.015 s
debuggroup timer 3.25s report datarules 0.000 s
debuggroup timer 3.25s report graphic_png_polygon 0.039 s
debuggroup timer 3.25s report graphic_slice 0.089 s
debuggroup timer 3.25s report graphic_slice_polygon_coord 0.016 s
debuggroup timer 3.25s report graphic_slice_polygon_svg 0.018 s
debuggroup timer 3.25s report graphic_slice_preprocess 0.013 s
debuggroup timer 3.25s report highlights 0.024 s
debuggroup timer 3.25s report ideograms_draw 0.477 s
debuggroup timer 3.25s report ideograms_processing 0.001 s
debuggroup timer 3.25s report ideograms_ticks_draw 0.338 s
debuggroup timer 3.25s report ideograms_zoom 0.001 s
debuggroup timer 3.25s report io 0.051 s
debuggroup timer 3.25s report karyotype 0.001 s
debuggroup timer 3.25s report parameter_seek 0.093 s
debuggroup timer 3.25s report unitconvert 0.002 s
debuggroup timer 3.25s report unitconvert_decision 0.000 s
debuggroup timer 3.25s report unitconvert_delegate 0.001 s
debuggroup timer 3.25s report unitparse 0.003 s
