debuggroup summary 0.12s welcome to circos v0.67-7 16 Mar 2015 on Perl 5.014002
debuggroup summary 0.12s loading configuration from file circos.conf
debuggroup summary 0.12s found conf file circos.conf
debuggroup summary 0.37s debug will appear for these features: summary,timer
debuggroup summary 0.37s bitmap output image ./circos.png
debuggroup summary 0.37s SVG output image ./circos.svg
debuggroup summary 0.37s parsing karyotype and organizing ideograms
debuggroup summary 0.37s karyotype has 4 chromosomes of total size 6,649,355
debuggroup summary 0.37s applying global and local scaling
debuggroup summary 0.38s allocating image, colors and brushes
debuggroup summary 1.04s drawing 4 ideograms of total size 6,649,355
debuggroup summary 1.04s drawing highlights and ideograms
debuggroup summary 1.04s found conf file /mnt/home/soft/circos/programs/x86_64/0.67-7/bin/../etc/tracks/highlight.bg.conf
debuggroup summary 1.05s process track_0 highlight /mnt/home/users/pab_001_uma/oliastencio/micro_lab3/shewanella_genomes_paper/result/reasig_Pdp11/e_Shewanella_putrefaciens_SH6_micro12/GCF_009372175.1_ASM937217v1_genomic/circos/circos.highlight.txt
debuggroup summary 1.35s found conf file /mnt/home/soft/circos/programs/x86_64/0.67-7/bin/../etc/tracks/link.conf
debuggroup summary 1.36s process track_0 link /mnt/home/users/pab_001_uma/oliastencio/micro_lab3/shewanella_genomes_paper/result/reasig_Pdp11/e_Shewanella_putrefaciens_SH6_micro12/GCF_009372175.1_ASM937217v1_genomic/circos/circos.segdup.txt
debuggroup summary 1.40s drawing link track_0 z 0
debuggroup timer 2.63s report circos 2.511 s
debuggroup timer 2.63s report color 0.544 s
debuggroup timer 2.63s report colorcache 0.007 s
debuggroup timer 2.63s report colordefinitions 0.135 s
debuggroup timer 2.63s report colorfetch 0.011 s
debuggroup timer 2.63s report colorlists 0.018 s
debuggroup timer 2.63s report colorlookups 0.008 s
debuggroup timer 2.63s report colortransparency 0.282 s
debuggroup timer 2.63s report dataparams 0.009 s
debuggroup timer 2.63s report datarules 0.000 s
debuggroup timer 2.63s report graphic_png_polygon 0.022 s
debuggroup timer 2.63s report graphic_slice 0.044 s
debuggroup timer 2.63s report graphic_slice_polygon_coord 0.011 s
debuggroup timer 2.63s report graphic_slice_polygon_svg 0.006 s
debuggroup timer 2.63s report graphic_slice_preprocess 0.004 s
debuggroup timer 2.63s report highlights 0.008 s
debuggroup timer 2.63s report ideograms_draw 0.303 s
debuggroup timer 2.63s report ideograms_processing 0.002 s
debuggroup timer 2.63s report ideograms_ticks_draw 0.234 s
debuggroup timer 2.63s report ideograms_zoom 0.002 s
debuggroup timer 2.63s report io 0.034 s
debuggroup timer 2.63s report karyotype 0.002 s
debuggroup timer 2.63s report parameter_seek 0.061 s
debuggroup timer 2.63s report unitconvert 0.002 s
debuggroup timer 2.63s report unitconvert_decision 0.000 s
debuggroup timer 2.63s report unitconvert_delegate 0.001 s
debuggroup timer 2.63s report unitparse 0.004 s
