debuggroup summary 0.12s welcome to circos v0.67-7 16 Mar 2015 on Perl 5.014002
debuggroup summary 0.12s loading configuration from file circos.conf
debuggroup summary 0.12s found conf file circos.conf
debuggroup summary 0.36s debug will appear for these features: summary,timer
debuggroup summary 0.36s bitmap output image ./circos.png
debuggroup summary 0.36s SVG output image ./circos.svg
debuggroup summary 0.37s parsing karyotype and organizing ideograms
debuggroup summary 0.37s karyotype has 19 chromosomes of total size 8,729,028
debuggroup summary 0.38s applying global and local scaling
debuggroup summary 0.39s allocating image, colors and brushes
debuggroup summary 1.05s drawing 19 ideograms of total size 8,729,028
debuggroup summary 1.05s drawing highlights and ideograms
debuggroup summary 1.05s found conf file /mnt/home/soft/circos/programs/x86_64/0.67-7/bin/../etc/tracks/highlight.bg.conf
debuggroup summary 1.05s process track_0 highlight /mnt/home/users/pab_001_uma/oliastencio/micro_lab3/shewanella_genomes_paper/result/reasig_Pdp11/e_Shewanella_putrefaciens_SdM2/GCF_003044255.1_ASM304425v1_genomic/circos/circos.highlight.txt
debuggroup summary 1.54s found conf file /mnt/home/soft/circos/programs/x86_64/0.67-7/bin/../etc/tracks/link.conf
debuggroup summary 1.54s process track_0 link /mnt/home/users/pab_001_uma/oliastencio/micro_lab3/shewanella_genomes_paper/result/reasig_Pdp11/e_Shewanella_putrefaciens_SdM2/GCF_003044255.1_ASM304425v1_genomic/circos/circos.segdup.txt
debuggroup summary 1.56s drawing link track_0 z 0
debuggroup timer 2.43s report circos 2.312 s
debuggroup timer 2.43s report color 0.542 s
debuggroup timer 2.43s report colorcache 0.007 s
debuggroup timer 2.43s report colordefinitions 0.135 s
debuggroup timer 2.43s report colorfetch 0.011 s
debuggroup timer 2.43s report colorlists 0.017 s
debuggroup timer 2.43s report colorlookups 0.008 s
debuggroup timer 2.43s report colortransparency 0.281 s
debuggroup timer 2.43s report dataparams 0.005 s
debuggroup timer 2.43s report datarules 0.000 s
debuggroup timer 2.43s report graphic_png_polygon 0.030 s
debuggroup timer 2.43s report graphic_slice 0.069 s
debuggroup timer 2.43s report graphic_slice_polygon_coord 0.018 s
debuggroup timer 2.43s report graphic_slice_polygon_svg 0.011 s
debuggroup timer 2.43s report graphic_slice_preprocess 0.008 s
debuggroup timer 2.43s report highlights 0.011 s
debuggroup timer 2.43s report ideograms_draw 0.478 s
debuggroup timer 2.43s report ideograms_processing 0.006 s
debuggroup timer 2.43s report ideograms_ticks_draw 0.330 s
debuggroup timer 2.43s report ideograms_zoom 0.007 s
debuggroup timer 2.43s report io 0.016 s
debuggroup timer 2.43s report karyotype 0.005 s
debuggroup timer 2.43s report parameter_seek 0.061 s
debuggroup timer 2.43s report unitconvert 0.002 s
debuggroup timer 2.43s report unitconvert_decision 0.000 s
debuggroup timer 2.43s report unitconvert_delegate 0.001 s
debuggroup timer 2.43s report unitparse 0.014 s
