debuggroup summary 0.12s welcome to circos v0.67-7 16 Mar 2015 on Perl 5.014002
debuggroup summary 0.12s loading configuration from file circos.conf
debuggroup summary 0.12s found conf file circos.conf
debuggroup summary 0.37s debug will appear for these features: summary,timer
debuggroup summary 0.37s bitmap output image ./circos.png
debuggroup summary 0.37s SVG output image ./circos.svg
debuggroup summary 0.37s parsing karyotype and organizing ideograms
debuggroup summary 0.38s karyotype has 56 chromosomes of total size 10,015,544
debuggroup summary 0.40s applying global and local scaling
debuggroup summary 0.43s allocating image, colors and brushes
debuggroup summary 1.08s drawing 56 ideograms of total size 10,015,544
debuggroup summary 1.08s drawing highlights and ideograms
debuggroup summary 1.08s found conf file /mnt/home/soft/circos/programs/x86_64/0.67-7/bin/../etc/tracks/highlight.bg.conf
debuggroup summary 1.08s process track_0 highlight /mnt/home/users/pab_001_uma/oliastencio/micro_lab3/shewanella_genomes_paper/result/reasig_Pdp11/e_Shewanella_putrefaciens_SH16_micro22/e_Shewanella_putrefaciens_SH6_micro12/circos/circos.highlight.txt
debuggroup summary 1.85s found conf file /mnt/home/soft/circos/programs/x86_64/0.67-7/bin/../etc/tracks/link.conf
debuggroup summary 1.85s process track_0 link /mnt/home/users/pab_001_uma/oliastencio/micro_lab3/shewanella_genomes_paper/result/reasig_Pdp11/e_Shewanella_putrefaciens_SH16_micro22/e_Shewanella_putrefaciens_SH6_micro12/circos/circos.segdup.txt
debuggroup summary 1.87s drawing link track_0 z 0
debuggroup timer 2.74s report circos 2.622 s
debuggroup timer 2.74s report color 0.534 s
debuggroup timer 2.74s report colorcache 0.007 s
debuggroup timer 2.74s report colordefinitions 0.134 s
debuggroup timer 2.74s report colorfetch 0.015 s
debuggroup timer 2.74s report colorlists 0.017 s
debuggroup timer 2.74s report colorlookups 0.008 s
debuggroup timer 2.74s report colortransparency 0.273 s
debuggroup timer 2.74s report dataparams 0.005 s
debuggroup timer 2.74s report datarules 0.000 s
debuggroup timer 2.74s report graphic_png_polygon 0.034 s
debuggroup timer 2.74s report graphic_slice 0.097 s
debuggroup timer 2.74s report graphic_slice_polygon_coord 0.018 s
debuggroup timer 2.74s report graphic_slice_polygon_svg 0.023 s
debuggroup timer 2.74s report graphic_slice_preprocess 0.019 s
debuggroup timer 2.74s report highlights 0.017 s
debuggroup timer 2.74s report ideograms_draw 0.754 s
debuggroup timer 2.74s report ideograms_processing 0.023 s
debuggroup timer 2.74s report ideograms_ticks_draw 0.433 s
debuggroup timer 2.74s report ideograms_zoom 0.020 s
debuggroup timer 2.74s report io 0.018 s
debuggroup timer 2.74s report karyotype 0.010 s
debuggroup timer 2.74s report parameter_seek 0.082 s
debuggroup timer 2.74s report unitconvert 0.002 s
debuggroup timer 2.74s report unitconvert_decision 0.000 s
debuggroup timer 2.74s report unitconvert_delegate 0.001 s
debuggroup timer 2.74s report unitparse 0.033 s
