debuggroup summary 0.12s welcome to circos v0.67-7 16 Mar 2015 on Perl 5.014002
debuggroup summary 0.12s loading configuration from file circos.conf
debuggroup summary 0.12s found conf file circos.conf
debuggroup summary 0.37s debug will appear for these features: summary,timer
debuggroup summary 0.37s bitmap output image ./circos.png
debuggroup summary 0.37s SVG output image ./circos.svg
debuggroup summary 0.37s parsing karyotype and organizing ideograms
debuggroup summary 0.38s karyotype has 33 chromosomes of total size 10,548,512
debuggroup summary 0.39s applying global and local scaling
debuggroup summary 0.41s allocating image, colors and brushes
debuggroup summary 1.08s drawing 33 ideograms of total size 10,548,512
debuggroup summary 1.08s drawing highlights and ideograms
debuggroup summary 1.08s found conf file /mnt/home/soft/circos/programs/x86_64/0.67-7/bin/../etc/tracks/highlight.bg.conf
debuggroup summary 1.08s process track_0 highlight /mnt/home/users/pab_001_uma/oliastencio/micro_lab3/shewanella_genomes_paper/result/reasig_Pdp11/e_Shewanella_putrefaciens_SdM1/GCF_000215895.1_ASM21589v1_genomic/circos/circos.highlight.txt
debuggroup summary 1.75s found conf file /mnt/home/soft/circos/programs/x86_64/0.67-7/bin/../etc/tracks/link.conf
debuggroup summary 1.76s process track_0 link /mnt/home/users/pab_001_uma/oliastencio/micro_lab3/shewanella_genomes_paper/result/reasig_Pdp11/e_Shewanella_putrefaciens_SdM1/GCF_000215895.1_ASM21589v1_genomic/circos/circos.segdup.txt
debuggroup summary 1.80s drawing link track_0 z 0
debuggroup timer 3.02s report circos 2.903 s
debuggroup timer 3.02s report color 0.544 s
debuggroup timer 3.02s report colorcache 0.007 s
debuggroup timer 3.02s report colordefinitions 0.136 s
debuggroup timer 3.02s report colorfetch 0.017 s
debuggroup timer 3.02s report colorlists 0.017 s
debuggroup timer 3.02s report colorlookups 0.008 s
debuggroup timer 3.02s report colortransparency 0.281 s
debuggroup timer 3.02s report dataparams 0.011 s
debuggroup timer 3.02s report datarules 0.000 s
debuggroup timer 3.02s report graphic_png_polygon 0.038 s
debuggroup timer 3.02s report graphic_slice 0.103 s
debuggroup timer 3.02s report graphic_slice_polygon_coord 0.018 s
debuggroup timer 3.02s report graphic_slice_polygon_svg 0.024 s
debuggroup timer 3.02s report graphic_slice_preprocess 0.018 s
debuggroup timer 3.02s report highlights 0.024 s
debuggroup timer 3.02s report ideograms_draw 0.648 s
debuggroup timer 3.02s report ideograms_processing 0.012 s
debuggroup timer 3.02s report ideograms_ticks_draw 0.396 s
debuggroup timer 3.02s report ideograms_zoom 0.012 s
debuggroup timer 3.02s report io 0.041 s
debuggroup timer 3.02s report karyotype 0.007 s
debuggroup timer 3.02s report parameter_seek 0.090 s
debuggroup timer 3.02s report unitconvert 0.002 s
debuggroup timer 3.02s report unitconvert_decision 0.000 s
debuggroup timer 3.02s report unitconvert_delegate 0.001 s
debuggroup timer 3.02s report unitparse 0.024 s
