debuggroup summary 0.11s welcome to circos v0.67-7 16 Mar 2015 on Perl 5.014002
debuggroup summary 0.11s loading configuration from file circos.conf
debuggroup summary 0.11s found conf file circos.conf
debuggroup summary 0.35s debug will appear for these features: summary,timer
debuggroup summary 0.35s bitmap output image ./circos.png
debuggroup summary 0.35s SVG output image ./circos.svg
debuggroup summary 0.36s parsing karyotype and organizing ideograms
debuggroup summary 0.37s karyotype has 30 chromosomes of total size 10,273,172
debuggroup summary 0.38s applying global and local scaling
debuggroup summary 0.39s allocating image, colors and brushes
debuggroup summary 1.04s drawing 30 ideograms of total size 10,273,172
debuggroup summary 1.04s drawing highlights and ideograms
debuggroup summary 1.04s found conf file /mnt/home/soft/circos/programs/x86_64/0.67-7/bin/../etc/tracks/highlight.bg.conf
debuggroup summary 1.04s process track_0 highlight /mnt/home/users/pab_001_uma/oliastencio/micro_lab3/shewanella_genomes_paper/result/reasig_Pdp11/e_Shewanella_putrefaciens_SH6_micro12/GCF_002966515.1_ASM296651v1_genomic/circos/circos.highlight.txt
debuggroup summary 1.75s found conf file /mnt/home/soft/circos/programs/x86_64/0.67-7/bin/../etc/tracks/link.conf
debuggroup summary 1.76s process track_0 link /mnt/home/users/pab_001_uma/oliastencio/micro_lab3/shewanella_genomes_paper/result/reasig_Pdp11/e_Shewanella_putrefaciens_SH6_micro12/GCF_002966515.1_ASM296651v1_genomic/circos/circos.segdup.txt
debuggroup summary 1.79s drawing link track_0 z 0
debuggroup timer 2.97s report circos 2.854 s
debuggroup timer 2.97s report color 0.532 s
debuggroup timer 2.97s report colorcache 0.007 s
debuggroup timer 2.97s report colordefinitions 0.132 s
debuggroup timer 2.97s report colorfetch 0.017 s
debuggroup timer 2.97s report colorlists 0.017 s
debuggroup timer 2.97s report colorlookups 0.007 s
debuggroup timer 2.97s report colortransparency 0.274 s
debuggroup timer 2.97s report dataparams 0.011 s
debuggroup timer 2.97s report datarules 0.000 s
debuggroup timer 2.97s report graphic_png_polygon 0.043 s
debuggroup timer 2.97s report graphic_slice 0.112 s
debuggroup timer 2.97s report graphic_slice_polygon_coord 0.021 s
debuggroup timer 2.97s report graphic_slice_polygon_svg 0.025 s
debuggroup timer 2.97s report graphic_slice_preprocess 0.020 s
debuggroup timer 2.97s report highlights 0.022 s
debuggroup timer 2.97s report ideograms_draw 0.689 s
debuggroup timer 2.97s report ideograms_processing 0.010 s
debuggroup timer 2.97s report ideograms_ticks_draw 0.419 s
debuggroup timer 2.97s report ideograms_zoom 0.010 s
debuggroup timer 2.97s report io 0.038 s
debuggroup timer 2.97s report karyotype 0.006 s
debuggroup timer 2.97s report parameter_seek 0.090 s
debuggroup timer 2.97s report unitconvert 0.002 s
debuggroup timer 2.97s report unitconvert_decision 0.000 s
debuggroup timer 2.97s report unitconvert_delegate 0.001 s
debuggroup timer 2.97s report unitparse 0.023 s
