debuggroup summary 0.11s welcome to circos v0.67-7 16 Mar 2015 on Perl 5.014002
debuggroup summary 0.11s loading configuration from file circos.conf
debuggroup summary 0.11s found conf file circos.conf
debuggroup summary 0.35s debug will appear for these features: summary,timer
debuggroup summary 0.35s bitmap output image ./circos.png
debuggroup summary 0.35s SVG output image ./circos.svg
debuggroup summary 0.35s parsing karyotype and organizing ideograms
debuggroup summary 0.36s karyotype has 4 chromosomes of total size 6,467,921
debuggroup summary 0.36s applying global and local scaling
debuggroup summary 0.36s allocating image, colors and brushes
debuggroup summary 1.00s drawing 4 ideograms of total size 6,467,921
debuggroup summary 1.00s drawing highlights and ideograms
debuggroup summary 1.00s found conf file /mnt/home/soft/circos/programs/x86_64/0.67-7/bin/../etc/tracks/highlight.bg.conf
debuggroup summary 1.00s process track_0 highlight /mnt/home/users/pab_001_uma/oliastencio/micro_lab3/shewanella_genomes_paper/result/reasig_Pdp11/e_Shewanella_putrefaciens_SdM1/GCF_009372175.1_ASM937217v1_genomic/circos/circos.highlight.txt
debuggroup summary 1.31s found conf file /mnt/home/soft/circos/programs/x86_64/0.67-7/bin/../etc/tracks/link.conf
debuggroup summary 1.31s process track_0 link /mnt/home/users/pab_001_uma/oliastencio/micro_lab3/shewanella_genomes_paper/result/reasig_Pdp11/e_Shewanella_putrefaciens_SdM1/GCF_009372175.1_ASM937217v1_genomic/circos/circos.segdup.txt
debuggroup summary 1.36s drawing link track_0 z 0
debuggroup timer 2.63s report circos 2.519 s
debuggroup timer 2.63s report color 0.521 s
debuggroup timer 2.63s report colorcache 0.006 s
debuggroup timer 2.63s report colordefinitions 0.134 s
debuggroup timer 2.63s report colorfetch 0.011 s
debuggroup timer 2.63s report colorlists 0.016 s
debuggroup timer 2.63s report colorlookups 0.008 s
debuggroup timer 2.63s report colortransparency 0.265 s
debuggroup timer 2.63s report dataparams 0.010 s
debuggroup timer 2.63s report datarules 0.000 s
debuggroup timer 2.63s report graphic_png_polygon 0.023 s
debuggroup timer 2.63s report graphic_slice 0.047 s
debuggroup timer 2.63s report graphic_slice_polygon_coord 0.011 s
debuggroup timer 2.63s report graphic_slice_polygon_svg 0.007 s
debuggroup timer 2.63s report graphic_slice_preprocess 0.005 s
debuggroup timer 2.63s report highlights 0.009 s
debuggroup timer 2.63s report ideograms_draw 0.304 s
debuggroup timer 2.63s report ideograms_processing 0.002 s
debuggroup timer 2.63s report ideograms_ticks_draw 0.232 s
debuggroup timer 2.63s report ideograms_zoom 0.002 s
debuggroup timer 2.63s report io 0.036 s
debuggroup timer 2.63s report karyotype 0.002 s
debuggroup timer 2.63s report parameter_seek 0.062 s
debuggroup timer 2.63s report unitconvert 0.002 s
debuggroup timer 2.63s report unitconvert_decision 0.000 s
debuggroup timer 2.63s report unitconvert_delegate 0.001 s
debuggroup timer 2.63s report unitparse 0.004 s
