debuggroup summary 0.12s welcome to circos v0.67-7 16 Mar 2015 on Perl 5.014002
debuggroup summary 0.12s loading configuration from file circos.conf
debuggroup summary 0.12s found conf file circos.conf
debuggroup summary 0.38s debug will appear for these features: summary,timer
debuggroup summary 0.38s bitmap output image ./circos.png
debuggroup summary 0.38s SVG output image ./circos.svg
debuggroup summary 0.38s parsing karyotype and organizing ideograms
debuggroup summary 0.39s karyotype has 45 chromosomes of total size 9,177,199
debuggroup summary 0.41s applying global and local scaling
debuggroup summary 0.43s allocating image, colors and brushes
debuggroup summary 1.10s drawing 45 ideograms of total size 9,177,199
debuggroup summary 1.10s drawing highlights and ideograms
debuggroup summary 1.10s found conf file /mnt/home/soft/circos/programs/x86_64/0.67-7/bin/../etc/tracks/highlight.bg.conf
debuggroup summary 1.10s process track_0 highlight /mnt/home/users/pab_001_uma/oliastencio/micro_lab3/shewanella_genomes_paper/result/reasig_Pdp11/e_Shewanella_putrefaciens_SH9_micro13/e_Shewanella_putrefaciens_SdM2/circos/circos.highlight.txt
debuggroup summary 1.90s found conf file /mnt/home/soft/circos/programs/x86_64/0.67-7/bin/../etc/tracks/link.conf
debuggroup summary 1.90s process track_0 link /mnt/home/users/pab_001_uma/oliastencio/micro_lab3/shewanella_genomes_paper/result/reasig_Pdp11/e_Shewanella_putrefaciens_SH9_micro13/e_Shewanella_putrefaciens_SdM2/circos/circos.segdup.txt
debuggroup summary 1.92s drawing link track_0 z 0
debuggroup timer 2.88s report circos 2.756 s
debuggroup timer 2.88s report color 0.546 s
debuggroup timer 2.88s report colorcache 0.007 s
debuggroup timer 2.88s report colordefinitions 0.137 s
debuggroup timer 2.88s report colorfetch 0.016 s
debuggroup timer 2.88s report colorlists 0.018 s
debuggroup timer 2.88s report colorlookups 0.009 s
debuggroup timer 2.88s report colortransparency 0.279 s
debuggroup timer 2.88s report dataparams 0.009 s
debuggroup timer 2.88s report datarules 0.000 s
debuggroup timer 2.88s report graphic_png_polygon 0.045 s
debuggroup timer 2.88s report graphic_slice 0.128 s
debuggroup timer 2.88s report graphic_slice_polygon_coord 0.019 s
debuggroup timer 2.88s report graphic_slice_polygon_svg 0.032 s
debuggroup timer 2.88s report graphic_slice_preprocess 0.028 s
debuggroup timer 2.88s report highlights 0.028 s
debuggroup timer 2.88s report ideograms_draw 0.771 s
debuggroup timer 2.88s report ideograms_processing 0.018 s
debuggroup timer 2.88s report ideograms_ticks_draw 0.409 s
debuggroup timer 2.88s report ideograms_zoom 0.016 s
debuggroup timer 2.88s report io 0.030 s
debuggroup timer 2.88s report karyotype 0.009 s
debuggroup timer 2.88s report parameter_seek 0.086 s
debuggroup timer 2.88s report unitconvert 0.002 s
debuggroup timer 2.88s report unitconvert_decision 0.000 s
debuggroup timer 2.88s report unitconvert_delegate 0.001 s
debuggroup timer 2.88s report unitparse 0.031 s
