debuggroup summary 0.12s welcome to circos v0.67-7 16 Mar 2015 on Perl 5.014002
debuggroup summary 0.12s loading configuration from file circos.conf
debuggroup summary 0.12s found conf file circos.conf
debuggroup summary 0.36s debug will appear for these features: summary,timer
debuggroup summary 0.36s bitmap output image ./circos.png
debuggroup summary 0.36s SVG output image ./circos.svg
debuggroup summary 0.36s parsing karyotype and organizing ideograms
debuggroup summary 0.36s karyotype has 2 chromosomes of total size 6,228,580
debuggroup summary 0.37s applying global and local scaling
debuggroup summary 0.37s allocating image, colors and brushes
debuggroup summary 1.01s drawing 2 ideograms of total size 6,228,580
debuggroup summary 1.01s drawing highlights and ideograms
debuggroup summary 1.01s found conf file /mnt/home/soft/circos/programs/x86_64/0.67-7/bin/../etc/tracks/highlight.bg.conf
debuggroup summary 1.01s process track_0 highlight /mnt/home/users/pab_001_uma/oliastencio/micro_lab3/shewanella_genomes_paper/result/reasig_Pdp11/e_Shewanella_putrefaciens_SH4_micro9/GCF_009372175.1_ASM937217v1_genomic/circos/circos.highlight.txt
debuggroup summary 1.29s found conf file /mnt/home/soft/circos/programs/x86_64/0.67-7/bin/../etc/tracks/link.conf
debuggroup summary 1.29s process track_0 link /mnt/home/users/pab_001_uma/oliastencio/micro_lab3/shewanella_genomes_paper/result/reasig_Pdp11/e_Shewanella_putrefaciens_SH4_micro9/GCF_009372175.1_ASM937217v1_genomic/circos/circos.segdup.txt
debuggroup summary 1.34s drawing link track_0 z 0
debuggroup timer 2.54s report circos 2.424 s
debuggroup timer 2.54s report color 0.525 s
debuggroup timer 2.54s report colorcache 0.006 s
debuggroup timer 2.54s report colordefinitions 0.132 s
debuggroup timer 2.54s report colorfetch 0.010 s
debuggroup timer 2.54s report colorlists 0.016 s
debuggroup timer 2.54s report colorlookups 0.007 s
debuggroup timer 2.54s report colortransparency 0.272 s
debuggroup timer 2.54s report dataparams 0.009 s
debuggroup timer 2.54s report datarules 0.000 s
debuggroup timer 2.54s report graphic_png_polygon 0.021 s
debuggroup timer 2.54s report graphic_slice 0.041 s
debuggroup timer 2.54s report graphic_slice_polygon_coord 0.011 s
debuggroup timer 2.54s report graphic_slice_polygon_svg 0.005 s
debuggroup timer 2.54s report graphic_slice_preprocess 0.003 s
debuggroup timer 2.54s report highlights 0.007 s
debuggroup timer 2.54s report ideograms_draw 0.271 s
debuggroup timer 2.54s report ideograms_processing 0.001 s
debuggroup timer 2.54s report ideograms_ticks_draw 0.213 s
debuggroup timer 2.54s report ideograms_zoom 0.001 s
debuggroup timer 2.54s report io 0.034 s
debuggroup timer 2.54s report karyotype 0.002 s
debuggroup timer 2.54s report parameter_seek 0.058 s
debuggroup timer 2.54s report unitconvert 0.002 s
debuggroup timer 2.54s report unitconvert_decision 0.000 s
debuggroup timer 2.54s report unitconvert_delegate 0.001 s
debuggroup timer 2.54s report unitparse 0.003 s
