debuggroup summary 0.11s welcome to circos v0.67-7 16 Mar 2015 on Perl 5.014002
debuggroup summary 0.11s loading configuration from file circos.conf
debuggroup summary 0.11s found conf file circos.conf
debuggroup summary 0.35s debug will appear for these features: summary,timer
debuggroup summary 0.35s bitmap output image ./circos.png
debuggroup summary 0.35s SVG output image ./circos.svg
debuggroup summary 0.36s parsing karyotype and organizing ideograms
debuggroup summary 0.36s karyotype has 3 chromosomes of total size 4,675,705
debuggroup summary 0.36s applying global and local scaling
debuggroup summary 0.36s allocating image, colors and brushes
debuggroup summary 1.02s drawing 3 ideograms of total size 4,675,705
debuggroup summary 1.02s drawing highlights and ideograms
debuggroup summary 1.02s found conf file /mnt/home/soft/circos/programs/x86_64/0.67-7/bin/../etc/tracks/highlight.bg.conf
debuggroup summary 1.02s process track_0 highlight /mnt/home/users/pab_001_uma/oliastencio/micro_lab3/shewanella_genomes_paper/result/reasig_Pdp11/e_Shewanella_putrefaciens_SdM2/GCF_006385555.1_ASM638555v1_genomic/circos/circos.highlight.txt
debuggroup summary 1.24s found conf file /mnt/home/soft/circos/programs/x86_64/0.67-7/bin/../etc/tracks/link.conf
debuggroup summary 1.24s process track_0 link /mnt/home/users/pab_001_uma/oliastencio/micro_lab3/shewanella_genomes_paper/result/reasig_Pdp11/e_Shewanella_putrefaciens_SdM2/GCF_006385555.1_ASM638555v1_genomic/circos/circos.segdup.txt
debuggroup summary 1.25s drawing link track_0 z 0
debuggroup timer 1.96s report circos 1.843 s
debuggroup timer 1.96s report color 0.537 s
debuggroup timer 1.96s report colorcache 0.007 s
debuggroup timer 1.96s report colordefinitions 0.130 s
debuggroup timer 1.96s report colorfetch 0.006 s
debuggroup timer 1.96s report colorlists 0.021 s
debuggroup timer 1.96s report colorlookups 0.008 s
debuggroup timer 1.96s report colortransparency 0.276 s
debuggroup timer 1.96s report dataparams 0.002 s
debuggroup timer 1.96s report datarules 0.000 s
debuggroup timer 1.96s report graphic_png_polygon 0.019 s
debuggroup timer 1.96s report graphic_slice 0.034 s
debuggroup timer 1.96s report graphic_slice_polygon_coord 0.010 s
debuggroup timer 1.96s report graphic_slice_polygon_svg 0.003 s
debuggroup timer 1.96s report graphic_slice_preprocess 0.002 s
debuggroup timer 1.96s report highlights 0.005 s
debuggroup timer 1.96s report ideograms_draw 0.220 s
debuggroup timer 1.96s report ideograms_processing 0.001 s
debuggroup timer 1.96s report ideograms_ticks_draw 0.169 s
debuggroup timer 1.96s report ideograms_zoom 0.002 s
debuggroup timer 1.96s report io 0.009 s
debuggroup timer 1.96s report karyotype 0.002 s
debuggroup timer 1.96s report parameter_seek 0.031 s
debuggroup timer 1.96s report unitconvert 0.002 s
debuggroup timer 1.96s report unitconvert_decision 0.000 s
debuggroup timer 1.96s report unitconvert_delegate 0.002 s
debuggroup timer 1.96s report unitparse 0.004 s
