debuggroup summary 0.12s welcome to circos v0.67-7 16 Mar 2015 on Perl 5.014002
debuggroup summary 0.12s loading configuration from file circos.conf
debuggroup summary 0.12s found conf file circos.conf
debuggroup summary 0.36s debug will appear for these features: summary,timer
debuggroup summary 0.36s bitmap output image ./circos.png
debuggroup summary 0.36s SVG output image ./circos.svg
debuggroup summary 0.37s parsing karyotype and organizing ideograms
debuggroup summary 0.38s karyotype has 29 chromosomes of total size 9,859,822
debuggroup summary 0.39s applying global and local scaling
debuggroup summary 0.40s allocating image, colors and brushes
debuggroup summary 1.06s drawing 29 ideograms of total size 9,859,822
debuggroup summary 1.06s drawing highlights and ideograms
debuggroup summary 1.06s found conf file /mnt/home/soft/circos/programs/x86_64/0.67-7/bin/../etc/tracks/highlight.bg.conf
debuggroup summary 1.06s process track_0 highlight /mnt/home/users/pab_001_uma/oliastencio/micro_lab3/shewanella_genomes_paper/result/reasig_Pdp11/e_Shewanella_putrefaciens_SdM1/GCF_003052765.1_ASM305276v1_genomic/circos/circos.highlight.txt
debuggroup summary 1.70s found conf file /mnt/home/soft/circos/programs/x86_64/0.67-7/bin/../etc/tracks/link.conf
debuggroup summary 1.70s process track_0 link /mnt/home/users/pab_001_uma/oliastencio/micro_lab3/shewanella_genomes_paper/result/reasig_Pdp11/e_Shewanella_putrefaciens_SdM1/GCF_003052765.1_ASM305276v1_genomic/circos/circos.segdup.txt
debuggroup summary 1.73s drawing link track_0 z 0
debuggroup timer 2.85s report circos 2.736 s
debuggroup timer 2.85s report color 0.541 s
debuggroup timer 2.85s report colorcache 0.007 s
debuggroup timer 2.85s report colordefinitions 0.135 s
debuggroup timer 2.85s report colorfetch 0.015 s
debuggroup timer 2.85s report colorlists 0.016 s
debuggroup timer 2.85s report colorlookups 0.008 s
debuggroup timer 2.85s report colortransparency 0.281 s
debuggroup timer 2.85s report dataparams 0.009 s
debuggroup timer 2.85s report datarules 0.000 s
debuggroup timer 2.85s report graphic_png_polygon 0.038 s
debuggroup timer 2.85s report graphic_slice 0.098 s
debuggroup timer 2.85s report graphic_slice_polygon_coord 0.019 s
debuggroup timer 2.85s report graphic_slice_polygon_svg 0.022 s
debuggroup timer 2.85s report graphic_slice_preprocess 0.016 s
debuggroup timer 2.85s report highlights 0.020 s
debuggroup timer 2.85s report ideograms_draw 0.619 s
debuggroup timer 2.85s report ideograms_processing 0.010 s
debuggroup timer 2.85s report ideograms_ticks_draw 0.383 s
debuggroup timer 2.85s report ideograms_zoom 0.010 s
debuggroup timer 2.85s report io 0.030 s
debuggroup timer 2.85s report karyotype 0.010 s
debuggroup timer 2.85s report parameter_seek 0.086 s
debuggroup timer 2.85s report unitconvert 0.002 s
debuggroup timer 2.85s report unitconvert_decision 0.000 s
debuggroup timer 2.85s report unitconvert_delegate 0.001 s
debuggroup timer 2.85s report unitparse 0.020 s
