debuggroup summary 0.12s welcome to circos v0.67-7 16 Mar 2015 on Perl 5.014002
debuggroup summary 0.12s loading configuration from file circos.conf
debuggroup summary 0.12s found conf file circos.conf
debuggroup summary 0.37s debug will appear for these features: summary,timer
debuggroup summary 0.37s bitmap output image ./circos.png
debuggroup summary 0.37s SVG output image ./circos.svg
debuggroup summary 0.37s parsing karyotype and organizing ideograms
debuggroup summary 0.38s karyotype has 34 chromosomes of total size 9,967,293
debuggroup summary 0.39s applying global and local scaling
debuggroup summary 0.41s allocating image, colors and brushes
debuggroup summary 1.07s drawing 34 ideograms of total size 9,967,293
debuggroup summary 1.07s drawing highlights and ideograms
debuggroup summary 1.07s found conf file /mnt/home/soft/circos/programs/x86_64/0.67-7/bin/../etc/tracks/highlight.bg.conf
debuggroup summary 1.07s process track_0 highlight /mnt/home/users/pab_001_uma/oliastencio/micro_lab3/shewanella_genomes_paper/result/reasig_Pdp11/e_Shewanella_putrefaciens_SH9_micro13/GCF_002838165.1_ASM283816v1_genomic/circos/circos.highlight.txt
debuggroup summary 1.84s found conf file /mnt/home/soft/circos/programs/x86_64/0.67-7/bin/../etc/tracks/link.conf
debuggroup summary 1.84s process track_0 link /mnt/home/users/pab_001_uma/oliastencio/micro_lab3/shewanella_genomes_paper/result/reasig_Pdp11/e_Shewanella_putrefaciens_SH9_micro13/GCF_002838165.1_ASM283816v1_genomic/circos/circos.segdup.txt
debuggroup summary 1.88s drawing link track_0 z 0
debuggroup timer 3.14s report circos 3.021 s
debuggroup timer 3.14s report color 0.544 s
debuggroup timer 3.14s report colorcache 0.007 s
debuggroup timer 3.14s report colordefinitions 0.135 s
debuggroup timer 3.14s report colorfetch 0.018 s
debuggroup timer 3.14s report colorlists 0.018 s
debuggroup timer 3.14s report colorlookups 0.008 s
debuggroup timer 3.14s report colortransparency 0.281 s
debuggroup timer 3.14s report dataparams 0.012 s
debuggroup timer 3.14s report datarules 0.000 s
debuggroup timer 3.14s report graphic_png_polygon 0.056 s
debuggroup timer 3.14s report graphic_slice 0.140 s
debuggroup timer 3.14s report graphic_slice_polygon_coord 0.022 s
debuggroup timer 3.14s report graphic_slice_polygon_svg 0.030 s
debuggroup timer 3.14s report graphic_slice_preprocess 0.027 s
debuggroup timer 3.14s report highlights 0.027 s
debuggroup timer 3.14s report ideograms_draw 0.744 s
debuggroup timer 3.14s report ideograms_processing 0.012 s
debuggroup timer 3.14s report ideograms_ticks_draw 0.415 s
debuggroup timer 3.14s report ideograms_zoom 0.012 s
debuggroup timer 3.14s report io 0.040 s
debuggroup timer 3.14s report karyotype 0.007 s
debuggroup timer 3.14s report parameter_seek 0.095 s
debuggroup timer 3.14s report unitconvert 0.002 s
debuggroup timer 3.14s report unitconvert_decision 0.000 s
debuggroup timer 3.14s report unitconvert_delegate 0.001 s
debuggroup timer 3.14s report unitparse 0.026 s
