debuggroup summary 0.12s welcome to circos v0.67-7 16 Mar 2015 on Perl 5.014002
debuggroup summary 0.12s loading configuration from file circos.conf
debuggroup summary 0.12s found conf file circos.conf
debuggroup summary 0.37s debug will appear for these features: summary,timer
debuggroup summary 0.37s bitmap output image ./circos.png
debuggroup summary 0.37s SVG output image ./circos.svg
debuggroup summary 0.38s parsing karyotype and organizing ideograms
debuggroup summary 0.38s karyotype has 36 chromosomes of total size 8,689,134
debuggroup summary 0.40s applying global and local scaling
debuggroup summary 0.41s allocating image, colors and brushes
debuggroup summary 1.08s drawing 36 ideograms of total size 8,689,134
debuggroup summary 1.08s drawing highlights and ideograms
debuggroup summary 1.08s found conf file /mnt/home/soft/circos/programs/x86_64/0.67-7/bin/../etc/tracks/highlight.bg.conf
debuggroup summary 1.08s process track_0 highlight /mnt/home/users/pab_001_uma/oliastencio/micro_lab3/shewanella_genomes_paper/result/reasig_Pdp11/e_Shewanella_putrefaciens_SdM2/e_Shewanella_putrefaciens_SdM2/circos/circos.highlight.txt
debuggroup summary 1.66s found conf file /mnt/home/soft/circos/programs/x86_64/0.67-7/bin/../etc/tracks/link.conf
debuggroup summary 1.67s process track_0 link /mnt/home/users/pab_001_uma/oliastencio/micro_lab3/shewanella_genomes_paper/result/reasig_Pdp11/e_Shewanella_putrefaciens_SdM2/e_Shewanella_putrefaciens_SdM2/circos/circos.segdup.txt
debuggroup summary 1.67s drawing link track_0 z 0
debuggroup timer 2.44s report circos 2.313 s
debuggroup timer 2.44s report color 0.537 s
debuggroup timer 2.44s report colorcache 0.007 s
debuggroup timer 2.44s report colordefinitions 0.137 s
debuggroup timer 2.44s report colorfetch 0.012 s
debuggroup timer 2.44s report colorlists 0.017 s
debuggroup timer 2.44s report colorlookups 0.008 s
debuggroup timer 2.44s report colortransparency 0.274 s
debuggroup timer 2.44s report dataparams 0.002 s
debuggroup timer 2.44s report datarules 0.000 s
debuggroup timer 2.44s report graphic_png_polygon 0.028 s
debuggroup timer 2.44s report graphic_slice 0.069 s
debuggroup timer 2.44s report graphic_slice_polygon_coord 0.017 s
debuggroup timer 2.44s report graphic_slice_polygon_svg 0.013 s
debuggroup timer 2.44s report graphic_slice_preprocess 0.009 s
debuggroup timer 2.44s report highlights 0.009 s
debuggroup timer 2.44s report ideograms_draw 0.580 s
debuggroup timer 2.44s report ideograms_processing 0.013 s
debuggroup timer 2.44s report ideograms_ticks_draw 0.367 s
debuggroup timer 2.44s report ideograms_zoom 0.013 s
debuggroup timer 2.44s report io 0.008 s
debuggroup timer 2.44s report karyotype 0.007 s
debuggroup timer 2.44s report parameter_seek 0.060 s
debuggroup timer 2.44s report unitconvert 0.002 s
debuggroup timer 2.44s report unitconvert_decision 0.000 s
debuggroup timer 2.44s report unitconvert_delegate 0.001 s
debuggroup timer 2.44s report unitparse 0.024 s
