debuggroup summary 0.12s welcome to circos v0.67-7 16 Mar 2015 on Perl 5.014002
debuggroup summary 0.12s loading configuration from file circos.conf
debuggroup summary 0.12s found conf file circos.conf
debuggroup summary 0.36s debug will appear for these features: summary,timer
debuggroup summary 0.36s bitmap output image ./circos.png
debuggroup summary 0.36s SVG output image ./circos.svg
debuggroup summary 0.36s parsing karyotype and organizing ideograms
debuggroup summary 0.37s karyotype has 36 chromosomes of total size 9,340,103
debuggroup summary 0.38s applying global and local scaling
debuggroup summary 0.40s allocating image, colors and brushes
debuggroup summary 1.05s drawing 36 ideograms of total size 9,340,103
debuggroup summary 1.05s drawing highlights and ideograms
debuggroup summary 1.05s found conf file /mnt/home/soft/circos/programs/x86_64/0.67-7/bin/../etc/tracks/highlight.bg.conf
debuggroup summary 1.05s process track_0 highlight /mnt/home/users/pab_001_uma/oliastencio/micro_lab3/shewanella_genomes_paper/result/reasig_Pdp11/e_Shewanella_putrefaciens_SH12_micro1/GCF_000014665.1_ASM1466v1_genomic/circos/circos.highlight.txt
debuggroup summary 1.77s found conf file /mnt/home/soft/circos/programs/x86_64/0.67-7/bin/../etc/tracks/link.conf
debuggroup summary 1.77s process track_0 link /mnt/home/users/pab_001_uma/oliastencio/micro_lab3/shewanella_genomes_paper/result/reasig_Pdp11/e_Shewanella_putrefaciens_SH12_micro1/GCF_000014665.1_ASM1466v1_genomic/circos/circos.segdup.txt
debuggroup summary 1.81s drawing link track_0 z 0
debuggroup timer 2.98s report circos 2.865 s
debuggroup timer 2.98s report color 0.536 s
debuggroup timer 2.98s report colorcache 0.007 s
debuggroup timer 2.98s report colordefinitions 0.133 s
debuggroup timer 2.98s report colorfetch 0.017 s
debuggroup timer 2.98s report colorlists 0.016 s
debuggroup timer 2.98s report colorlookups 0.007 s
debuggroup timer 2.98s report colortransparency 0.278 s
debuggroup timer 2.98s report dataparams 0.012 s
debuggroup timer 2.98s report datarules 0.000 s
debuggroup timer 2.98s report graphic_png_polygon 0.046 s
debuggroup timer 2.98s report graphic_slice 0.126 s
debuggroup timer 2.98s report graphic_slice_polygon_coord 0.020 s
debuggroup timer 2.98s report graphic_slice_polygon_svg 0.031 s
debuggroup timer 2.98s report graphic_slice_preprocess 0.025 s
debuggroup timer 2.98s report highlights 0.030 s
debuggroup timer 2.98s report ideograms_draw 0.688 s
debuggroup timer 2.98s report ideograms_processing 0.013 s
debuggroup timer 2.98s report ideograms_ticks_draw 0.379 s
debuggroup timer 2.98s report ideograms_zoom 0.013 s
debuggroup timer 2.98s report io 0.039 s
debuggroup timer 2.98s report karyotype 0.007 s
debuggroup timer 2.98s report parameter_seek 0.094 s
debuggroup timer 2.98s report unitconvert 0.002 s
debuggroup timer 2.98s report unitconvert_decision 0.000 s
debuggroup timer 2.98s report unitconvert_delegate 0.001 s
debuggroup timer 2.98s report unitparse 0.023 s
