debuggroup summary 0.11s welcome to circos v0.67-7 16 Mar 2015 on Perl 5.014002
debuggroup summary 0.11s loading configuration from file circos.conf
debuggroup summary 0.11s found conf file circos.conf
debuggroup summary 0.35s debug will appear for these features: summary,timer
debuggroup summary 0.35s bitmap output image ./circos.png
debuggroup summary 0.35s SVG output image ./circos.svg
debuggroup summary 0.36s parsing karyotype and organizing ideograms
debuggroup summary 0.36s karyotype has 12 chromosomes of total size 7,296,529
debuggroup summary 0.36s applying global and local scaling
debuggroup summary 0.37s allocating image, colors and brushes
debuggroup summary 1.00s drawing 12 ideograms of total size 7,296,529
debuggroup summary 1.00s drawing highlights and ideograms
debuggroup summary 1.00s found conf file /mnt/home/soft/circos/programs/x86_64/0.67-7/bin/../etc/tracks/highlight.bg.conf
debuggroup summary 1.00s process track_0 highlight /mnt/home/users/pab_001_uma/oliastencio/micro_lab3/shewanella_genomes_paper/result/reasig_Pdp11/e_Shewanella_putrefaciens_SH4_micro9/GCF_000017325.1_ASM1732v1_genomic/circos/circos.highlight.txt
debuggroup summary 1.39s found conf file /mnt/home/soft/circos/programs/x86_64/0.67-7/bin/../etc/tracks/link.conf
debuggroup summary 1.40s process track_0 link /mnt/home/users/pab_001_uma/oliastencio/micro_lab3/shewanella_genomes_paper/result/reasig_Pdp11/e_Shewanella_putrefaciens_SH4_micro9/GCF_000017325.1_ASM1732v1_genomic/circos/circos.segdup.txt
debuggroup summary 1.42s drawing link track_0 z 0
debuggroup timer 2.35s report circos 2.235 s
debuggroup timer 2.35s report color 0.519 s
debuggroup timer 2.35s report colorcache 0.006 s
debuggroup timer 2.35s report colordefinitions 0.130 s
debuggroup timer 2.35s report colorfetch 0.010 s
debuggroup timer 2.35s report colorlists 0.016 s
debuggroup timer 2.35s report colorlookups 0.007 s
debuggroup timer 2.35s report colortransparency 0.268 s
debuggroup timer 2.35s report dataparams 0.006 s
debuggroup timer 2.35s report datarules 0.000 s
debuggroup timer 2.35s report graphic_png_polygon 0.024 s
debuggroup timer 2.35s report graphic_slice 0.054 s
debuggroup timer 2.35s report graphic_slice_polygon_coord 0.012 s
debuggroup timer 2.35s report graphic_slice_polygon_svg 0.010 s
debuggroup timer 2.35s report graphic_slice_preprocess 0.007 s
debuggroup timer 2.35s report highlights 0.011 s
debuggroup timer 2.35s report ideograms_draw 0.380 s
debuggroup timer 2.35s report ideograms_processing 0.004 s
debuggroup timer 2.35s report ideograms_ticks_draw 0.267 s
debuggroup timer 2.35s report ideograms_zoom 0.004 s
debuggroup timer 2.35s report io 0.021 s
debuggroup timer 2.35s report karyotype 0.003 s
debuggroup timer 2.35s report parameter_seek 0.057 s
debuggroup timer 2.35s report unitconvert 0.002 s
debuggroup timer 2.35s report unitconvert_decision 0.000 s
debuggroup timer 2.35s report unitconvert_delegate 0.001 s
debuggroup timer 2.35s report unitparse 0.009 s
