debuggroup summary 0.12s welcome to circos v0.67-7 16 Mar 2015 on Perl 5.014002
debuggroup summary 0.12s loading configuration from file circos.conf
debuggroup summary 0.12s found conf file circos.conf
debuggroup summary 0.37s debug will appear for these features: summary,timer
debuggroup summary 0.37s bitmap output image ./circos.png
debuggroup summary 0.37s SVG output image ./circos.svg
debuggroup summary 0.38s parsing karyotype and organizing ideograms
debuggroup summary 0.38s karyotype has 18 chromosomes of total size 9,598,542
debuggroup summary 0.39s applying global and local scaling
debuggroup summary 0.40s allocating image, colors and brushes
debuggroup summary 1.05s drawing 18 ideograms of total size 9,598,542
debuggroup summary 1.05s drawing highlights and ideograms
debuggroup summary 1.05s found conf file /mnt/home/soft/circos/programs/x86_64/0.67-7/bin/../etc/tracks/highlight.bg.conf
debuggroup summary 1.06s process track_0 highlight /mnt/home/users/pab_001_uma/oliastencio/micro_lab3/shewanella_genomes_paper/result/reasig_Pdp11/e_Shewanella_putrefaciens_SdM2/GCF_000018765.1_ASM1876v1_genomic/circos/circos.highlight.txt
debuggroup summary 1.62s found conf file /mnt/home/soft/circos/programs/x86_64/0.67-7/bin/../etc/tracks/link.conf
debuggroup summary 1.62s process track_0 link /mnt/home/users/pab_001_uma/oliastencio/micro_lab3/shewanella_genomes_paper/result/reasig_Pdp11/e_Shewanella_putrefaciens_SdM2/GCF_000018765.1_ASM1876v1_genomic/circos/circos.segdup.txt
debuggroup summary 1.66s drawing link track_0 z 0
debuggroup timer 2.78s report circos 2.666 s
debuggroup timer 2.78s report color 0.534 s
debuggroup timer 2.78s report colorcache 0.007 s
debuggroup timer 2.78s report colordefinitions 0.134 s
debuggroup timer 2.78s report colorfetch 0.015 s
debuggroup timer 2.78s report colorlists 0.017 s
debuggroup timer 2.78s report colorlookups 0.008 s
debuggroup timer 2.78s report colortransparency 0.274 s
debuggroup timer 2.78s report dataparams 0.010 s
debuggroup timer 2.78s report datarules 0.000 s
debuggroup timer 2.78s report graphic_png_polygon 0.035 s
debuggroup timer 2.78s report graphic_slice 0.089 s
debuggroup timer 2.78s report graphic_slice_polygon_coord 0.016 s
debuggroup timer 2.78s report graphic_slice_polygon_svg 0.020 s
debuggroup timer 2.78s report graphic_slice_preprocess 0.015 s
debuggroup timer 2.78s report highlights 0.021 s
debuggroup timer 2.78s report ideograms_draw 0.548 s
debuggroup timer 2.78s report ideograms_processing 0.006 s
debuggroup timer 2.78s report ideograms_ticks_draw 0.360 s
debuggroup timer 2.78s report ideograms_zoom 0.006 s
debuggroup timer 2.78s report io 0.033 s
debuggroup timer 2.78s report karyotype 0.004 s
debuggroup timer 2.78s report parameter_seek 0.081 s
debuggroup timer 2.78s report unitconvert 0.002 s
debuggroup timer 2.78s report unitconvert_decision 0.000 s
debuggroup timer 2.78s report unitconvert_delegate 0.001 s
debuggroup timer 2.78s report unitparse 0.013 s
