debuggroup summary 0.12s welcome to circos v0.67-7 16 Mar 2015 on Perl 5.014002
debuggroup summary 0.12s loading configuration from file circos.conf
debuggroup summary 0.12s found conf file circos.conf
debuggroup summary 0.38s debug will appear for these features: summary,timer
debuggroup summary 0.38s bitmap output image ./circos.png
debuggroup summary 0.38s SVG output image ./circos.svg
debuggroup summary 0.39s parsing karyotype and organizing ideograms
debuggroup summary 0.39s karyotype has 28 chromosomes of total size 9,343,087
debuggroup summary 0.40s applying global and local scaling
debuggroup summary 0.42s allocating image, colors and brushes
debuggroup summary 1.08s drawing 28 ideograms of total size 9,343,087
debuggroup summary 1.08s drawing highlights and ideograms
debuggroup summary 1.08s found conf file /mnt/home/soft/circos/programs/x86_64/0.67-7/bin/../etc/tracks/highlight.bg.conf
debuggroup summary 1.08s process track_0 highlight /mnt/home/users/pab_001_uma/oliastencio/micro_lab3/shewanella_genomes_paper/result/reasig_Pdp11/e_Shewanella_putrefaciens_SdM1/GCF_003044255.1_ASM304425v1_genomic/circos/circos.highlight.txt
debuggroup summary 1.76s found conf file /mnt/home/soft/circos/programs/x86_64/0.67-7/bin/../etc/tracks/link.conf
debuggroup summary 1.76s process track_0 link /mnt/home/users/pab_001_uma/oliastencio/micro_lab3/shewanella_genomes_paper/result/reasig_Pdp11/e_Shewanella_putrefaciens_SdM1/GCF_003044255.1_ASM304425v1_genomic/circos/circos.segdup.txt
debuggroup summary 1.80s drawing link track_0 z 0
debuggroup timer 2.99s report circos 2.874 s
debuggroup timer 2.99s report color 0.544 s
debuggroup timer 2.99s report colorcache 0.007 s
debuggroup timer 2.99s report colordefinitions 0.137 s
debuggroup timer 2.99s report colorfetch 0.017 s
debuggroup timer 2.99s report colorlists 0.019 s
debuggroup timer 2.99s report colorlookups 0.009 s
debuggroup timer 2.99s report colortransparency 0.279 s
debuggroup timer 2.99s report dataparams 0.011 s
debuggroup timer 2.99s report datarules 0.000 s
debuggroup timer 2.99s report graphic_png_polygon 0.043 s
debuggroup timer 2.99s report graphic_slice 0.119 s
debuggroup timer 2.99s report graphic_slice_polygon_coord 0.019 s
debuggroup timer 2.99s report graphic_slice_polygon_svg 0.030 s
debuggroup timer 2.99s report graphic_slice_preprocess 0.023 s
debuggroup timer 2.99s report highlights 0.028 s
debuggroup timer 2.99s report ideograms_draw 0.651 s
debuggroup timer 2.99s report ideograms_processing 0.010 s
debuggroup timer 2.99s report ideograms_ticks_draw 0.372 s
debuggroup timer 2.99s report ideograms_zoom 0.011 s
debuggroup timer 2.99s report io 0.040 s
debuggroup timer 2.99s report karyotype 0.006 s
debuggroup timer 2.99s report parameter_seek 0.087 s
debuggroup timer 2.99s report unitconvert 0.002 s
debuggroup timer 2.99s report unitconvert_decision 0.000 s
debuggroup timer 2.99s report unitconvert_delegate 0.002 s
debuggroup timer 2.99s report unitparse 0.021 s
