debuggroup summary 0.12s welcome to circos v0.67-7 16 Mar 2015 on Perl 5.014002
debuggroup summary 0.12s loading configuration from file circos.conf
debuggroup summary 0.12s found conf file circos.conf
debuggroup summary 0.37s debug will appear for these features: summary,timer
debuggroup summary 0.37s bitmap output image ./circos.png
debuggroup summary 0.37s SVG output image ./circos.svg
debuggroup summary 0.37s parsing karyotype and organizing ideograms
debuggroup summary 0.38s karyotype has 62 chromosomes of total size 9,230,056
debuggroup summary 0.41s applying global and local scaling
debuggroup summary 0.44s allocating image, colors and brushes
debuggroup summary 1.11s drawing 62 ideograms of total size 9,230,056
debuggroup summary 1.11s drawing highlights and ideograms
debuggroup summary 1.11s found conf file /mnt/home/soft/circos/programs/x86_64/0.67-7/bin/../etc/tracks/highlight.bg.conf
debuggroup summary 1.11s process track_0 highlight /mnt/home/users/pab_001_uma/oliastencio/micro_lab3/shewanella_genomes_paper/result/reasig_Pdp11/e_Shewanella_putrefaciens_SH4_micro9/e_Shewanella_putrefaciens_SH4_micro9/circos/circos.highlight.txt
debuggroup summary 1.89s found conf file /mnt/home/soft/circos/programs/x86_64/0.67-7/bin/../etc/tracks/link.conf
debuggroup summary 1.89s process track_0 link /mnt/home/users/pab_001_uma/oliastencio/micro_lab3/shewanella_genomes_paper/result/reasig_Pdp11/e_Shewanella_putrefaciens_SH4_micro9/e_Shewanella_putrefaciens_SH4_micro9/circos/circos.segdup.txt
debuggroup summary 1.90s drawing link track_0 z 0
debuggroup timer 2.73s report circos 2.609 s
debuggroup timer 2.73s report color 0.551 s
debuggroup timer 2.73s report colorcache 0.007 s
debuggroup timer 2.73s report colordefinitions 0.138 s
debuggroup timer 2.73s report colorfetch 0.015 s
debuggroup timer 2.73s report colorlists 0.021 s
debuggroup timer 2.73s report colorlookups 0.009 s
debuggroup timer 2.73s report colortransparency 0.281 s
debuggroup timer 2.73s report dataparams 0.004 s
debuggroup timer 2.73s report datarules 0.000 s
debuggroup timer 2.73s report graphic_png_polygon 0.034 s
debuggroup timer 2.73s report graphic_slice 0.093 s
debuggroup timer 2.73s report graphic_slice_polygon_coord 0.018 s
debuggroup timer 2.73s report graphic_slice_polygon_svg 0.021 s
debuggroup timer 2.73s report graphic_slice_preprocess 0.017 s
debuggroup timer 2.73s report highlights 0.014 s
debuggroup timer 2.73s report ideograms_draw 0.769 s
debuggroup timer 2.73s report ideograms_processing 0.027 s
debuggroup timer 2.73s report ideograms_ticks_draw 0.428 s
debuggroup timer 2.73s report ideograms_zoom 0.023 s
debuggroup timer 2.73s report io 0.014 s
debuggroup timer 2.73s report karyotype 0.012 s
debuggroup timer 2.73s report parameter_seek 0.077 s
debuggroup timer 2.73s report unitconvert 0.002 s
debuggroup timer 2.73s report unitconvert_decision 0.000 s
debuggroup timer 2.73s report unitconvert_delegate 0.001 s
debuggroup timer 2.73s report unitparse 0.037 s
