debuggroup summary 0.12s welcome to circos v0.67-7 16 Mar 2015 on Perl 5.014002
debuggroup summary 0.12s loading configuration from file circos.conf
debuggroup summary 0.12s found conf file circos.conf
debuggroup summary 0.36s debug will appear for these features: summary,timer
debuggroup summary 0.36s bitmap output image ./circos.png
debuggroup summary 0.36s SVG output image ./circos.svg
debuggroup summary 0.37s parsing karyotype and organizing ideograms
debuggroup summary 0.37s karyotype has 34 chromosomes of total size 9,967,293
debuggroup summary 0.39s applying global and local scaling
debuggroup summary 0.40s allocating image, colors and brushes
debuggroup summary 1.04s drawing 34 ideograms of total size 9,967,293
debuggroup summary 1.04s drawing highlights and ideograms
debuggroup summary 1.04s found conf file /mnt/home/soft/circos/programs/x86_64/0.67-7/bin/../etc/tracks/highlight.bg.conf
debuggroup summary 1.04s process track_0 highlight /mnt/home/users/pab_001_uma/oliastencio/micro_lab3/shewanella_genomes_paper/result/reasig_Pdp11/e_Pdp11_1/e_Shewanella_putrefaciens_SH9_micro13/circos/circos.highlight.txt
debuggroup summary 1.71s found conf file /mnt/home/soft/circos/programs/x86_64/0.67-7/bin/../etc/tracks/link.conf
debuggroup summary 1.71s process track_0 link /mnt/home/users/pab_001_uma/oliastencio/micro_lab3/shewanella_genomes_paper/result/reasig_Pdp11/e_Pdp11_1/e_Shewanella_putrefaciens_SH9_micro13/circos/circos.segdup.txt
debuggroup summary 1.74s drawing link track_0 z 0
debuggroup timer 2.91s report circos 2.794 s
debuggroup timer 2.91s report color 0.523 s
debuggroup timer 2.91s report colorcache 0.006 s
debuggroup timer 2.91s report colordefinitions 0.133 s
debuggroup timer 2.91s report colorfetch 0.016 s
debuggroup timer 2.91s report colorlists 0.015 s
debuggroup timer 2.91s report colorlookups 0.008 s
debuggroup timer 2.91s report colortransparency 0.270 s
debuggroup timer 2.91s report dataparams 0.011 s
debuggroup timer 2.91s report datarules 0.000 s
debuggroup timer 2.91s report graphic_png_polygon 0.041 s
debuggroup timer 2.91s report graphic_slice 0.108 s
debuggroup timer 2.91s report graphic_slice_polygon_coord 0.019 s
debuggroup timer 2.91s report graphic_slice_polygon_svg 0.026 s
debuggroup timer 2.91s report graphic_slice_preprocess 0.019 s
debuggroup timer 2.91s report highlights 0.025 s
debuggroup timer 2.91s report ideograms_draw 0.643 s
debuggroup timer 2.91s report ideograms_processing 0.012 s
debuggroup timer 2.91s report ideograms_ticks_draw 0.376 s
debuggroup timer 2.91s report ideograms_zoom 0.012 s
debuggroup timer 2.91s report io 0.036 s
debuggroup timer 2.91s report karyotype 0.007 s
debuggroup timer 2.91s report parameter_seek 0.089 s
debuggroup timer 2.91s report unitconvert 0.002 s
debuggroup timer 2.91s report unitconvert_decision 0.000 s
debuggroup timer 2.91s report unitconvert_delegate 0.001 s
debuggroup timer 2.91s report unitparse 0.022 s
