debuggroup summary 0.12s welcome to circos v0.67-7 16 Mar 2015 on Perl 5.014002
debuggroup summary 0.12s loading configuration from file circos.conf
debuggroup summary 0.12s found conf file circos.conf
debuggroup summary 0.38s debug will appear for these features: summary,timer
debuggroup summary 0.38s bitmap output image ./circos.png
debuggroup summary 0.38s SVG output image ./circos.svg
debuggroup summary 0.41s parsing karyotype and organizing ideograms
debuggroup summary 0.42s karyotype has 13 chromosomes of total size 7,026,033
debuggroup summary 0.42s applying global and local scaling
debuggroup summary 0.43s allocating image, colors and brushes
debuggroup summary 1.09s drawing 13 ideograms of total size 7,026,033
debuggroup summary 1.09s drawing highlights and ideograms
debuggroup summary 1.09s found conf file /mnt/home/soft/circos/programs/x86_64/0.67-7/bin/../etc/tracks/highlight.bg.conf
debuggroup summary 1.09s process track_0 highlight /mnt/home/users/pab_001_uma/oliastencio/micro_lab3/shewanella_genomes_paper/result/reasig_Pdp11/e_Shewanella_putrefaciens_SH12_micro1/GCF_000215895.1_ASM21589v1_genomic/circos/circos.highlight.txt
debuggroup summary 1.72s found conf file /mnt/home/soft/circos/programs/x86_64/0.67-7/bin/../etc/tracks/link.conf
debuggroup summary 1.72s process track_0 link /mnt/home/users/pab_001_uma/oliastencio/micro_lab3/shewanella_genomes_paper/result/reasig_Pdp11/e_Shewanella_putrefaciens_SH12_micro1/GCF_000215895.1_ASM21589v1_genomic/circos/circos.segdup.txt
debuggroup summary 1.74s drawing link track_0 z 0
debuggroup timer 2.66s report circos 2.539 s
debuggroup timer 2.66s report color 0.540 s
debuggroup timer 2.66s report colorcache 0.007 s
debuggroup timer 2.66s report colordefinitions 0.137 s
debuggroup timer 2.66s report colorfetch 0.023 s
debuggroup timer 2.66s report colorlists 0.018 s
debuggroup timer 2.66s report colorlookups 0.009 s
debuggroup timer 2.66s report colortransparency 0.275 s
debuggroup timer 2.66s report dataparams 0.005 s
debuggroup timer 2.66s report datarules 0.000 s
debuggroup timer 2.66s report graphic_png_polygon 0.034 s
debuggroup timer 2.66s report graphic_slice 0.085 s
debuggroup timer 2.66s report graphic_slice_polygon_coord 0.016 s
debuggroup timer 2.66s report graphic_slice_polygon_svg 0.010 s
debuggroup timer 2.66s report graphic_slice_preprocess 0.023 s
debuggroup timer 2.66s report highlights 0.010 s
debuggroup timer 2.66s report ideograms_draw 0.616 s
debuggroup timer 2.66s report ideograms_processing 0.005 s
debuggroup timer 2.66s report ideograms_ticks_draw 0.465 s
debuggroup timer 2.66s report ideograms_zoom 0.006 s
debuggroup timer 2.66s report io 0.019 s
debuggroup timer 2.66s report karyotype 0.004 s
debuggroup timer 2.66s report parameter_seek 0.089 s
debuggroup timer 2.66s report unitconvert 0.002 s
debuggroup timer 2.66s report unitconvert_decision 0.000 s
debuggroup timer 2.66s report unitconvert_delegate 0.001 s
debuggroup timer 2.66s report unitparse 0.011 s
