debuggroup summary 0.12s welcome to circos v0.67-7 16 Mar 2015 on Perl 5.014002
debuggroup summary 0.12s loading configuration from file circos.conf
debuggroup summary 0.12s found conf file circos.conf
debuggroup summary 0.38s debug will appear for these features: summary,timer
debuggroup summary 0.38s bitmap output image ./circos.png
debuggroup summary 0.38s SVG output image ./circos.svg
debuggroup summary 0.38s parsing karyotype and organizing ideograms
debuggroup summary 0.39s karyotype has 11 chromosomes of total size 7,301,254
debuggroup summary 0.39s applying global and local scaling
debuggroup summary 0.40s allocating image, colors and brushes
debuggroup summary 1.07s drawing 11 ideograms of total size 7,301,254
debuggroup summary 1.07s drawing highlights and ideograms
debuggroup summary 1.07s found conf file /mnt/home/soft/circos/programs/x86_64/0.67-7/bin/../etc/tracks/highlight.bg.conf
debuggroup summary 1.07s process track_0 highlight /mnt/home/users/pab_001_uma/oliastencio/micro_lab3/shewanella_genomes_paper/result/reasig_Pdp11/e_Shewanella_putrefaciens_SH6_micro12/GCF_900636665.1_43781_G01_genomic/circos/circos.highlight.txt
debuggroup summary 1.47s found conf file /mnt/home/soft/circos/programs/x86_64/0.67-7/bin/../etc/tracks/link.conf
debuggroup summary 1.48s process track_0 link /mnt/home/users/pab_001_uma/oliastencio/micro_lab3/shewanella_genomes_paper/result/reasig_Pdp11/e_Shewanella_putrefaciens_SH6_micro12/GCF_900636665.1_43781_G01_genomic/circos/circos.segdup.txt
debuggroup summary 1.50s drawing link track_0 z 0
debuggroup timer 2.43s report circos 2.308 s
debuggroup timer 2.43s report color 0.551 s
debuggroup timer 2.43s report colorcache 0.007 s
debuggroup timer 2.43s report colordefinitions 0.138 s
debuggroup timer 2.43s report colorfetch 0.011 s
debuggroup timer 2.43s report colorlists 0.016 s
debuggroup timer 2.43s report colorlookups 0.008 s
debuggroup timer 2.43s report colortransparency 0.288 s
debuggroup timer 2.43s report dataparams 0.005 s
debuggroup timer 2.43s report datarules 0.000 s
debuggroup timer 2.43s report graphic_png_polygon 0.024 s
debuggroup timer 2.43s report graphic_slice 0.054 s
debuggroup timer 2.43s report graphic_slice_polygon_coord 0.012 s
debuggroup timer 2.43s report graphic_slice_polygon_svg 0.009 s
debuggroup timer 2.43s report graphic_slice_preprocess 0.007 s
debuggroup timer 2.43s report highlights 0.010 s
debuggroup timer 2.43s report ideograms_draw 0.396 s
debuggroup timer 2.43s report ideograms_processing 0.004 s
debuggroup timer 2.43s report ideograms_ticks_draw 0.285 s
debuggroup timer 2.43s report ideograms_zoom 0.004 s
debuggroup timer 2.43s report io 0.019 s
debuggroup timer 2.43s report karyotype 0.003 s
debuggroup timer 2.43s report parameter_seek 0.057 s
debuggroup timer 2.43s report unitconvert 0.002 s
debuggroup timer 2.43s report unitconvert_decision 0.000 s
debuggroup timer 2.43s report unitconvert_delegate 0.001 s
debuggroup timer 2.43s report unitparse 0.009 s
