debuggroup summary 0.12s welcome to circos v0.67-7 16 Mar 2015 on Perl 5.014002
debuggroup summary 0.12s loading configuration from file circos.conf
debuggroup summary 0.12s found conf file circos.conf
debuggroup summary 0.37s debug will appear for these features: summary,timer
debuggroup summary 0.37s bitmap output image ./circos.png
debuggroup summary 0.37s SVG output image ./circos.svg
debuggroup summary 0.37s parsing karyotype and organizing ideograms
debuggroup summary 0.38s karyotype has 28 chromosomes of total size 9,672,884
debuggroup summary 0.39s applying global and local scaling
debuggroup summary 0.40s allocating image, colors and brushes
debuggroup summary 1.06s drawing 28 ideograms of total size 9,672,884
debuggroup summary 1.06s drawing highlights and ideograms
debuggroup summary 1.06s found conf file /mnt/home/soft/circos/programs/x86_64/0.67-7/bin/../etc/tracks/highlight.bg.conf
debuggroup summary 1.06s process track_0 highlight /mnt/home/users/pab_001_uma/oliastencio/micro_lab3/shewanella_genomes_paper/result/reasig_Pdp11/e_Shewanella_putrefaciens_SH9_micro13/GCF_000169215.2_ASM16921v2_genomic/circos/circos.highlight.txt
debuggroup summary 1.73s found conf file /mnt/home/soft/circos/programs/x86_64/0.67-7/bin/../etc/tracks/link.conf
debuggroup summary 1.73s process track_0 link /mnt/home/users/pab_001_uma/oliastencio/micro_lab3/shewanella_genomes_paper/result/reasig_Pdp11/e_Shewanella_putrefaciens_SH9_micro13/GCF_000169215.2_ASM16921v2_genomic/circos/circos.segdup.txt
debuggroup summary 1.77s drawing link track_0 z 0
debuggroup timer 2.91s report circos 2.789 s
debuggroup timer 2.91s report color 0.540 s
debuggroup timer 2.91s report colorcache 0.007 s
debuggroup timer 2.91s report colordefinitions 0.136 s
debuggroup timer 2.91s report colorfetch 0.016 s
debuggroup timer 2.91s report colorlists 0.017 s
debuggroup timer 2.91s report colorlookups 0.008 s
debuggroup timer 2.91s report colortransparency 0.278 s
debuggroup timer 2.91s report dataparams 0.012 s
debuggroup timer 2.91s report datarules 0.000 s
debuggroup timer 2.91s report graphic_png_polygon 0.043 s
debuggroup timer 2.91s report graphic_slice 0.117 s
debuggroup timer 2.91s report graphic_slice_polygon_coord 0.018 s
debuggroup timer 2.91s report graphic_slice_polygon_svg 0.029 s
debuggroup timer 2.91s report graphic_slice_preprocess 0.022 s
debuggroup timer 2.91s report highlights 0.029 s
debuggroup timer 2.91s report ideograms_draw 0.645 s
debuggroup timer 2.91s report ideograms_processing 0.010 s
debuggroup timer 2.91s report ideograms_ticks_draw 0.372 s
debuggroup timer 2.91s report ideograms_zoom 0.010 s
debuggroup timer 2.91s report io 0.038 s
debuggroup timer 2.91s report karyotype 0.006 s
debuggroup timer 2.91s report parameter_seek 0.091 s
debuggroup timer 2.91s report unitconvert 0.002 s
debuggroup timer 2.91s report unitconvert_decision 0.000 s
debuggroup timer 2.91s report unitconvert_delegate 0.001 s
debuggroup timer 2.91s report unitparse 0.020 s
