debuggroup summary 0.12s welcome to circos v0.67-7 16 Mar 2015 on Perl 5.014002
debuggroup summary 0.12s loading configuration from file circos.conf
debuggroup summary 0.12s found conf file circos.conf
debuggroup summary 0.37s debug will appear for these features: summary,timer
debuggroup summary 0.37s bitmap output image ./circos.png
debuggroup summary 0.37s SVG output image ./circos.svg
debuggroup summary 0.38s parsing karyotype and organizing ideograms
debuggroup summary 0.38s karyotype has 24 chromosomes of total size 9,937,195
debuggroup summary 0.39s applying global and local scaling
debuggroup summary 0.40s allocating image, colors and brushes
debuggroup summary 1.06s drawing 24 ideograms of total size 9,937,195
debuggroup summary 1.06s drawing highlights and ideograms
debuggroup summary 1.06s found conf file /mnt/home/soft/circos/programs/x86_64/0.67-7/bin/../etc/tracks/highlight.bg.conf
debuggroup summary 1.06s process track_0 highlight /mnt/home/users/pab_001_uma/oliastencio/micro_lab3/shewanella_genomes_paper/result/reasig_Pdp11/e_Shewanella_putrefaciens_SH16_micro22/GCF_003030925.1_ASM303092v1_genomic/circos/circos.highlight.txt
debuggroup summary 1.71s found conf file /mnt/home/soft/circos/programs/x86_64/0.67-7/bin/../etc/tracks/link.conf
debuggroup summary 1.71s process track_0 link /mnt/home/users/pab_001_uma/oliastencio/micro_lab3/shewanella_genomes_paper/result/reasig_Pdp11/e_Shewanella_putrefaciens_SH16_micro22/GCF_003030925.1_ASM303092v1_genomic/circos/circos.segdup.txt
debuggroup summary 1.74s drawing link track_0 z 0
debuggroup timer 2.89s report circos 2.771 s
debuggroup timer 2.89s report color 0.540 s
debuggroup timer 2.89s report colorcache 0.007 s
debuggroup timer 2.89s report colordefinitions 0.136 s
debuggroup timer 2.89s report colorfetch 0.016 s
debuggroup timer 2.89s report colorlists 0.018 s
debuggroup timer 2.89s report colorlookups 0.008 s
debuggroup timer 2.89s report colortransparency 0.277 s
debuggroup timer 2.89s report dataparams 0.010 s
debuggroup timer 2.89s report datarules 0.000 s
debuggroup timer 2.89s report graphic_png_polygon 0.041 s
debuggroup timer 2.89s report graphic_slice 0.107 s
debuggroup timer 2.89s report graphic_slice_polygon_coord 0.020 s
debuggroup timer 2.89s report graphic_slice_polygon_svg 0.024 s
debuggroup timer 2.89s report graphic_slice_preprocess 0.018 s
debuggroup timer 2.89s report highlights 0.027 s
debuggroup timer 2.89s report ideograms_draw 0.620 s
debuggroup timer 2.89s report ideograms_processing 0.008 s
debuggroup timer 2.89s report ideograms_ticks_draw 0.385 s
debuggroup timer 2.89s report ideograms_zoom 0.009 s
debuggroup timer 2.89s report io 0.034 s
debuggroup timer 2.89s report karyotype 0.005 s
debuggroup timer 2.89s report parameter_seek 0.088 s
debuggroup timer 2.89s report unitconvert 0.002 s
debuggroup timer 2.89s report unitconvert_decision 0.000 s
debuggroup timer 2.89s report unitconvert_delegate 0.001 s
debuggroup timer 2.89s report unitparse 0.017 s
