debuggroup summary 0.12s welcome to circos v0.67-7 16 Mar 2015 on Perl 5.014002
debuggroup summary 0.12s loading configuration from file circos.conf
debuggroup summary 0.12s found conf file circos.conf
debuggroup summary 0.36s debug will appear for these features: summary,timer
debuggroup summary 0.36s bitmap output image ./circos.png
debuggroup summary 0.36s SVG output image ./circos.svg
debuggroup summary 0.36s parsing karyotype and organizing ideograms
debuggroup summary 0.37s karyotype has 23 chromosomes of total size 9,286,555
debuggroup summary 0.38s applying global and local scaling
debuggroup summary 0.39s allocating image, colors and brushes
debuggroup summary 1.05s drawing 23 ideograms of total size 9,286,555
debuggroup summary 1.05s drawing highlights and ideograms
debuggroup summary 1.05s found conf file /mnt/home/soft/circos/programs/x86_64/0.67-7/bin/../etc/tracks/highlight.bg.conf
debuggroup summary 1.05s process track_0 highlight /mnt/home/users/pab_001_uma/oliastencio/micro_lab3/shewanella_genomes_paper/result/reasig_Pdp11/e_Shewanella_putrefaciens_SdM1/GCF_016406305.1_ASM1640630v1_genomic/circos/circos.highlight.txt
debuggroup summary 1.61s found conf file /mnt/home/soft/circos/programs/x86_64/0.67-7/bin/../etc/tracks/link.conf
debuggroup summary 1.61s process track_0 link /mnt/home/users/pab_001_uma/oliastencio/micro_lab3/shewanella_genomes_paper/result/reasig_Pdp11/e_Shewanella_putrefaciens_SdM1/GCF_016406305.1_ASM1640630v1_genomic/circos/circos.segdup.txt
debuggroup summary 1.64s drawing link track_0 z 0
debuggroup timer 2.63s report circos 2.512 s
debuggroup timer 2.63s report color 0.536 s
debuggroup timer 2.63s report colorcache 0.007 s
debuggroup timer 2.63s report colordefinitions 0.136 s
debuggroup timer 2.63s report colorfetch 0.014 s
debuggroup timer 2.63s report colorlists 0.016 s
debuggroup timer 2.63s report colorlookups 0.008 s
debuggroup timer 2.63s report colortransparency 0.276 s
debuggroup timer 2.63s report dataparams 0.008 s
debuggroup timer 2.63s report datarules 0.000 s
debuggroup timer 2.63s report graphic_png_polygon 0.032 s
debuggroup timer 2.63s report graphic_slice 0.082 s
debuggroup timer 2.63s report graphic_slice_polygon_coord 0.015 s
debuggroup timer 2.63s report graphic_slice_polygon_svg 0.018 s
debuggroup timer 2.63s report graphic_slice_preprocess 0.014 s
debuggroup timer 2.63s report highlights 0.018 s
debuggroup timer 2.63s report ideograms_draw 0.548 s
debuggroup timer 2.63s report ideograms_processing 0.008 s
debuggroup timer 2.63s report ideograms_ticks_draw 0.356 s
debuggroup timer 2.63s report ideograms_zoom 0.008 s
debuggroup timer 2.63s report io 0.026 s
debuggroup timer 2.63s report karyotype 0.005 s
debuggroup timer 2.63s report parameter_seek 0.075 s
debuggroup timer 2.63s report unitconvert 0.002 s
debuggroup timer 2.63s report unitconvert_decision 0.000 s
debuggroup timer 2.63s report unitconvert_delegate 0.001 s
debuggroup timer 2.63s report unitparse 0.016 s
