debuggroup summary 0.12s welcome to circos v0.67-7 16 Mar 2015 on Perl 5.014002
debuggroup summary 0.12s loading configuration from file circos.conf
debuggroup summary 0.12s found conf file circos.conf
debuggroup summary 0.37s debug will appear for these features: summary,timer
debuggroup summary 0.37s bitmap output image ./circos.png
debuggroup summary 0.37s SVG output image ./circos.svg
debuggroup summary 0.37s parsing karyotype and organizing ideograms
debuggroup summary 0.38s karyotype has 29 chromosomes of total size 9,532,167
debuggroup summary 0.39s applying global and local scaling
debuggroup summary 0.40s allocating image, colors and brushes
debuggroup summary 1.07s drawing 29 ideograms of total size 9,532,167
debuggroup summary 1.07s drawing highlights and ideograms
debuggroup summary 1.07s found conf file /mnt/home/soft/circos/programs/x86_64/0.67-7/bin/../etc/tracks/highlight.bg.conf
debuggroup summary 1.07s process track_0 highlight /mnt/home/users/pab_001_uma/oliastencio/micro_lab3/shewanella_genomes_paper/result/reasig_Pdp11/e_Shewanella_putrefaciens_SH4_micro9/GCF_000203935.1_ASM20393v1_genomic/circos/circos.highlight.txt
debuggroup summary 1.74s found conf file /mnt/home/soft/circos/programs/x86_64/0.67-7/bin/../etc/tracks/link.conf
debuggroup summary 1.74s process track_0 link /mnt/home/users/pab_001_uma/oliastencio/micro_lab3/shewanella_genomes_paper/result/reasig_Pdp11/e_Shewanella_putrefaciens_SH4_micro9/GCF_000203935.1_ASM20393v1_genomic/circos/circos.segdup.txt
debuggroup summary 1.77s drawing link track_0 z 0
debuggroup timer 2.90s report circos 2.778 s
debuggroup timer 2.90s report color 0.552 s
debuggroup timer 2.90s report colorcache 0.007 s
debuggroup timer 2.90s report colordefinitions 0.137 s
debuggroup timer 2.90s report colorfetch 0.016 s
debuggroup timer 2.90s report colorlists 0.017 s
debuggroup timer 2.90s report colorlookups 0.008 s
debuggroup timer 2.90s report colortransparency 0.287 s
debuggroup timer 2.90s report dataparams 0.010 s
debuggroup timer 2.90s report datarules 0.000 s
debuggroup timer 2.90s report graphic_png_polygon 0.042 s
debuggroup timer 2.90s report graphic_slice 0.111 s
debuggroup timer 2.90s report graphic_slice_polygon_coord 0.019 s
debuggroup timer 2.90s report graphic_slice_polygon_svg 0.027 s
debuggroup timer 2.90s report graphic_slice_preprocess 0.020 s
debuggroup timer 2.90s report highlights 0.023 s
debuggroup timer 2.90s report ideograms_draw 0.642 s
debuggroup timer 2.90s report ideograms_processing 0.010 s
debuggroup timer 2.90s report ideograms_ticks_draw 0.382 s
debuggroup timer 2.90s report ideograms_zoom 0.010 s
debuggroup timer 2.90s report io 0.031 s
debuggroup timer 2.90s report karyotype 0.006 s
debuggroup timer 2.90s report parameter_seek 0.084 s
debuggroup timer 2.90s report unitconvert 0.002 s
debuggroup timer 2.90s report unitconvert_decision 0.000 s
debuggroup timer 2.90s report unitconvert_delegate 0.001 s
debuggroup timer 2.90s report unitparse 0.021 s
