debuggroup summary 0.13s welcome to circos v0.67-7 16 Mar 2015 on Perl 5.014002
debuggroup summary 0.13s loading configuration from file circos.conf
debuggroup summary 0.13s found conf file circos.conf
debuggroup summary 0.38s debug will appear for these features: summary,timer
debuggroup summary 0.38s bitmap output image ./circos.png
debuggroup summary 0.38s SVG output image ./circos.svg
debuggroup summary 0.39s parsing karyotype and organizing ideograms
debuggroup summary 0.39s karyotype has 28 chromosomes of total size 9,218,963
debuggroup summary 0.40s applying global and local scaling
debuggroup summary 0.42s allocating image, colors and brushes
debuggroup summary 1.08s drawing 28 ideograms of total size 9,218,963
debuggroup summary 1.08s drawing highlights and ideograms
debuggroup summary 1.08s found conf file /mnt/home/soft/circos/programs/x86_64/0.67-7/bin/../etc/tracks/highlight.bg.conf
debuggroup summary 1.08s process track_0 highlight /mnt/home/users/pab_001_uma/oliastencio/micro_lab3/shewanella_genomes_paper/result/reasig_Pdp11/e_Shewanella_putrefaciens_SH9_micro13/GCF_016406325.1_ASM1640632v1_genomic/circos/circos.highlight.txt
debuggroup summary 1.76s found conf file /mnt/home/soft/circos/programs/x86_64/0.67-7/bin/../etc/tracks/link.conf
debuggroup summary 1.76s process track_0 link /mnt/home/users/pab_001_uma/oliastencio/micro_lab3/shewanella_genomes_paper/result/reasig_Pdp11/e_Shewanella_putrefaciens_SH9_micro13/GCF_016406325.1_ASM1640632v1_genomic/circos/circos.segdup.txt
debuggroup summary 1.80s drawing link track_0 z 0
debuggroup timer 2.91s report circos 2.788 s
debuggroup timer 2.91s report color 0.545 s
debuggroup timer 2.91s report colorcache 0.007 s
debuggroup timer 2.91s report colordefinitions 0.139 s
debuggroup timer 2.91s report colorfetch 0.016 s
debuggroup timer 2.91s report colorlists 0.019 s
debuggroup timer 2.91s report colorlookups 0.009 s
debuggroup timer 2.91s report colortransparency 0.277 s
debuggroup timer 2.91s report dataparams 0.011 s
debuggroup timer 2.91s report datarules 0.000 s
debuggroup timer 2.91s report graphic_png_polygon 0.043 s
debuggroup timer 2.91s report graphic_slice 0.117 s
debuggroup timer 2.91s report graphic_slice_polygon_coord 0.018 s
debuggroup timer 2.91s report graphic_slice_polygon_svg 0.028 s
debuggroup timer 2.91s report graphic_slice_preprocess 0.023 s
debuggroup timer 2.91s report highlights 0.028 s
debuggroup timer 2.91s report ideograms_draw 0.649 s
debuggroup timer 2.91s report ideograms_processing 0.010 s
debuggroup timer 2.91s report ideograms_ticks_draw 0.374 s
debuggroup timer 2.91s report ideograms_zoom 0.010 s
debuggroup timer 2.91s report io 0.040 s
debuggroup timer 2.91s report karyotype 0.006 s
debuggroup timer 2.91s report parameter_seek 0.087 s
debuggroup timer 2.91s report unitconvert 0.002 s
debuggroup timer 2.91s report unitconvert_decision 0.000 s
debuggroup timer 2.91s report unitconvert_delegate 0.001 s
debuggroup timer 2.91s report unitparse 0.020 s
