debuggroup summary 0.12s welcome to circos v0.67-7 16 Mar 2015 on Perl 5.014002
debuggroup summary 0.12s loading configuration from file circos.conf
debuggroup summary 0.12s found conf file circos.conf
debuggroup summary 0.38s debug will appear for these features: summary,timer
debuggroup summary 0.38s bitmap output image ./circos.png
debuggroup summary 0.38s SVG output image ./circos.svg
debuggroup summary 0.38s parsing karyotype and organizing ideograms
debuggroup summary 0.38s karyotype has 2 chromosomes of total size 10,023,095
debuggroup summary 0.38s applying global and local scaling
debuggroup summary 0.39s allocating image, colors and brushes
debuggroup summary 1.05s drawing 2 ideograms of total size 10,023,095
debuggroup summary 1.05s drawing highlights and ideograms
debuggroup summary 1.05s found conf file /mnt/home/soft/circos/programs/x86_64/0.67-7/bin/../etc/tracks/highlight.bg.conf
debuggroup summary 1.05s process track_0 highlight /mnt/home/users/pab_001_uma/oliastencio/micro_lab3/shewanella_genomes_paper/result/reasig_Pdp11/e_Pdp11_1/GCF_900636665.1_43781_G01_genomic/circos/circos.highlight.txt
debuggroup summary 1.51s found conf file /mnt/home/soft/circos/programs/x86_64/0.67-7/bin/../etc/tracks/link.conf
debuggroup summary 1.52s process track_0 link /mnt/home/users/pab_001_uma/oliastencio/micro_lab3/shewanella_genomes_paper/result/reasig_Pdp11/e_Pdp11_1/GCF_900636665.1_43781_G01_genomic/circos/circos.segdup.txt
debuggroup summary 1.57s drawing link track_0 z 0
debuggroup timer 3.09s report circos 2.974 s
debuggroup timer 3.09s report color 0.543 s
debuggroup timer 3.09s report colorcache 0.007 s
debuggroup timer 3.09s report colordefinitions 0.135 s
debuggroup timer 3.09s report colorfetch 0.016 s
debuggroup timer 3.09s report colorlists 0.019 s
debuggroup timer 3.09s report colorlookups 0.009 s
debuggroup timer 3.09s report colortransparency 0.278 s
debuggroup timer 3.09s report dataparams 0.012 s
debuggroup timer 3.09s report datarules 0.000 s
debuggroup timer 3.09s report graphic_png_polygon 0.029 s
debuggroup timer 3.09s report graphic_slice 0.063 s
debuggroup timer 3.09s report graphic_slice_polygon_coord 0.013 s
debuggroup timer 3.09s report graphic_slice_polygon_svg 0.011 s
debuggroup timer 3.09s report graphic_slice_preprocess 0.008 s
debuggroup timer 3.09s report highlights 0.014 s
debuggroup timer 3.09s report ideograms_draw 0.446 s
debuggroup timer 3.09s report ideograms_processing 0.001 s
debuggroup timer 3.09s report ideograms_ticks_draw 0.351 s
debuggroup timer 3.09s report ideograms_zoom 0.002 s
debuggroup timer 3.09s report io 0.045 s
debuggroup timer 3.09s report karyotype 0.002 s
debuggroup timer 3.09s report parameter_seek 0.089 s
debuggroup timer 3.09s report unitconvert 0.002 s
debuggroup timer 3.09s report unitconvert_decision 0.000 s
debuggroup timer 3.09s report unitconvert_delegate 0.001 s
debuggroup timer 3.09s report unitparse 0.003 s
