debuggroup summary 0.12s welcome to circos v0.67-7 16 Mar 2015 on Perl 5.014002
debuggroup summary 0.12s loading configuration from file circos.conf
debuggroup summary 0.12s found conf file circos.conf
debuggroup summary 0.36s debug will appear for these features: summary,timer
debuggroup summary 0.36s bitmap output image ./circos.png
debuggroup summary 0.36s SVG output image ./circos.svg
debuggroup summary 0.37s parsing karyotype and organizing ideograms
debuggroup summary 0.37s karyotype has 20 chromosomes of total size 5,059,261
debuggroup summary 0.38s applying global and local scaling
debuggroup summary 0.39s allocating image, colors and brushes
debuggroup summary 1.03s drawing 20 ideograms of total size 5,059,261
debuggroup summary 1.03s drawing highlights and ideograms
debuggroup summary 1.03s found conf file /mnt/home/soft/circos/programs/x86_64/0.67-7/bin/../etc/tracks/highlight.bg.conf
debuggroup summary 1.03s process track_0 highlight /mnt/home/users/pab_001_uma/oliastencio/micro_lab3/shewanella_genomes_paper/result/reasig_Pdp11/e_Shewanella_putrefaciens_SH4_micro9/e_Shewanella_putrefaciens_SdM2/circos/circos.highlight.txt
debuggroup summary 1.35s found conf file /mnt/home/soft/circos/programs/x86_64/0.67-7/bin/../etc/tracks/link.conf
debuggroup summary 1.35s process track_0 link /mnt/home/users/pab_001_uma/oliastencio/micro_lab3/shewanella_genomes_paper/result/reasig_Pdp11/e_Shewanella_putrefaciens_SH4_micro9/e_Shewanella_putrefaciens_SdM2/circos/circos.segdup.txt
debuggroup summary 1.36s drawing link track_0 z 0
debuggroup timer 1.97s report circos 1.847 s
debuggroup timer 1.97s report color 0.521 s
debuggroup timer 1.97s report colorcache 0.006 s
debuggroup timer 1.97s report colordefinitions 0.132 s
debuggroup timer 1.97s report colorfetch 0.007 s
debuggroup timer 1.97s report colorlists 0.016 s
debuggroup timer 1.97s report colorlookups 0.007 s
debuggroup timer 1.97s report colortransparency 0.267 s
debuggroup timer 1.97s report dataparams 0.002 s
debuggroup timer 1.97s report datarules 0.000 s
debuggroup timer 1.97s report graphic_png_polygon 0.018 s
debuggroup timer 1.97s report graphic_slice 0.044 s
debuggroup timer 1.97s report graphic_slice_polygon_coord 0.010 s
debuggroup timer 1.97s report graphic_slice_polygon_svg 0.008 s
debuggroup timer 1.97s report graphic_slice_preprocess 0.006 s
debuggroup timer 1.97s report highlights 0.007 s
debuggroup timer 1.97s report ideograms_draw 0.318 s
debuggroup timer 1.97s report ideograms_processing 0.007 s
debuggroup timer 1.97s report ideograms_ticks_draw 0.202 s
debuggroup timer 1.97s report ideograms_zoom 0.007 s
debuggroup timer 1.97s report io 0.006 s
debuggroup timer 1.97s report karyotype 0.004 s
debuggroup timer 1.97s report parameter_seek 0.035 s
debuggroup timer 1.97s report unitconvert 0.002 s
debuggroup timer 1.97s report unitconvert_decision 0.000 s
debuggroup timer 1.97s report unitconvert_delegate 0.001 s
debuggroup timer 1.97s report unitparse 0.012 s
