debuggroup summary 0.11s welcome to circos v0.67-7 16 Mar 2015 on Perl 5.014002
debuggroup summary 0.11s loading configuration from file circos.conf
debuggroup summary 0.11s found conf file circos.conf
debuggroup summary 0.35s debug will appear for these features: summary,timer
debuggroup summary 0.35s bitmap output image ./circos.png
debuggroup summary 0.35s SVG output image ./circos.svg
debuggroup summary 0.36s parsing karyotype and organizing ideograms
debuggroup summary 0.36s karyotype has 20 chromosomes of total size 4,022,264
debuggroup summary 0.37s applying global and local scaling
debuggroup summary 0.38s allocating image, colors and brushes
debuggroup summary 1.03s drawing 20 ideograms of total size 4,022,264
debuggroup summary 1.03s drawing highlights and ideograms
debuggroup summary 1.03s found conf file /mnt/home/soft/circos/programs/x86_64/0.67-7/bin/../etc/tracks/highlight.bg.conf
debuggroup summary 1.03s process track_0 highlight /mnt/home/users/pab_001_uma/oliastencio/micro_lab3/shewanella_genomes_paper/result/reasig_Pdp11/e_Shewanella_putrefaciens_SH12_micro1/e_Shewanella_putrefaciens_SH6_micro12/circos/circos.highlight.txt
debuggroup summary 1.33s found conf file /mnt/home/soft/circos/programs/x86_64/0.67-7/bin/../etc/tracks/link.conf
debuggroup summary 1.33s process track_0 link /mnt/home/users/pab_001_uma/oliastencio/micro_lab3/shewanella_genomes_paper/result/reasig_Pdp11/e_Shewanella_putrefaciens_SH12_micro1/e_Shewanella_putrefaciens_SH6_micro12/circos/circos.segdup.txt
debuggroup summary 1.33s drawing link track_0 z 0
debuggroup timer 1.93s report circos 1.821 s
debuggroup timer 1.93s report color 0.536 s
debuggroup timer 1.93s report colorcache 0.007 s
debuggroup timer 1.93s report colordefinitions 0.134 s
debuggroup timer 1.93s report colorfetch 0.006 s
debuggroup timer 1.94s report colorlists 0.017 s
debuggroup timer 1.94s report colorlookups 0.008 s
debuggroup timer 1.94s report colortransparency 0.275 s
debuggroup timer 1.94s report dataparams 0.002 s
debuggroup timer 1.94s report datarules 0.000 s
debuggroup timer 1.94s report graphic_png_polygon 0.019 s
debuggroup timer 1.94s report graphic_slice 0.044 s
debuggroup timer 1.94s report graphic_slice_polygon_coord 0.011 s
debuggroup timer 1.94s report graphic_slice_polygon_svg 0.008 s
debuggroup timer 1.94s report graphic_slice_preprocess 0.006 s
debuggroup timer 1.94s report highlights 0.006 s
debuggroup timer 1.94s report ideograms_draw 0.288 s
debuggroup timer 1.94s report ideograms_processing 0.006 s
debuggroup timer 1.94s report ideograms_ticks_draw 0.169 s
debuggroup timer 1.94s report ideograms_zoom 0.007 s
debuggroup timer 1.94s report io 0.005 s
debuggroup timer 1.94s report karyotype 0.004 s
debuggroup timer 1.94s report parameter_seek 0.031 s
debuggroup timer 1.94s report unitconvert 0.002 s
debuggroup timer 1.94s report unitconvert_decision 0.000 s
debuggroup timer 1.94s report unitconvert_delegate 0.001 s
debuggroup timer 1.94s report unitparse 0.013 s
