debuggroup summary 0.11s welcome to circos v0.67-7 16 Mar 2015 on Perl 5.014002
debuggroup summary 0.11s loading configuration from file circos.conf
debuggroup summary 0.11s found conf file circos.conf
debuggroup summary 0.35s debug will appear for these features: summary,timer
debuggroup summary 0.35s bitmap output image ./circos.png
debuggroup summary 0.35s SVG output image ./circos.svg
debuggroup summary 0.36s parsing karyotype and organizing ideograms
debuggroup summary 0.37s karyotype has 67 chromosomes of total size 10,016,908
debuggroup summary 0.40s applying global and local scaling
debuggroup summary 0.42s allocating image, colors and brushes
debuggroup summary 1.07s drawing 67 ideograms of total size 10,016,908
debuggroup summary 1.07s drawing highlights and ideograms
debuggroup summary 1.07s found conf file /mnt/home/soft/circos/programs/x86_64/0.67-7/bin/../etc/tracks/highlight.bg.conf
debuggroup summary 1.07s process track_0 highlight /mnt/home/users/pab_001_uma/oliastencio/micro_lab3/shewanella_genomes_paper/result/reasig_Pdp11/e_Shewanella_putrefaciens_SH9_micro13/e_Shewanella_putrefaciens_SH6_micro12/circos/circos.highlight.txt
debuggroup summary 1.91s found conf file /mnt/home/soft/circos/programs/x86_64/0.67-7/bin/../etc/tracks/link.conf
debuggroup summary 1.91s process track_0 link /mnt/home/users/pab_001_uma/oliastencio/micro_lab3/shewanella_genomes_paper/result/reasig_Pdp11/e_Shewanella_putrefaciens_SH9_micro13/e_Shewanella_putrefaciens_SH6_micro12/circos/circos.segdup.txt
debuggroup summary 1.93s drawing link track_0 z 0
debuggroup timer 2.79s report circos 2.679 s
debuggroup timer 2.79s report color 0.526 s
debuggroup timer 2.79s report colorcache 0.006 s
debuggroup timer 2.79s report colordefinitions 0.132 s
debuggroup timer 2.79s report colorfetch 0.016 s
debuggroup timer 2.79s report colorlists 0.017 s
debuggroup timer 2.79s report colorlookups 0.008 s
debuggroup timer 2.79s report colortransparency 0.270 s
debuggroup timer 2.79s report dataparams 0.006 s
debuggroup timer 2.79s report datarules 0.000 s
debuggroup timer 2.79s report graphic_png_polygon 0.037 s
debuggroup timer 2.79s report graphic_slice 0.108 s
debuggroup timer 2.79s report graphic_slice_polygon_coord 0.019 s
debuggroup timer 2.79s report graphic_slice_polygon_svg 0.027 s
debuggroup timer 2.79s report graphic_slice_preprocess 0.021 s
debuggroup timer 2.79s report highlights 0.018 s
debuggroup timer 2.79s report ideograms_draw 0.830 s
debuggroup timer 2.79s report ideograms_processing 0.028 s
debuggroup timer 2.79s report ideograms_ticks_draw 0.454 s
debuggroup timer 2.79s report ideograms_zoom 0.023 s
debuggroup timer 2.79s report io 0.020 s
debuggroup timer 2.79s report karyotype 0.012 s
debuggroup timer 2.79s report parameter_seek 0.088 s
debuggroup timer 2.79s report unitconvert 0.002 s
debuggroup timer 2.79s report unitconvert_decision 0.000 s
debuggroup timer 2.79s report unitconvert_delegate 0.001 s
debuggroup timer 2.79s report unitparse 0.041 s
