debuggroup summary 0.12s welcome to circos v0.67-7 16 Mar 2015 on Perl 5.014002
debuggroup summary 0.12s loading configuration from file circos.conf
debuggroup summary 0.12s found conf file circos.conf
debuggroup summary 0.36s debug will appear for these features: summary,timer
debuggroup summary 0.37s bitmap output image ./circos.png
debuggroup summary 0.37s SVG output image ./circos.svg
debuggroup summary 0.37s parsing karyotype and organizing ideograms
debuggroup summary 0.37s karyotype has 19 chromosomes of total size 9,318,265
debuggroup summary 0.38s applying global and local scaling
debuggroup summary 0.39s allocating image, colors and brushes
debuggroup summary 1.03s drawing 19 ideograms of total size 9,318,265
debuggroup summary 1.03s drawing highlights and ideograms
debuggroup summary 1.03s found conf file /mnt/home/soft/circos/programs/x86_64/0.67-7/bin/../etc/tracks/highlight.bg.conf
debuggroup summary 1.04s process track_0 highlight /mnt/home/users/pab_001_uma/oliastencio/micro_lab3/shewanella_genomes_paper/result/reasig_Pdp11/e_Shewanella_putrefaciens_SdM2/GCF_002838165.1_ASM283816v1_genomic/circos/circos.highlight.txt
debuggroup summary 1.57s found conf file /mnt/home/soft/circos/programs/x86_64/0.67-7/bin/../etc/tracks/link.conf
debuggroup summary 1.57s process track_0 link /mnt/home/users/pab_001_uma/oliastencio/micro_lab3/shewanella_genomes_paper/result/reasig_Pdp11/e_Shewanella_putrefaciens_SdM2/GCF_002838165.1_ASM283816v1_genomic/circos/circos.segdup.txt
debuggroup summary 1.60s drawing link track_0 z 0
debuggroup timer 2.61s report circos 2.488 s
debuggroup timer 2.61s report color 0.530 s
debuggroup timer 2.61s report colorcache 0.006 s
debuggroup timer 2.61s report colordefinitions 0.137 s
debuggroup timer 2.61s report colorfetch 0.013 s
debuggroup timer 2.61s report colorlists 0.015 s
debuggroup timer 2.61s report colorlookups 0.008 s
debuggroup timer 2.61s report colortransparency 0.272 s
debuggroup timer 2.61s report dataparams 0.009 s
debuggroup timer 2.61s report datarules 0.000 s
debuggroup timer 2.61s report graphic_png_polygon 0.033 s
debuggroup timer 2.61s report graphic_slice 0.083 s
debuggroup timer 2.61s report graphic_slice_polygon_coord 0.015 s
debuggroup timer 2.61s report graphic_slice_polygon_svg 0.018 s
debuggroup timer 2.61s report graphic_slice_preprocess 0.014 s
debuggroup timer 2.61s report highlights 0.020 s
debuggroup timer 2.61s report ideograms_draw 0.516 s
debuggroup timer 2.61s report ideograms_processing 0.006 s
debuggroup timer 2.61s report ideograms_ticks_draw 0.337 s
debuggroup timer 2.61s report ideograms_zoom 0.007 s
debuggroup timer 2.61s report io 0.029 s
debuggroup timer 2.61s report karyotype 0.004 s
debuggroup timer 2.61s report parameter_seek 0.075 s
debuggroup timer 2.61s report unitconvert 0.002 s
debuggroup timer 2.61s report unitconvert_decision 0.000 s
debuggroup timer 2.61s report unitconvert_delegate 0.001 s
debuggroup timer 2.61s report unitparse 0.013 s
