debuggroup summary 0.12s welcome to circos v0.67-7 16 Mar 2015 on Perl 5.014002
debuggroup summary 0.12s loading configuration from file circos.conf
debuggroup summary 0.12s found conf file circos.conf
debuggroup summary 0.36s debug will appear for these features: summary,timer
debuggroup summary 0.36s bitmap output image ./circos.png
debuggroup summary 0.36s SVG output image ./circos.svg
debuggroup summary 0.37s parsing karyotype and organizing ideograms
debuggroup summary 0.37s karyotype has 27 chromosomes of total size 9,911,611
debuggroup summary 0.38s applying global and local scaling
debuggroup summary 0.39s allocating image, colors and brushes
debuggroup summary 1.05s drawing 27 ideograms of total size 9,911,611
debuggroup summary 1.05s drawing highlights and ideograms
debuggroup summary 1.05s found conf file /mnt/home/soft/circos/programs/x86_64/0.67-7/bin/../etc/tracks/highlight.bg.conf
debuggroup summary 1.05s process track_0 highlight /mnt/home/users/pab_001_uma/oliastencio/micro_lab3/shewanella_genomes_paper/result/reasig_Pdp11/e_Shewanella_putrefaciens_SH6_micro12/GCF_003030925.1_ASM303092v1_genomic/circos/circos.highlight.txt
debuggroup summary 1.69s found conf file /mnt/home/soft/circos/programs/x86_64/0.67-7/bin/../etc/tracks/link.conf
debuggroup summary 1.69s process track_0 link /mnt/home/users/pab_001_uma/oliastencio/micro_lab3/shewanella_genomes_paper/result/reasig_Pdp11/e_Shewanella_putrefaciens_SH6_micro12/GCF_003030925.1_ASM303092v1_genomic/circos/circos.segdup.txt
debuggroup summary 1.72s drawing link track_0 z 0
debuggroup timer 2.84s report circos 2.716 s
debuggroup timer 2.84s report color 0.533 s
debuggroup timer 2.84s report colorcache 0.006 s
debuggroup timer 2.84s report colordefinitions 0.134 s
debuggroup timer 2.84s report colorfetch 0.015 s
debuggroup timer 2.84s report colorlists 0.015 s
debuggroup timer 2.84s report colorlookups 0.007 s
debuggroup timer 2.84s report colortransparency 0.278 s
debuggroup timer 2.84s report dataparams 0.010 s
debuggroup timer 2.84s report datarules 0.000 s
debuggroup timer 2.84s report graphic_png_polygon 0.040 s
debuggroup timer 2.84s report graphic_slice 0.105 s
debuggroup timer 2.84s report graphic_slice_polygon_coord 0.020 s
debuggroup timer 2.84s report graphic_slice_polygon_svg 0.023 s
debuggroup timer 2.84s report graphic_slice_preprocess 0.019 s
debuggroup timer 2.84s report highlights 0.024 s
debuggroup timer 2.84s report ideograms_draw 0.616 s
debuggroup timer 2.84s report ideograms_processing 0.009 s
debuggroup timer 2.84s report ideograms_ticks_draw 0.374 s
debuggroup timer 2.84s report ideograms_zoom 0.010 s
debuggroup timer 2.84s report io 0.035 s
debuggroup timer 2.84s report karyotype 0.006 s
debuggroup timer 2.84s report parameter_seek 0.086 s
debuggroup timer 2.84s report unitconvert 0.002 s
debuggroup timer 2.84s report unitconvert_decision 0.000 s
debuggroup timer 2.84s report unitconvert_delegate 0.001 s
debuggroup timer 2.84s report unitparse 0.019 s
