debuggroup summary 0.12s welcome to circos v0.67-7 16 Mar 2015 on Perl 5.014002
debuggroup summary 0.12s loading configuration from file circos.conf
debuggroup summary 0.12s found conf file circos.conf
debuggroup summary 0.36s debug will appear for these features: summary,timer
debuggroup summary 0.36s bitmap output image ./circos.png
debuggroup summary 0.36s SVG output image ./circos.svg
debuggroup summary 0.37s parsing karyotype and organizing ideograms
debuggroup summary 0.37s karyotype has 29 chromosomes of total size 9,843,227
debuggroup summary 0.38s applying global and local scaling
debuggroup summary 0.40s allocating image, colors and brushes
debuggroup summary 1.05s drawing 29 ideograms of total size 9,843,227
debuggroup summary 1.05s drawing highlights and ideograms
debuggroup summary 1.05s found conf file /mnt/home/soft/circos/programs/x86_64/0.67-7/bin/../etc/tracks/highlight.bg.conf
debuggroup summary 1.05s process track_0 highlight /mnt/home/users/pab_001_uma/oliastencio/micro_lab3/shewanella_genomes_paper/result/reasig_Pdp11/e_Shewanella_putrefaciens_SdM1/GCF_000169215.2_ASM16921v2_genomic/circos/circos.highlight.txt
debuggroup summary 1.79s found conf file /mnt/home/soft/circos/programs/x86_64/0.67-7/bin/../etc/tracks/link.conf
debuggroup summary 1.79s process track_0 link /mnt/home/users/pab_001_uma/oliastencio/micro_lab3/shewanella_genomes_paper/result/reasig_Pdp11/e_Shewanella_putrefaciens_SdM1/GCF_000169215.2_ASM16921v2_genomic/circos/circos.segdup.txt
debuggroup summary 1.83s drawing link track_0 z 0
debuggroup timer 3.02s report circos 2.902 s
debuggroup timer 3.02s report color 0.533 s
debuggroup timer 3.02s report colorcache 0.007 s
debuggroup timer 3.02s report colordefinitions 0.134 s
debuggroup timer 3.02s report colorfetch 0.018 s
debuggroup timer 3.02s report colorlists 0.017 s
debuggroup timer 3.02s report colorlookups 0.008 s
debuggroup timer 3.02s report colortransparency 0.274 s
debuggroup timer 3.02s report dataparams 0.012 s
debuggroup timer 3.02s report datarules 0.000 s
debuggroup timer 3.02s report graphic_png_polygon 0.049 s
debuggroup timer 3.02s report graphic_slice 0.134 s
debuggroup timer 3.02s report graphic_slice_polygon_coord 0.020 s
debuggroup timer 3.02s report graphic_slice_polygon_svg 0.033 s
debuggroup timer 3.02s report graphic_slice_preprocess 0.028 s
debuggroup timer 3.02s report highlights 0.029 s
debuggroup timer 3.02s report ideograms_draw 0.711 s
debuggroup timer 3.02s report ideograms_processing 0.010 s
debuggroup timer 3.02s report ideograms_ticks_draw 0.405 s
debuggroup timer 3.02s report ideograms_zoom 0.010 s
debuggroup timer 3.02s report io 0.039 s
debuggroup timer 3.02s report karyotype 0.006 s
debuggroup timer 3.02s report parameter_seek 0.093 s
debuggroup timer 3.02s report unitconvert 0.002 s
debuggroup timer 3.02s report unitconvert_decision 0.000 s
debuggroup timer 3.02s report unitconvert_delegate 0.001 s
debuggroup timer 3.02s report unitparse 0.021 s
