debuggroup summary 0.11s welcome to circos v0.67-7 16 Mar 2015 on Perl 5.014002
debuggroup summary 0.11s loading configuration from file circos.conf
debuggroup summary 0.11s found conf file circos.conf
debuggroup summary 0.36s debug will appear for these features: summary,timer
debuggroup summary 0.36s bitmap output image ./circos.png
debuggroup summary 0.36s SVG output image ./circos.svg
debuggroup summary 0.36s parsing karyotype and organizing ideograms
debuggroup summary 0.36s karyotype has 3 chromosomes of total size 10,105,124
debuggroup summary 0.36s applying global and local scaling
debuggroup summary 0.37s allocating image, colors and brushes
debuggroup summary 1.03s drawing 3 ideograms of total size 10,105,124
debuggroup summary 1.03s drawing highlights and ideograms
debuggroup summary 1.03s found conf file /mnt/home/soft/circos/programs/x86_64/0.67-7/bin/../etc/tracks/highlight.bg.conf
debuggroup summary 1.03s process track_0 highlight /mnt/home/users/pab_001_uma/oliastencio/micro_lab3/shewanella_genomes_paper/result/reasig_Pdp11/e_Pdp11_1/GCF_000146165.2_ASM14616v2_genomic/circos/circos.highlight.txt
debuggroup summary 1.48s found conf file /mnt/home/soft/circos/programs/x86_64/0.67-7/bin/../etc/tracks/link.conf
debuggroup summary 1.48s process track_0 link /mnt/home/users/pab_001_uma/oliastencio/micro_lab3/shewanella_genomes_paper/result/reasig_Pdp11/e_Pdp11_1/GCF_000146165.2_ASM14616v2_genomic/circos/circos.segdup.txt
debuggroup summary 1.54s drawing link track_0 z 0
debuggroup timer 2.99s report circos 2.872 s
debuggroup timer 2.99s report color 0.545 s
debuggroup timer 2.99s report colorcache 0.007 s
debuggroup timer 2.99s report colordefinitions 0.134 s
debuggroup timer 2.99s report colorfetch 0.016 s
debuggroup timer 2.99s report colorlists 0.021 s
debuggroup timer 2.99s report colorlookups 0.009 s
debuggroup timer 2.99s report colortransparency 0.278 s
debuggroup timer 2.99s report dataparams 0.011 s
debuggroup timer 2.99s report datarules 0.000 s
debuggroup timer 2.99s report graphic_png_polygon 0.026 s
debuggroup timer 2.99s report graphic_slice 0.053 s
debuggroup timer 2.99s report graphic_slice_polygon_coord 0.012 s
debuggroup timer 2.99s report graphic_slice_polygon_svg 0.009 s
debuggroup timer 2.99s report graphic_slice_preprocess 0.006 s
debuggroup timer 2.99s report highlights 0.012 s
debuggroup timer 2.99s report ideograms_draw 0.440 s
debuggroup timer 2.99s report ideograms_processing 0.002 s
debuggroup timer 2.99s report ideograms_ticks_draw 0.357 s
debuggroup timer 2.99s report ideograms_zoom 0.002 s
debuggroup timer 2.99s report io 0.040 s
debuggroup timer 2.99s report karyotype 0.002 s
debuggroup timer 2.99s report parameter_seek 0.084 s
debuggroup timer 2.99s report unitconvert 0.002 s
debuggroup timer 2.99s report unitconvert_decision 0.000 s
debuggroup timer 2.99s report unitconvert_delegate 0.001 s
debuggroup timer 2.99s report unitparse 0.004 s
