debuggroup summary 0.11s welcome to circos v0.67-7 16 Mar 2015 on Perl 5.014002
debuggroup summary 0.11s loading configuration from file circos.conf
debuggroup summary 0.11s found conf file circos.conf
debuggroup summary 0.36s debug will appear for these features: summary,timer
debuggroup summary 0.36s bitmap output image ./circos.png
debuggroup summary 0.36s SVG output image ./circos.svg
debuggroup summary 0.36s parsing karyotype and organizing ideograms
debuggroup summary 0.36s karyotype has 2 chromosomes of total size 5,309,602
debuggroup summary 0.36s applying global and local scaling
debuggroup summary 0.37s allocating image, colors and brushes
debuggroup summary 1.04s drawing 2 ideograms of total size 5,309,602
debuggroup summary 1.04s drawing highlights and ideograms
debuggroup summary 1.04s found conf file /mnt/home/soft/circos/programs/x86_64/0.67-7/bin/../etc/tracks/highlight.bg.conf
debuggroup summary 1.04s process track_0 highlight /mnt/home/users/pab_001_uma/oliastencio/micro_lab3/shewanella_genomes_paper/result/reasig_Pdp11/e_Shewanella_putrefaciens_SH4_micro9/GCF_016757755.1_ASM1675775v1_genomic/circos/circos.highlight.txt
debuggroup summary 1.27s found conf file /mnt/home/soft/circos/programs/x86_64/0.67-7/bin/../etc/tracks/link.conf
debuggroup summary 1.27s process track_0 link /mnt/home/users/pab_001_uma/oliastencio/micro_lab3/shewanella_genomes_paper/result/reasig_Pdp11/e_Shewanella_putrefaciens_SH4_micro9/GCF_016757755.1_ASM1675775v1_genomic/circos/circos.segdup.txt
debuggroup summary 1.29s drawing link track_0 z 0
debuggroup timer 2.05s report circos 1.937 s
debuggroup timer 2.05s report color 0.549 s
debuggroup timer 2.05s report colorcache 0.007 s
debuggroup timer 2.05s report colordefinitions 0.137 s
debuggroup timer 2.05s report colorfetch 0.007 s
debuggroup timer 2.05s report colorlists 0.021 s
debuggroup timer 2.05s report colorlookups 0.010 s
debuggroup timer 2.05s report colortransparency 0.280 s
debuggroup timer 2.05s report dataparams 0.003 s
debuggroup timer 2.05s report datarules 0.000 s
debuggroup timer 2.05s report graphic_png_polygon 0.019 s
debuggroup timer 2.05s report graphic_slice 0.032 s
debuggroup timer 2.05s report graphic_slice_polygon_coord 0.010 s
debuggroup timer 2.05s report graphic_slice_polygon_svg 0.002 s
debuggroup timer 2.05s report graphic_slice_preprocess 0.002 s
debuggroup timer 2.05s report highlights 0.004 s
debuggroup timer 2.05s report ideograms_draw 0.233 s
debuggroup timer 2.05s report ideograms_processing 0.001 s
debuggroup timer 2.05s report ideograms_ticks_draw 0.190 s
debuggroup timer 2.05s report ideograms_zoom 0.001 s
debuggroup timer 2.05s report io 0.011 s
debuggroup timer 2.05s report karyotype 0.002 s
debuggroup timer 2.05s report parameter_seek 0.035 s
debuggroup timer 2.05s report unitconvert 0.002 s
debuggroup timer 2.05s report unitconvert_decision 0.000 s
debuggroup timer 2.05s report unitconvert_delegate 0.001 s
debuggroup timer 2.05s report unitparse 0.003 s
