debuggroup summary 0.12s welcome to circos v0.67-7 16 Mar 2015 on Perl 5.014002
debuggroup summary 0.12s loading configuration from file circos.conf
debuggroup summary 0.12s found conf file circos.conf
debuggroup summary 0.38s debug will appear for these features: summary,timer
debuggroup summary 0.38s bitmap output image ./circos.png
debuggroup summary 0.38s SVG output image ./circos.svg
debuggroup summary 0.38s parsing karyotype and organizing ideograms
debuggroup summary 0.38s karyotype has 5 chromosomes of total size 4,776,639
debuggroup summary 0.39s applying global and local scaling
debuggroup summary 0.39s allocating image, colors and brushes
debuggroup summary 1.06s drawing 5 ideograms of total size 4,776,639
debuggroup summary 1.06s drawing highlights and ideograms
debuggroup summary 1.06s found conf file /mnt/home/soft/circos/programs/x86_64/0.67-7/bin/../etc/tracks/highlight.bg.conf
debuggroup summary 1.07s process track_0 highlight /mnt/home/users/pab_001_uma/oliastencio/micro_lab3/shewanella_genomes_paper/result/reasig_Pdp11/e_Shewanella_putrefaciens_SH16_micro22/GCF_002215585.1_ASM221558v1_genomic/circos/circos.highlight.txt
debuggroup summary 1.30s found conf file /mnt/home/soft/circos/programs/x86_64/0.67-7/bin/../etc/tracks/link.conf
debuggroup summary 1.30s process track_0 link /mnt/home/users/pab_001_uma/oliastencio/micro_lab3/shewanella_genomes_paper/result/reasig_Pdp11/e_Shewanella_putrefaciens_SH16_micro22/GCF_002215585.1_ASM221558v1_genomic/circos/circos.segdup.txt
debuggroup summary 1.31s drawing link track_0 z 0
debuggroup timer 2.03s report circos 1.907 s
debuggroup timer 2.03s report color 0.555 s
debuggroup timer 2.03s report colorcache 0.007 s
debuggroup timer 2.03s report colordefinitions 0.149 s
debuggroup timer 2.03s report colorfetch 0.006 s
debuggroup timer 2.03s report colorlists 0.017 s
debuggroup timer 2.03s report colorlookups 0.009 s
debuggroup timer 2.03s report colortransparency 0.277 s
debuggroup timer 2.03s report dataparams 0.002 s
debuggroup timer 2.03s report datarules 0.000 s
debuggroup timer 2.03s report graphic_png_polygon 0.018 s
debuggroup timer 2.03s report graphic_slice 0.033 s
debuggroup timer 2.03s report graphic_slice_polygon_coord 0.009 s
debuggroup timer 2.03s report graphic_slice_polygon_svg 0.003 s
debuggroup timer 2.03s report graphic_slice_preprocess 0.002 s
debuggroup timer 2.03s report highlights 0.004 s
debuggroup timer 2.03s report ideograms_draw 0.227 s
debuggroup timer 2.03s report ideograms_processing 0.002 s
debuggroup timer 2.03s report ideograms_ticks_draw 0.173 s
debuggroup timer 2.03s report ideograms_zoom 0.003 s
debuggroup timer 2.03s report io 0.009 s
debuggroup timer 2.03s report karyotype 0.002 s
debuggroup timer 2.03s report parameter_seek 0.031 s
debuggroup timer 2.03s report unitconvert 0.002 s
debuggroup timer 2.03s report unitconvert_decision 0.000 s
debuggroup timer 2.03s report unitconvert_delegate 0.001 s
debuggroup timer 2.03s report unitparse 0.005 s
