debuggroup summary 0.12s welcome to circos v0.67-7 16 Mar 2015 on Perl 5.014002
debuggroup summary 0.12s loading configuration from file circos.conf
debuggroup summary 0.12s found conf file circos.conf
debuggroup summary 0.37s debug will appear for these features: summary,timer
debuggroup summary 0.37s bitmap output image ./circos.png
debuggroup summary 0.37s SVG output image ./circos.svg
debuggroup summary 0.37s parsing karyotype and organizing ideograms
debuggroup summary 0.37s karyotype has 24 chromosomes of total size 4,880,260
debuggroup summary 0.38s applying global and local scaling
debuggroup summary 0.39s allocating image, colors and brushes
debuggroup summary 1.06s drawing 24 ideograms of total size 4,880,260
debuggroup summary 1.06s drawing highlights and ideograms
debuggroup summary 1.06s found conf file /mnt/home/soft/circos/programs/x86_64/0.67-7/bin/../etc/tracks/highlight.bg.conf
debuggroup summary 1.06s process track_0 highlight /mnt/home/users/pab_001_uma/oliastencio/micro_lab3/shewanella_genomes_paper/result/reasig_Pdp11/e_Shewanella_putrefaciens_SH4_micro9/e_Shewanella_putrefaciens_SdM1/circos/circos.highlight.txt
debuggroup summary 1.42s found conf file /mnt/home/soft/circos/programs/x86_64/0.67-7/bin/../etc/tracks/link.conf
debuggroup summary 1.42s process track_0 link /mnt/home/users/pab_001_uma/oliastencio/micro_lab3/shewanella_genomes_paper/result/reasig_Pdp11/e_Shewanella_putrefaciens_SH4_micro9/e_Shewanella_putrefaciens_SdM1/circos/circos.segdup.txt
debuggroup summary 1.42s drawing link track_0 z 0
debuggroup timer 2.03s report circos 1.914 s
debuggroup timer 2.03s report color 0.547 s
debuggroup timer 2.03s report colorcache 0.007 s
debuggroup timer 2.03s report colordefinitions 0.137 s
debuggroup timer 2.03s report colorfetch 0.007 s
debuggroup timer 2.03s report colorlists 0.017 s
debuggroup timer 2.03s report colorlookups 0.008 s
debuggroup timer 2.03s report colortransparency 0.285 s
debuggroup timer 2.03s report dataparams 0.002 s
debuggroup timer 2.03s report datarules 0.000 s
debuggroup timer 2.03s report graphic_png_polygon 0.018 s
debuggroup timer 2.03s report graphic_slice 0.045 s
debuggroup timer 2.03s report graphic_slice_polygon_coord 0.010 s
debuggroup timer 2.03s report graphic_slice_polygon_svg 0.009 s
debuggroup timer 2.03s report graphic_slice_preprocess 0.007 s
debuggroup timer 2.03s report highlights 0.007 s
debuggroup timer 2.03s report ideograms_draw 0.350 s
debuggroup timer 2.03s report ideograms_processing 0.008 s
debuggroup timer 2.03s report ideograms_ticks_draw 0.214 s
debuggroup timer 2.03s report ideograms_zoom 0.009 s
debuggroup timer 2.03s report io 0.006 s
debuggroup timer 2.03s report karyotype 0.005 s
debuggroup timer 2.03s report parameter_seek 0.037 s
debuggroup timer 2.03s report unitconvert 0.002 s
debuggroup timer 2.03s report unitconvert_decision 0.000 s
debuggroup timer 2.03s report unitconvert_delegate 0.001 s
debuggroup timer 2.03s report unitparse 0.016 s
