debuggroup summary 0.12s welcome to circos v0.67-7 16 Mar 2015 on Perl 5.014002
debuggroup summary 0.12s loading configuration from file circos.conf
debuggroup summary 0.12s found conf file circos.conf
debuggroup summary 0.37s debug will appear for these features: summary,timer
debuggroup summary 0.37s bitmap output image ./circos.png
debuggroup summary 0.37s SVG output image ./circos.svg
debuggroup summary 0.37s parsing karyotype and organizing ideograms
debuggroup summary 0.38s karyotype has 74 chromosomes of total size 10,015,686
debuggroup summary 0.42s applying global and local scaling
debuggroup summary 0.45s allocating image, colors and brushes
debuggroup summary 1.13s drawing 74 ideograms of total size 10,015,686
debuggroup summary 1.13s drawing highlights and ideograms
debuggroup summary 1.13s found conf file /mnt/home/soft/circos/programs/x86_64/0.67-7/bin/../etc/tracks/highlight.bg.conf
debuggroup summary 1.13s process track_0 highlight /mnt/home/users/pab_001_uma/oliastencio/micro_lab3/shewanella_genomes_paper/result/reasig_Pdp11/e_Shewanella_putrefaciens_SH9_micro13/e_Shewanella_putrefaciens_SH9_micro13/circos/circos.highlight.txt
debuggroup summary 2.04s found conf file /mnt/home/soft/circos/programs/x86_64/0.67-7/bin/../etc/tracks/link.conf
debuggroup summary 2.04s process track_0 link /mnt/home/users/pab_001_uma/oliastencio/micro_lab3/shewanella_genomes_paper/result/reasig_Pdp11/e_Shewanella_putrefaciens_SH9_micro13/e_Shewanella_putrefaciens_SH9_micro13/circos/circos.segdup.txt
debuggroup summary 2.06s drawing link track_0 z 0
debuggroup timer 2.97s report circos 2.853 s
debuggroup timer 2.97s report color 0.561 s
debuggroup timer 2.97s report colorcache 0.012 s
debuggroup timer 2.97s report colordefinitions 0.135 s
debuggroup timer 2.97s report colorfetch 0.018 s
debuggroup timer 2.97s report colorlists 0.025 s
debuggroup timer 2.97s report colorlookups 0.008 s
debuggroup timer 2.97s report colortransparency 0.289 s
debuggroup timer 2.97s report dataparams 0.006 s
debuggroup timer 2.97s report datarules 0.000 s
debuggroup timer 2.97s report graphic_png_polygon 0.038 s
debuggroup timer 2.97s report graphic_slice 0.112 s
debuggroup timer 2.97s report graphic_slice_polygon_coord 0.019 s
debuggroup timer 2.97s report graphic_slice_polygon_svg 0.030 s
debuggroup timer 2.97s report graphic_slice_preprocess 0.022 s
debuggroup timer 2.97s report highlights 0.018 s
debuggroup timer 2.97s report ideograms_draw 0.887 s
debuggroup timer 2.97s report ideograms_processing 0.034 s
debuggroup timer 2.97s report ideograms_ticks_draw 0.474 s
debuggroup timer 2.97s report ideograms_zoom 0.027 s
debuggroup timer 2.97s report io 0.021 s
debuggroup timer 2.97s report karyotype 0.013 s
debuggroup timer 2.97s report parameter_seek 0.090 s
debuggroup timer 2.97s report unitconvert 0.002 s
debuggroup timer 2.97s report unitconvert_decision 0.000 s
debuggroup timer 2.97s report unitconvert_delegate 0.001 s
debuggroup timer 2.97s report unitparse 0.046 s
