debuggroup summary 0.12s welcome to circos v0.67-7 16 Mar 2015 on Perl 5.014002
debuggroup summary 0.12s loading configuration from file circos.conf
debuggroup summary 0.12s found conf file circos.conf
debuggroup summary 0.36s debug will appear for these features: summary,timer
debuggroup summary 0.36s bitmap output image ./circos.png
debuggroup summary 0.36s SVG output image ./circos.svg
debuggroup summary 0.36s parsing karyotype and organizing ideograms
debuggroup summary 0.37s karyotype has 12 chromosomes of total size 7,234,032
debuggroup summary 0.37s applying global and local scaling
debuggroup summary 0.38s allocating image, colors and brushes
debuggroup summary 1.03s drawing 12 ideograms of total size 7,234,032
debuggroup summary 1.03s drawing highlights and ideograms
debuggroup summary 1.03s found conf file /mnt/home/soft/circos/programs/x86_64/0.67-7/bin/../etc/tracks/highlight.bg.conf
debuggroup summary 1.03s process track_0 highlight /mnt/home/users/pab_001_uma/oliastencio/micro_lab3/shewanella_genomes_paper/result/reasig_Pdp11/e_Shewanella_putrefaciens_SH6_micro12/GCF_000014665.1_ASM1466v1_genomic/circos/circos.highlight.txt
debuggroup summary 1.41s found conf file /mnt/home/soft/circos/programs/x86_64/0.67-7/bin/../etc/tracks/link.conf
debuggroup summary 1.42s process track_0 link /mnt/home/users/pab_001_uma/oliastencio/micro_lab3/shewanella_genomes_paper/result/reasig_Pdp11/e_Shewanella_putrefaciens_SH6_micro12/GCF_000014665.1_ASM1466v1_genomic/circos/circos.segdup.txt
debuggroup summary 1.43s drawing link track_0 z 0
debuggroup timer 2.28s report circos 2.167 s
debuggroup timer 2.28s report color 0.530 s
debuggroup timer 2.28s report colorcache 0.007 s
debuggroup timer 2.28s report colordefinitions 0.133 s
debuggroup timer 2.28s report colorfetch 0.010 s
debuggroup timer 2.28s report colorlists 0.016 s
debuggroup timer 2.28s report colorlookups 0.008 s
debuggroup timer 2.28s report colortransparency 0.272 s
debuggroup timer 2.28s report dataparams 0.004 s
debuggroup timer 2.28s report datarules 0.000 s
debuggroup timer 2.28s report graphic_png_polygon 0.023 s
debuggroup timer 2.28s report graphic_slice 0.049 s
debuggroup timer 2.28s report graphic_slice_polygon_coord 0.011 s
debuggroup timer 2.28s report graphic_slice_polygon_svg 0.008 s
debuggroup timer 2.28s report graphic_slice_preprocess 0.006 s
debuggroup timer 2.28s report highlights 0.008 s
debuggroup timer 2.28s report ideograms_draw 0.381 s
debuggroup timer 2.28s report ideograms_processing 0.004 s
debuggroup timer 2.28s report ideograms_ticks_draw 0.275 s
debuggroup timer 2.28s report ideograms_zoom 0.005 s
debuggroup timer 2.28s report io 0.015 s
debuggroup timer 2.28s report karyotype 0.003 s
debuggroup timer 2.28s report parameter_seek 0.051 s
debuggroup timer 2.28s report unitconvert 0.002 s
debuggroup timer 2.28s report unitconvert_decision 0.000 s
debuggroup timer 2.28s report unitconvert_delegate 0.001 s
debuggroup timer 2.28s report unitparse 0.009 s
